#! /usr/bin/vvp
:ivl_version "11.0 (stable)";
:ivl_delay_selection "TYPICAL";
:vpi_time_precision - 12;
:vpi_module "/usr/lib/x86_64-linux-gnu/ivl/system.vpi";
:vpi_module "/usr/lib/x86_64-linux-gnu/ivl/vhdl_sys.vpi";
:vpi_module "/usr/lib/x86_64-linux-gnu/ivl/vhdl_textio.vpi";
:vpi_module "/usr/lib/x86_64-linux-gnu/ivl/v2005_math.vpi";
:vpi_module "/usr/lib/x86_64-linux-gnu/ivl/va_math.vpi";
:vpi_module "/usr/lib/x86_64-linux-gnu/ivl/v2009.vpi";
S_0x56201b2b26b0 .scope package, "$unit" "$unit" 2 1;
 .timescale 0 0;
S_0x56201b2f5730 .scope module, "top_level_tb" "top_level_tb" 3 4;
 .timescale -9 -12;
v0x56201b326c20_0 .var "clk_100mhz", 0 0;
v0x56201b326ce0_0 .var "eth_busy", 0 0;
v0x56201b326da0_0 .net "eth_data", 7 0, v0x56201b325c40_0;  1 drivers
v0x56201b326ea0_0 .net "eth_data_valid", 0 0, v0x56201b3269c0_0;  1 drivers
v0x56201b326f70_0 .net "eth_send_data", 0 0, v0x56201b326740_0;  1 drivers
v0x56201b327060_0 .net "packet_timestamp", 31 0, v0x56201b3227c0_0;  1 drivers
v0x56201b327100_0 .var "rst", 0 0;
v0x56201b3271a0_0 .net "rtp_payload_size", 15 0, v0x56201b324180_0;  1 drivers
v0x56201b327290_0 .net "rtp_prepare_for_data", 0 0, v0x56201b324350_0;  1 drivers
v0x56201b327330_0 .net "rtp_ready_for_data", 0 0, v0x56201b3262b0_0;  1 drivers
v0x56201b327420_0 .net "stream", 0 0, v0x56201b324920_0;  1 drivers
v0x56201b327510_0 .net "stream_valid", 0 0, v0x56201b3249e0_0;  1 drivers
S_0x56201b2f7f60 .scope module, "packetizer_m" "packetizer" 3 28, 4 1 0, S_0x56201b2f5730;
 .timescale -9 -12;
    .port_info 0 /INPUT 1 "rst";
    .port_info 1 /INPUT 1 "clk_100mhz";
    .port_info 2 /OUTPUT 1 "stream_out";
    .port_info 3 /OUTPUT 1 "stream_out_valid";
    .port_info 4 /INPUT 1 "ready_out";
    .port_info 5 /OUTPUT 1 "prepare_out";
    .port_info 6 /OUTPUT 16 "packet_nbits";
    .port_info 7 /OUTPUT 32 "packet_timestamp";
    .port_info 8 /INPUT 1 "eth_busy";
P_0x56201b2c0000 .param/l "has_intra" 1 4 42, C4<1>;
P_0x56201b2c0040 .param/l "has_motion" 1 4 43, C4<0>;
P_0x56201b2c0080 .param/l "header_length" 1 4 38, C4<0000000000100000>;
P_0x56201b2c00c0 .param/l "start_bit" 1 4 39, C4<000>;
enum0x56201b1de4e0 .enum2/s (32)
   "IDLE" 0,
   "PREPARING" 1,
   "HEADER" 2,
   "DATA" 3,
   "FINISH" 4
 ;
o0x7fa6df4ba028 .functor BUFZ 1, C4<z>; HiZ drive
v0x56201b322c70_0 .net "IDLE", 0 0, o0x7fa6df4ba028;  0 drivers
L_0x7fa6df46f498 .functor BUFT 1, C4<000>, C4<0>, C4<0>, C4<0>;
v0x56201b322d50_0 .net/2u *"_ivl_0", 2 0, L_0x7fa6df46f498;  1 drivers
L_0x7fa6df46f5b8 .functor BUFT 1, C4<0000000000000000000000000000000z>, C4<0>, C4<0>, C4<0>;
v0x56201b322e30_0 .net *"_ivl_10", 31 0, L_0x7fa6df46f5b8;  1 drivers
L_0x7fa6df46f600 .functor BUFT 1, C4<0000000000000000000000000000000z>, C4<0>, C4<0>, C4<0>;
v0x56201b322f20_0 .net *"_ivl_16", 31 0, L_0x7fa6df46f600;  1 drivers
L_0x7fa6df46f4e0 .functor BUFT 1, C4<1>, C4<0>, C4<0>, C4<0>;
v0x56201b323000_0 .net/2u *"_ivl_2", 0 0, L_0x7fa6df46f4e0;  1 drivers
v0x56201b3230e0_0 .net *"_ivl_20", 0 0, L_0x56201b339130;  1 drivers
L_0x7fa6df46f528 .functor BUFT 1, C4<0>, C4<0>, C4<0>, C4<0>;
v0x56201b3231a0_0 .net/2u *"_ivl_4", 0 0, L_0x7fa6df46f528;  1 drivers
v0x56201b323280_0 .var "bit_idx", 13 0;
v0x56201b323360_0 .net "clk_100mhz", 0 0, v0x56201b326c20_0;  1 drivers
v0x56201b323400_0 .var "data_buffer_idx", 13 0;
v0x56201b3234e0_0 .net "data_buffer_out", 0 0, v0x56201b2e1c90_0;  1 drivers
v0x56201b323580_0 .var "data_length", 13 0;
v0x56201b323640_0 .var "data_length_stuffed", 13 0;
v0x56201b323720_0 .net "encoder_out", 0 0, v0x56201b322570_0;  1 drivers
v0x56201b3237c0_0 .net "encoder_out_valid", 0 0, v0x56201b322640_0;  1 drivers
v0x56201b323860_0 .var "encoder_pause", 0 0;
v0x56201b323900_0 .var "end_bit", 2 0;
v0x56201b3239c0_0 .net "eth_busy", 0 0, v0x56201b326ce0_0;  1 drivers
v0x56201b323a80_0 .net "frame_start", 0 0, v0x56201b321780_0;  1 drivers
v0x56201b323b20_0 .net "gob_num", 3 0, L_0x56201b3387f0;  1 drivers
v0x56201b323bf0_0 .net "gob_start", 0 0, v0x56201b321ae0_0;  1 drivers
v0x56201b323cc0_0 .net "header", 0 31, L_0x56201b338da0;  1 drivers
v0x56201b323d60_0 .net "mb_start", 0 0, v0x56201b321ed0_0;  1 drivers
v0x56201b323e30_0 .net "mba", 5 0, L_0x56201b338b50;  1 drivers
v0x56201b323f00_0 .var "mbap", 4 0;
v0x56201b323fc0_0 .var "mv_data", 9 0;
v0x56201b3240a0_0 .var "n_mbs", 13 0;
v0x56201b324180_0 .var "packet_nbits", 15 0;
v0x56201b324260_0 .net "packet_timestamp", 31 0, v0x56201b3227c0_0;  alias, 1 drivers
v0x56201b324350_0 .var "prepare_out", 0 0;
v0x56201b3243f0_0 .var "quant", 4 0;
v0x56201b3244d0_0 .net "ready_out", 0 0, v0x56201b3262b0_0;  alias, 1 drivers
v0x56201b324590_0 .net "rst", 0 0, v0x56201b327100_0;  1 drivers
v0x56201b324840_0 .var/2s "state", 31 0;
v0x56201b324920_0 .var "stream_out", 0 0;
v0x56201b3249e0_0 .var "stream_out_valid", 0 0;
LS_0x56201b338da0_0_0 .concat [ 10 5 5 4], v0x56201b323fc0_0, v0x56201b3243f0_0, v0x56201b323f00_0, L_0x56201b3387f0;
LS_0x56201b338da0_0_4 .concat [ 1 1 3 3], L_0x7fa6df46f528, L_0x7fa6df46f4e0, v0x56201b323900_0, L_0x7fa6df46f498;
L_0x56201b338da0 .concat [ 24 8 0 0], LS_0x56201b338da0_0_0, LS_0x56201b338da0_0_4;
L_0x56201b338f90 .reduce/nor v0x56201b327100_0;
L_0x56201b339030 .cmp/eq 32, v0x56201b324840_0, L_0x7fa6df46f5b8;
L_0x56201b339130 .cmp/eq 32, v0x56201b324840_0, L_0x7fa6df46f600;
L_0x56201b339280 .functor MUXZ 14, v0x56201b323400_0, v0x56201b323580_0, L_0x56201b339130, C4<>;
S_0x56201b2ba530 .scope module, "data_buffer" "bram_sdp" 4 55, 5 1 0, S_0x56201b2f7f60;
 .timescale -9 -12;
    .port_info 0 /INPUT 1 "rst";
    .port_info 1 /INPUT 1 "clk";
    .port_info 2 /INPUT 1 "enable";
    .port_info 3 /INPUT 1 "data_in";
    .port_info 4 /INPUT 1 "write_enable";
    .port_info 5 /INPUT 14 "addr";
    .port_info 6 /OUTPUT 1 "data_out";
P_0x56201b22ddc0 .param/l "DATA_WIDTH" 0 5 2, +C4<00000000000000000000000000000001>;
P_0x56201b22de00 .param/l "RAM_DEPTH" 0 5 3, +C4<0000000000000000000000000000000000000000000000000010111011100000>;
v0x56201b2fea10_0 .net "addr", 13 0, L_0x56201b339280;  1 drivers
v0x56201b2ec720 .array "bram", 0 11999, 0 0;
v0x56201b2f43e0_0 .net "clk", 0 0, v0x56201b326c20_0;  alias, 1 drivers
v0x56201b2e6cf0_0 .net "data_in", 0 0, v0x56201b322570_0;  alias, 1 drivers
v0x56201b2e1c90_0 .var "data_out", 0 0;
v0x56201b2f7970_0 .net "enable", 0 0, L_0x56201b338f90;  1 drivers
v0x56201b2f6e10_0 .net "rst", 0 0, v0x56201b327100_0;  alias, 1 drivers
v0x56201b31c880_0 .net "write_enable", 0 0, L_0x56201b339030;  1 drivers
E_0x56201b220770 .event posedge, v0x56201b2f43e0_0;
S_0x56201b31ca20 .scope module, "encoder_m" "encoder" 4 21, 6 1 0, S_0x56201b2f7f60;
 .timescale -9 -12;
    .port_info 0 /INPUT 1 "rst";
    .port_info 1 /INPUT 1 "clk_100mhz";
    .port_info 2 /OUTPUT 1 "stream_out";
    .port_info 3 /OUTPUT 1 "stream_out_valid";
    .port_info 4 /OUTPUT 32 "timestamp_out";
    .port_info 5 /OUTPUT 1 "frame_start";
    .port_info 6 /OUTPUT 1 "gob_start";
    .port_info 7 /OUTPUT 1 "mb_start";
    .port_info 8 /INPUT 1 "pause";
    .port_info 9 /OUTPUT 4 "gob_num";
    .port_info 10 /OUTPUT 6 "mba_abs";
P_0x56201b31cc20 .param/l "INITIAL_TIMESTAMP" 1 6 15, C4<00000010010001011100100001000111>;
P_0x56201b31cc60 .param/l "cbp" 1 6 75, C4<001100>;
P_0x56201b31cca0 .param/l "fpr" 1 6 70, C4<1>;
P_0x56201b31cce0 .param/l "gquant" 1 6 72, C4<01000>;
P_0x56201b31cd20 .param/l "is_cif" 1 6 71, C4<0>;
P_0x56201b31cd60 .param/l "mb_header_inter" 1 6 89, C4<11001100>;
P_0x56201b31cda0 .param/l "mb_header_inter_length" 1 6 88, +C4<00000000000000000000000000001000>;
P_0x56201b31cde0 .param/l "mb_header_intra" 1 6 87, C4<10001>;
P_0x56201b31ce20 .param/l "mb_header_intra_length" 1 6 86, +C4<00000000000000000000000000000101>;
P_0x56201b31ce60 .param/l "mba" 1 6 74, C4<1>;
enum0x56201b1ddb80 .enum2/s (32)
   "START_FRAME" 0,
   "WAIT" 1,
   "PICTURE_HEADER" 2,
   "GOB_HEADER" 3,
   "MB_HEADER" 4,
   "BLOCK_DATA" 5
 ;
L_0x7fa6df46f180 .functor BUFT 1, C4<00000000000000010000>, C4<0>, C4<0>, C4<0>;
v0x56201b3204a0_0 .net/2u *"_ivl_0", 19 0, L_0x7fa6df46f180;  1 drivers
L_0x7fa6df46f2a0 .functor BUFT 1, C4<010>, C4<0>, C4<0>, C4<0>;
v0x56201b3205a0_0 .net/2u *"_ivl_10", 2 0, L_0x7fa6df46f2a0;  1 drivers
v0x56201b320680_0 .net *"_ivl_14", 3 0, L_0x56201b338680;  1 drivers
v0x56201b320770_0 .net *"_ivl_16", 2 0, L_0x56201b3385e0;  1 drivers
L_0x7fa6df46f2e8 .functor BUFT 1, C4<0>, C4<0>, C4<0>, C4<0>;
v0x56201b320850_0 .net *"_ivl_18", 0 0, L_0x7fa6df46f2e8;  1 drivers
L_0x7fa6df46f330 .functor BUFT 1, C4<0001>, C4<0>, C4<0>, C4<0>;
v0x56201b320930_0 .net/2u *"_ivl_20", 3 0, L_0x7fa6df46f330;  1 drivers
L_0x7fa6df46f378 .functor BUFT 1, C4<0000000000000001>, C4<0>, C4<0>, C4<0>;
v0x56201b320a10_0 .net/2u *"_ivl_24", 15 0, L_0x7fa6df46f378;  1 drivers
L_0x7fa6df46f3c0 .functor BUFT 1, C4<01000>, C4<0>, C4<0>, C4<0>;
v0x56201b320af0_0 .net/2u *"_ivl_26", 4 0, L_0x7fa6df46f3c0;  1 drivers
L_0x7fa6df46f408 .functor BUFT 1, C4<0>, C4<0>, C4<0>, C4<0>;
v0x56201b320bd0_0 .net/2u *"_ivl_28", 0 0, L_0x7fa6df46f408;  1 drivers
v0x56201b320cb0_0 .net *"_ivl_3", 4 0, L_0x56201b3381f0;  1 drivers
L_0x7fa6df46f450 .functor BUFT 1, C4<000001>, C4<0>, C4<0>, C4<0>;
v0x56201b320d90_0 .net/2u *"_ivl_32", 5 0, L_0x7fa6df46f450;  1 drivers
L_0x7fa6df46f1c8 .functor BUFT 1, C4<00>, C4<0>, C4<0>, C4<0>;
v0x56201b320e70_0 .net/2u *"_ivl_4", 1 0, L_0x7fa6df46f1c8;  1 drivers
L_0x7fa6df46f210 .functor BUFT 1, C4<1>, C4<0>, C4<0>, C4<0>;
v0x56201b320f50_0 .net/2u *"_ivl_6", 0 0, L_0x7fa6df46f210;  1 drivers
L_0x7fa6df46f258 .functor BUFT 1, C4<0>, C4<0>, C4<0>, C4<0>;
v0x56201b321030_0 .net/2u *"_ivl_8", 0 0, L_0x7fa6df46f258;  1 drivers
v0x56201b321110_0 .var "bit_idx", 7 0;
v0x56201b3211f0_0 .var "block_do_compute", 0 0;
v0x56201b3212b0_0 .var "block_idx", 2 0;
v0x56201b3214a0_0 .net "clk_100mhz", 0 0, v0x56201b326c20_0;  alias, 1 drivers
v0x56201b321540_0 .var "clk_90khz_counter", 10 0;
v0x56201b321620_0 .var "do_vlc", 0 0;
v0x56201b3216c0_0 .var "frame_idx", 15 0;
v0x56201b321780_0 .var "frame_start", 0 0;
v0x56201b321840_0 .net "gob_header", 0 25, L_0x56201b338980;  1 drivers
v0x56201b321920_0 .var "gob_idx", 3 0;
v0x56201b321a00_0 .net "gob_num", 3 0, L_0x56201b3387f0;  alias, 1 drivers
v0x56201b321ae0_0 .var "gob_start", 0 0;
v0x56201b321ba0_0 .var "last_pause", 0 0;
v0x56201b321c60_0 .var "last_vlc_streaming", 0 0;
v0x56201b321d20_0 .var "mb_idx", 5 0;
v0x56201b321e00_0 .var "mb_is_intra", 0 0;
v0x56201b321ed0_0 .var "mb_start", 0 0;
v0x56201b321f70_0 .net "mba_abs", 5 0, L_0x56201b338b50;  alias, 1 drivers
v0x56201b322050_0 .net "pause", 0 0, v0x56201b323860_0;  1 drivers
v0x56201b322330_0 .net "picture_header", 0 31, L_0x56201b338380;  1 drivers
v0x56201b3223f0_0 .net "rst", 0 0, v0x56201b327100_0;  alias, 1 drivers
v0x56201b322490_0 .var/2s "state", 31 0;
v0x56201b322570_0 .var "stream_out", 0 0;
v0x56201b322640_0 .var "stream_out_valid", 0 0;
v0x56201b3226e0_0 .var "timestamp", 31 0;
v0x56201b3227c0_0 .var "timestamp_out", 31 0;
v0x56201b3228a0_0 .net "vlc_out", 0 0, v0x56201b31f8d0_0;  1 drivers
v0x56201b322970_0 .net "vlc_streaming", 0 0, v0x56201b31ffd0_0;  1 drivers
v0x56201b322a40_0 .net "vlc_valid", 0 0, v0x56201b31f970_0;  1 drivers
L_0x56201b3381f0 .part v0x56201b3216c0_0, 0, 5;
LS_0x56201b338380_0_0 .concat [ 3 1 1 2], L_0x7fa6df46f2a0, L_0x7fa6df46f258, L_0x7fa6df46f210, L_0x7fa6df46f1c8;
LS_0x56201b338380_0_4 .concat [ 5 20 0 0], L_0x56201b3381f0, L_0x7fa6df46f180;
L_0x56201b338380 .concat [ 7 25 0 0], LS_0x56201b338380_0_0, LS_0x56201b338380_0_4;
L_0x56201b3385e0 .part v0x56201b321920_0, 0, 3;
L_0x56201b338680 .concat [ 1 3 0 0], L_0x7fa6df46f2e8, L_0x56201b3385e0;
L_0x56201b3387f0 .arith/sum 4, L_0x56201b338680, L_0x7fa6df46f330;
L_0x56201b338980 .concat [ 1 5 4 16], L_0x7fa6df46f408, L_0x7fa6df46f3c0, L_0x56201b3387f0, L_0x7fa6df46f378;
L_0x56201b338b50 .arith/sum 6, v0x56201b321d20_0, L_0x7fa6df46f450;
S_0x56201b31d2b0 .scope module, "vlc" "block_vlc" 6 58, 7 1 0, S_0x56201b31ca20;
 .timescale -9 -12;
    .port_info 0 /INPUT 1 "rst_in";
    .port_info 1 /INPUT 1 "clk_in";
    .port_info 2 /INPUT 1 "data_valid";
    .port_info 3 /INPUT 512 "data";
    .port_info 4 /INPUT 1 "isIntra";
    .port_info 5 /OUTPUT 1 "out_stream";
    .port_info 6 /OUTPUT 1 "out_valid";
    .port_info 7 /OUTPUT 1 "vlc_streaming";
    .port_info 8 /INPUT 1 "pause";
L_0x7fa6df46f060 .functor BUFT 1, C4<1>, C4<0>, C4<0>, C4<0>;
L_0x56201b2f4280 .functor XNOR 1, L_0x56201b3277e0, L_0x7fa6df46f060, C4<0>, C4<0>;
v0x56201b31e420_0 .net *"_ivl_10", 0 0, L_0x56201b2f4280;  1 drivers
L_0x7fa6df46f0a8 .functor BUFT 1, C4<00000000>, C4<0>, C4<0>, C4<0>;
v0x56201b31e500_0 .net *"_ivl_12", 7 0, L_0x7fa6df46f0a8;  1 drivers
v0x56201b31e5e0_0 .net *"_ivl_15", 7 0, L_0x56201b327920;  1 drivers
v0x56201b31e6d0_0 .net *"_ivl_7", 0 0, L_0x56201b3277e0;  1 drivers
v0x56201b31e7b0_0 .net/2u *"_ivl_8", 0 0, L_0x7fa6df46f060;  1 drivers
v0x56201b31e890_0 .net "abslevel", 7 0, L_0x56201b327a40;  1 drivers
v0x56201b31e970_0 .var "bit_idx", 6 0;
v0x56201b31ea50_0 .net "bitstream", 19 0, v0x56201b31ddf0_0;  1 drivers
v0x56201b31eb10_0 .net "clk_in", 0 0, v0x56201b326c20_0;  alias, 1 drivers
o0x7fa6df4b8738 .functor BUFZ 8, C4<zzzzzzzz>; HiZ drive
v0x56201b31ebb0 .array "data", 63 0;
v0x56201b31ebb0_0 .net/s v0x56201b31ebb0 0, 7 0, o0x7fa6df4b8738; 0 drivers
o0x7fa6df4b8768 .functor BUFZ 8, C4<zzzzzzzz>; HiZ drive
v0x56201b31ebb0_1 .net/s v0x56201b31ebb0 1, 7 0, o0x7fa6df4b8768; 0 drivers
o0x7fa6df4b8798 .functor BUFZ 8, C4<zzzzzzzz>; HiZ drive
v0x56201b31ebb0_2 .net/s v0x56201b31ebb0 2, 7 0, o0x7fa6df4b8798; 0 drivers
o0x7fa6df4b87c8 .functor BUFZ 8, C4<zzzzzzzz>; HiZ drive
v0x56201b31ebb0_3 .net/s v0x56201b31ebb0 3, 7 0, o0x7fa6df4b87c8; 0 drivers
o0x7fa6df4b87f8 .functor BUFZ 8, C4<zzzzzzzz>; HiZ drive
v0x56201b31ebb0_4 .net/s v0x56201b31ebb0 4, 7 0, o0x7fa6df4b87f8; 0 drivers
o0x7fa6df4b8828 .functor BUFZ 8, C4<zzzzzzzz>; HiZ drive
v0x56201b31ebb0_5 .net/s v0x56201b31ebb0 5, 7 0, o0x7fa6df4b8828; 0 drivers
o0x7fa6df4b8858 .functor BUFZ 8, C4<zzzzzzzz>; HiZ drive
v0x56201b31ebb0_6 .net/s v0x56201b31ebb0 6, 7 0, o0x7fa6df4b8858; 0 drivers
o0x7fa6df4b8888 .functor BUFZ 8, C4<zzzzzzzz>; HiZ drive
v0x56201b31ebb0_7 .net/s v0x56201b31ebb0 7, 7 0, o0x7fa6df4b8888; 0 drivers
o0x7fa6df4b88b8 .functor BUFZ 8, C4<zzzzzzzz>; HiZ drive
v0x56201b31ebb0_8 .net/s v0x56201b31ebb0 8, 7 0, o0x7fa6df4b88b8; 0 drivers
o0x7fa6df4b88e8 .functor BUFZ 8, C4<zzzzzzzz>; HiZ drive
v0x56201b31ebb0_9 .net/s v0x56201b31ebb0 9, 7 0, o0x7fa6df4b88e8; 0 drivers
o0x7fa6df4b8918 .functor BUFZ 8, C4<zzzzzzzz>; HiZ drive
v0x56201b31ebb0_10 .net/s v0x56201b31ebb0 10, 7 0, o0x7fa6df4b8918; 0 drivers
o0x7fa6df4b8948 .functor BUFZ 8, C4<zzzzzzzz>; HiZ drive
v0x56201b31ebb0_11 .net/s v0x56201b31ebb0 11, 7 0, o0x7fa6df4b8948; 0 drivers
o0x7fa6df4b8978 .functor BUFZ 8, C4<zzzzzzzz>; HiZ drive
v0x56201b31ebb0_12 .net/s v0x56201b31ebb0 12, 7 0, o0x7fa6df4b8978; 0 drivers
o0x7fa6df4b89a8 .functor BUFZ 8, C4<zzzzzzzz>; HiZ drive
v0x56201b31ebb0_13 .net/s v0x56201b31ebb0 13, 7 0, o0x7fa6df4b89a8; 0 drivers
o0x7fa6df4b89d8 .functor BUFZ 8, C4<zzzzzzzz>; HiZ drive
v0x56201b31ebb0_14 .net/s v0x56201b31ebb0 14, 7 0, o0x7fa6df4b89d8; 0 drivers
o0x7fa6df4b8a08 .functor BUFZ 8, C4<zzzzzzzz>; HiZ drive
v0x56201b31ebb0_15 .net/s v0x56201b31ebb0 15, 7 0, o0x7fa6df4b8a08; 0 drivers
o0x7fa6df4b8a38 .functor BUFZ 8, C4<zzzzzzzz>; HiZ drive
v0x56201b31ebb0_16 .net/s v0x56201b31ebb0 16, 7 0, o0x7fa6df4b8a38; 0 drivers
o0x7fa6df4b8a68 .functor BUFZ 8, C4<zzzzzzzz>; HiZ drive
v0x56201b31ebb0_17 .net/s v0x56201b31ebb0 17, 7 0, o0x7fa6df4b8a68; 0 drivers
o0x7fa6df4b8a98 .functor BUFZ 8, C4<zzzzzzzz>; HiZ drive
v0x56201b31ebb0_18 .net/s v0x56201b31ebb0 18, 7 0, o0x7fa6df4b8a98; 0 drivers
o0x7fa6df4b8ac8 .functor BUFZ 8, C4<zzzzzzzz>; HiZ drive
v0x56201b31ebb0_19 .net/s v0x56201b31ebb0 19, 7 0, o0x7fa6df4b8ac8; 0 drivers
o0x7fa6df4b8af8 .functor BUFZ 8, C4<zzzzzzzz>; HiZ drive
v0x56201b31ebb0_20 .net/s v0x56201b31ebb0 20, 7 0, o0x7fa6df4b8af8; 0 drivers
o0x7fa6df4b8b28 .functor BUFZ 8, C4<zzzzzzzz>; HiZ drive
v0x56201b31ebb0_21 .net/s v0x56201b31ebb0 21, 7 0, o0x7fa6df4b8b28; 0 drivers
o0x7fa6df4b8b58 .functor BUFZ 8, C4<zzzzzzzz>; HiZ drive
v0x56201b31ebb0_22 .net/s v0x56201b31ebb0 22, 7 0, o0x7fa6df4b8b58; 0 drivers
o0x7fa6df4b8b88 .functor BUFZ 8, C4<zzzzzzzz>; HiZ drive
v0x56201b31ebb0_23 .net/s v0x56201b31ebb0 23, 7 0, o0x7fa6df4b8b88; 0 drivers
o0x7fa6df4b8bb8 .functor BUFZ 8, C4<zzzzzzzz>; HiZ drive
v0x56201b31ebb0_24 .net/s v0x56201b31ebb0 24, 7 0, o0x7fa6df4b8bb8; 0 drivers
o0x7fa6df4b8be8 .functor BUFZ 8, C4<zzzzzzzz>; HiZ drive
v0x56201b31ebb0_25 .net/s v0x56201b31ebb0 25, 7 0, o0x7fa6df4b8be8; 0 drivers
o0x7fa6df4b8c18 .functor BUFZ 8, C4<zzzzzzzz>; HiZ drive
v0x56201b31ebb0_26 .net/s v0x56201b31ebb0 26, 7 0, o0x7fa6df4b8c18; 0 drivers
o0x7fa6df4b8c48 .functor BUFZ 8, C4<zzzzzzzz>; HiZ drive
v0x56201b31ebb0_27 .net/s v0x56201b31ebb0 27, 7 0, o0x7fa6df4b8c48; 0 drivers
o0x7fa6df4b8c78 .functor BUFZ 8, C4<zzzzzzzz>; HiZ drive
v0x56201b31ebb0_28 .net/s v0x56201b31ebb0 28, 7 0, o0x7fa6df4b8c78; 0 drivers
o0x7fa6df4b8ca8 .functor BUFZ 8, C4<zzzzzzzz>; HiZ drive
v0x56201b31ebb0_29 .net/s v0x56201b31ebb0 29, 7 0, o0x7fa6df4b8ca8; 0 drivers
o0x7fa6df4b8cd8 .functor BUFZ 8, C4<zzzzzzzz>; HiZ drive
v0x56201b31ebb0_30 .net/s v0x56201b31ebb0 30, 7 0, o0x7fa6df4b8cd8; 0 drivers
o0x7fa6df4b8d08 .functor BUFZ 8, C4<zzzzzzzz>; HiZ drive
v0x56201b31ebb0_31 .net/s v0x56201b31ebb0 31, 7 0, o0x7fa6df4b8d08; 0 drivers
o0x7fa6df4b8d38 .functor BUFZ 8, C4<zzzzzzzz>; HiZ drive
v0x56201b31ebb0_32 .net/s v0x56201b31ebb0 32, 7 0, o0x7fa6df4b8d38; 0 drivers
o0x7fa6df4b8d68 .functor BUFZ 8, C4<zzzzzzzz>; HiZ drive
v0x56201b31ebb0_33 .net/s v0x56201b31ebb0 33, 7 0, o0x7fa6df4b8d68; 0 drivers
o0x7fa6df4b8d98 .functor BUFZ 8, C4<zzzzzzzz>; HiZ drive
v0x56201b31ebb0_34 .net/s v0x56201b31ebb0 34, 7 0, o0x7fa6df4b8d98; 0 drivers
o0x7fa6df4b8dc8 .functor BUFZ 8, C4<zzzzzzzz>; HiZ drive
v0x56201b31ebb0_35 .net/s v0x56201b31ebb0 35, 7 0, o0x7fa6df4b8dc8; 0 drivers
o0x7fa6df4b8df8 .functor BUFZ 8, C4<zzzzzzzz>; HiZ drive
v0x56201b31ebb0_36 .net/s v0x56201b31ebb0 36, 7 0, o0x7fa6df4b8df8; 0 drivers
o0x7fa6df4b8e28 .functor BUFZ 8, C4<zzzzzzzz>; HiZ drive
v0x56201b31ebb0_37 .net/s v0x56201b31ebb0 37, 7 0, o0x7fa6df4b8e28; 0 drivers
o0x7fa6df4b8e58 .functor BUFZ 8, C4<zzzzzzzz>; HiZ drive
v0x56201b31ebb0_38 .net/s v0x56201b31ebb0 38, 7 0, o0x7fa6df4b8e58; 0 drivers
o0x7fa6df4b8e88 .functor BUFZ 8, C4<zzzzzzzz>; HiZ drive
v0x56201b31ebb0_39 .net/s v0x56201b31ebb0 39, 7 0, o0x7fa6df4b8e88; 0 drivers
o0x7fa6df4b8eb8 .functor BUFZ 8, C4<zzzzzzzz>; HiZ drive
v0x56201b31ebb0_40 .net/s v0x56201b31ebb0 40, 7 0, o0x7fa6df4b8eb8; 0 drivers
o0x7fa6df4b8ee8 .functor BUFZ 8, C4<zzzzzzzz>; HiZ drive
v0x56201b31ebb0_41 .net/s v0x56201b31ebb0 41, 7 0, o0x7fa6df4b8ee8; 0 drivers
o0x7fa6df4b8f18 .functor BUFZ 8, C4<zzzzzzzz>; HiZ drive
v0x56201b31ebb0_42 .net/s v0x56201b31ebb0 42, 7 0, o0x7fa6df4b8f18; 0 drivers
o0x7fa6df4b8f48 .functor BUFZ 8, C4<zzzzzzzz>; HiZ drive
v0x56201b31ebb0_43 .net/s v0x56201b31ebb0 43, 7 0, o0x7fa6df4b8f48; 0 drivers
o0x7fa6df4b8f78 .functor BUFZ 8, C4<zzzzzzzz>; HiZ drive
v0x56201b31ebb0_44 .net/s v0x56201b31ebb0 44, 7 0, o0x7fa6df4b8f78; 0 drivers
o0x7fa6df4b8fa8 .functor BUFZ 8, C4<zzzzzzzz>; HiZ drive
v0x56201b31ebb0_45 .net/s v0x56201b31ebb0 45, 7 0, o0x7fa6df4b8fa8; 0 drivers
o0x7fa6df4b8fd8 .functor BUFZ 8, C4<zzzzzzzz>; HiZ drive
v0x56201b31ebb0_46 .net/s v0x56201b31ebb0 46, 7 0, o0x7fa6df4b8fd8; 0 drivers
o0x7fa6df4b9008 .functor BUFZ 8, C4<zzzzzzzz>; HiZ drive
v0x56201b31ebb0_47 .net/s v0x56201b31ebb0 47, 7 0, o0x7fa6df4b9008; 0 drivers
o0x7fa6df4b9038 .functor BUFZ 8, C4<zzzzzzzz>; HiZ drive
v0x56201b31ebb0_48 .net/s v0x56201b31ebb0 48, 7 0, o0x7fa6df4b9038; 0 drivers
o0x7fa6df4b9068 .functor BUFZ 8, C4<zzzzzzzz>; HiZ drive
v0x56201b31ebb0_49 .net/s v0x56201b31ebb0 49, 7 0, o0x7fa6df4b9068; 0 drivers
o0x7fa6df4b9098 .functor BUFZ 8, C4<zzzzzzzz>; HiZ drive
v0x56201b31ebb0_50 .net/s v0x56201b31ebb0 50, 7 0, o0x7fa6df4b9098; 0 drivers
o0x7fa6df4b90c8 .functor BUFZ 8, C4<zzzzzzzz>; HiZ drive
v0x56201b31ebb0_51 .net/s v0x56201b31ebb0 51, 7 0, o0x7fa6df4b90c8; 0 drivers
o0x7fa6df4b90f8 .functor BUFZ 8, C4<zzzzzzzz>; HiZ drive
v0x56201b31ebb0_52 .net/s v0x56201b31ebb0 52, 7 0, o0x7fa6df4b90f8; 0 drivers
o0x7fa6df4b9128 .functor BUFZ 8, C4<zzzzzzzz>; HiZ drive
v0x56201b31ebb0_53 .net/s v0x56201b31ebb0 53, 7 0, o0x7fa6df4b9128; 0 drivers
o0x7fa6df4b9158 .functor BUFZ 8, C4<zzzzzzzz>; HiZ drive
v0x56201b31ebb0_54 .net/s v0x56201b31ebb0 54, 7 0, o0x7fa6df4b9158; 0 drivers
o0x7fa6df4b9188 .functor BUFZ 8, C4<zzzzzzzz>; HiZ drive
v0x56201b31ebb0_55 .net/s v0x56201b31ebb0 55, 7 0, o0x7fa6df4b9188; 0 drivers
o0x7fa6df4b91b8 .functor BUFZ 8, C4<zzzzzzzz>; HiZ drive
v0x56201b31ebb0_56 .net/s v0x56201b31ebb0 56, 7 0, o0x7fa6df4b91b8; 0 drivers
o0x7fa6df4b91e8 .functor BUFZ 8, C4<zzzzzzzz>; HiZ drive
v0x56201b31ebb0_57 .net/s v0x56201b31ebb0 57, 7 0, o0x7fa6df4b91e8; 0 drivers
o0x7fa6df4b9218 .functor BUFZ 8, C4<zzzzzzzz>; HiZ drive
v0x56201b31ebb0_58 .net/s v0x56201b31ebb0 58, 7 0, o0x7fa6df4b9218; 0 drivers
o0x7fa6df4b9248 .functor BUFZ 8, C4<zzzzzzzz>; HiZ drive
v0x56201b31ebb0_59 .net/s v0x56201b31ebb0 59, 7 0, o0x7fa6df4b9248; 0 drivers
o0x7fa6df4b9278 .functor BUFZ 8, C4<zzzzzzzz>; HiZ drive
v0x56201b31ebb0_60 .net/s v0x56201b31ebb0 60, 7 0, o0x7fa6df4b9278; 0 drivers
o0x7fa6df4b92a8 .functor BUFZ 8, C4<zzzzzzzz>; HiZ drive
v0x56201b31ebb0_61 .net/s v0x56201b31ebb0 61, 7 0, o0x7fa6df4b92a8; 0 drivers
o0x7fa6df4b92d8 .functor BUFZ 8, C4<zzzzzzzz>; HiZ drive
v0x56201b31ebb0_62 .net/s v0x56201b31ebb0 62, 7 0, o0x7fa6df4b92d8; 0 drivers
o0x7fa6df4b9308 .functor BUFZ 8, C4<zzzzzzzz>; HiZ drive
v0x56201b31ebb0_63 .net/s v0x56201b31ebb0 63, 7 0, o0x7fa6df4b9308; 0 drivers
v0x56201b31f450_0 .net "data_valid", 0 0, v0x56201b321620_0;  1 drivers
v0x56201b31f510_0 .var "eob", 0 0;
v0x56201b31f5d0_0 .var "eob_idx", 0 0;
v0x56201b31f690_0 .var "get_vlc", 0 0;
v0x56201b31f750_0 .net "isIntra", 0 0, v0x56201b321e00_0;  1 drivers
L_0x7fa6df46f018 .functor BUFT 1, C4<00001010>, C4<0>, C4<0>, C4<0>;
v0x56201b31f810_0 .net "level", 7 0, L_0x7fa6df46f018;  1 drivers
v0x56201b31f8d0_0 .var "out_stream", 0 0;
v0x56201b31f970_0 .var "out_valid", 0 0;
v0x56201b31fa30_0 .net "pause", 0 0, v0x56201b323860_0;  alias, 1 drivers
v0x56201b31faf0_0 .net "rst_in", 0 0, v0x56201b327100_0;  alias, 1 drivers
v0x56201b31fbe0_0 .var "run", 5 0;
v0x56201b31fca0_0 .net "sign", 0 0, L_0x56201b327b30;  1 drivers
v0x56201b31fd40_0 .net "size", 4 0, v0x56201b31e280_0;  1 drivers
v0x56201b31fe30_0 .var "vlc", 22 0;
v0x56201b31fef0_0 .var "vlc_size", 5 0;
v0x56201b31ffd0_0 .var "vlc_streaming", 0 0;
v0x56201b320090_0 .net "x", 2 0, L_0x56201b327600;  1 drivers
v0x56201b320170_0 .var "xy", 5 0;
v0x56201b320250_0 .net "y", 2 0, L_0x56201b3276a0;  1 drivers
L_0x56201b327600 .part v0x56201b320170_0, 3, 3;
L_0x56201b3276a0 .part v0x56201b320170_0, 0, 3;
L_0x56201b3277e0 .part L_0x7fa6df46f018, 7, 1;
L_0x56201b327920 .arith/sub 8, L_0x7fa6df46f0a8, L_0x7fa6df46f018;
L_0x56201b327a40 .functor MUXZ 8, L_0x7fa6df46f018, L_0x56201b327920, L_0x56201b2f4280, C4<>;
L_0x56201b327b30 .part L_0x7fa6df46f018, 7, 1;
S_0x56201b31d5e0 .scope module, "looking_up" "TcoeffTable" 7 103, 7 116 0, S_0x56201b31d2b0;
 .timescale -9 -12;
    .port_info 0 /INPUT 1 "clk_in";
    .port_info 1 /INPUT 1 "rst_in";
    .port_info 2 /INPUT 6 "run";
    .port_info 3 /INPUT 8 "level";
    .port_info 4 /OUTPUT 20 "bitstream";
    .port_info 5 /OUTPUT 5 "size";
L_0x7fa6df46f0f0 .functor BUFT 1, C4<1>, C4<0>, C4<0>, C4<0>;
L_0x56201b2e1b30 .functor XNOR 1, L_0x56201b327c10, L_0x7fa6df46f0f0, C4<0>, C4<0>;
v0x56201b31d880_0 .net *"_ivl_1", 0 0, L_0x56201b327c10;  1 drivers
v0x56201b31d980_0 .net/2u *"_ivl_2", 0 0, L_0x7fa6df46f0f0;  1 drivers
v0x56201b31da60_0 .net *"_ivl_4", 0 0, L_0x56201b2e1b30;  1 drivers
L_0x7fa6df46f138 .functor BUFT 1, C4<00000000>, C4<0>, C4<0>, C4<0>;
v0x56201b31db00_0 .net *"_ivl_6", 7 0, L_0x7fa6df46f138;  1 drivers
v0x56201b31dbe0_0 .net *"_ivl_9", 7 0, L_0x56201b327dd0;  1 drivers
v0x56201b31dd10_0 .net "abslevel", 7 0, L_0x56201b327fd0;  1 drivers
v0x56201b31ddf0_0 .var "bitstream", 19 0;
v0x56201b31ded0_0 .net "clk_in", 0 0, v0x56201b326c20_0;  alias, 1 drivers
v0x56201b31df70_0 .net/s "level", 7 0, L_0x7fa6df46f018;  alias, 1 drivers
v0x56201b31e030_0 .net "rst_in", 0 0, v0x56201b327100_0;  alias, 1 drivers
v0x56201b31e100_0 .net "run", 5 0, v0x56201b31fbe0_0;  1 drivers
v0x56201b31e1c0_0 .net "sign", 0 0, L_0x56201b328110;  1 drivers
v0x56201b31e280_0 .var "size", 4 0;
L_0x56201b327c10 .part L_0x7fa6df46f018, 7, 1;
L_0x56201b327dd0 .arith/sub 8, L_0x7fa6df46f138, L_0x7fa6df46f018;
L_0x56201b327fd0 .functor MUXZ 8, L_0x7fa6df46f018, L_0x56201b327dd0, L_0x56201b2e1b30, C4<>;
L_0x56201b328110 .part L_0x7fa6df46f018, 7, 1;
S_0x56201b324bc0 .scope module, "rtp_sender" "BitwiseRTPModule" 3 43, 8 4 0, S_0x56201b2f5730;
 .timescale -9 -12;
    .port_info 0 /INPUT 1 "clk_in";
    .port_info 1 /INPUT 1 "rst_in";
    .port_info 2 /INPUT 1 "data_in";
    .port_info 3 /INPUT 1 "data_valid_in";
    .port_info 4 /INPUT 1 "prepare_for_data";
    .port_info 5 /INPUT 16 "payload_size";
    .port_info 6 /INPUT 32 "rtp_timestamp";
    .port_info 7 /INPUT 1 "rtp_marker_in";
    .port_info 8 /OUTPUT 8 "data_out";
    .port_info 9 /OUTPUT 1 "valid_out";
    .port_info 10 /OUTPUT 1 "ready_for_data";
    .port_info 11 /OUTPUT 1 "send_out";
    .port_info 12 /OUTPUT 16 "bit_counter";
P_0x56201b324d70 .param/l "DESTINATION_IP" 1 8 25, C4<00001010001010100000000011111111>;
P_0x56201b324db0 .param/l "FULL_HEADER_SIZE" 1 8 24, +C4<0000000000000000000000000101000000>;
P_0x56201b324df0 .param/l "IDLE" 1 8 37, C4<00>;
P_0x56201b324e30 .param/l "IPV4_HEADER_SIZE" 1 8 23, +C4<00000000000000000000000010100000>;
P_0x56201b324e70 .param/l "RECEIVE" 1 8 39, C4<10>;
P_0x56201b324eb0 .param/l "RTP_HEADER_SIZE" 1 8 20, +C4<00000000000000000000000001100000>;
P_0x56201b324ef0 .param/l "SEND_HEADER" 1 8 38, C4<01>;
P_0x56201b324f30 .param/l "SEND_PAYLOAD" 1 8 40, C4<11>;
P_0x56201b324f70 .param/l "UDP_HEADER_SIZE" 1 8 22, +C4<00000000000000000000000001000000>;
P_0x56201b324fb0 .param/l "VERSION" 1 8 21, C4<10>;
v0x56201b325620_0 .var "IPV4_PACKET_LENGTH", 15 0;
v0x56201b325720_0 .var "SSRC", 31 0;
v0x56201b325800_0 .var "UDP_PACKET_LENGTH", 15 0;
v0x56201b3258f0_0 .var "bit_counter", 15 0;
v0x56201b3259d0_0 .var "byte_counter", 3 0;
v0x56201b325b00_0 .net "clk_in", 0 0, v0x56201b326c20_0;  alias, 1 drivers
v0x56201b325ba0_0 .net "data_in", 0 0, v0x56201b324920_0;  alias, 1 drivers
v0x56201b325c40_0 .var "data_out", 7 0;
v0x56201b325d00_0 .net "data_valid_in", 0 0, v0x56201b3249e0_0;  alias, 1 drivers
v0x56201b325dd0_0 .var "full_header", 319 0;
v0x56201b325e90_0 .var "indexer", 15 0;
v0x56201b325f70_0 .var "ipv4_header", 159 0;
v0x56201b326050_0 .net "payload_size", 15 0, v0x56201b324180_0;  alias, 1 drivers
v0x56201b326140_0 .net "prepare_for_data", 0 0, v0x56201b324350_0;  alias, 1 drivers
v0x56201b326210_0 .var "read_payload_size", 15 0;
v0x56201b3262b0_0 .var "ready_for_data", 0 0;
v0x56201b326380_0 .net "rst_in", 0 0, v0x56201b327100_0;  alias, 1 drivers
v0x56201b326420_0 .var "rtp_header", 95 0;
L_0x7fa6df46f570 .functor BUFT 1, C4<1>, C4<0>, C4<0>, C4<0>;
v0x56201b3264e0_0 .net "rtp_marker_in", 0 0, L_0x7fa6df46f570;  1 drivers
v0x56201b3265a0_0 .var "rtp_seq", 15 0;
v0x56201b326680_0 .net "rtp_timestamp", 31 0, v0x56201b3227c0_0;  alias, 1 drivers
v0x56201b326740_0 .var "send_out", 0 0;
v0x56201b326800_0 .var "state", 1 0;
v0x56201b3268e0_0 .var "udp_header", 63 0;
v0x56201b3269c0_0 .var "valid_out", 0 0;
E_0x56201b21ead0/0 .event edge, v0x56201b325f70_0, v0x56201b3268e0_0, v0x56201b326420_0, v0x56201b3258f0_0;
E_0x56201b21ead0/1 .event edge, v0x56201b324180_0;
E_0x56201b21ead0 .event/or E_0x56201b21ead0/0, E_0x56201b21ead0/1;
    .scope S_0x56201b31d5e0;
T_0 ;
    %wait E_0x56201b220770;
    %load/vec4 v0x56201b31e030_0;
    %flag_set/vec4 8;
    %jmp/0xz  T_0.0, 8;
    %pushi/vec4 0, 0, 20;
    %assign/vec4 v0x56201b31ddf0_0, 0;
    %pushi/vec4 0, 0, 5;
    %assign/vec4 v0x56201b31e280_0, 0;
    %jmp T_0.1;
T_0.0 ;
    %load/vec4 v0x56201b31df70_0;
    %pad/s 32;
    %cmpi/e 4294967169, 0, 32;
    %jmp/0xz  T_0.2, 4;
    %pushi/vec4 129, 0, 20;
    %assign/vec4 v0x56201b31ddf0_0, 0;
    %pushi/vec4 8, 0, 5;
    %assign/vec4 v0x56201b31e280_0, 0;
    %jmp T_0.3;
T_0.2 ;
    %load/vec4 v0x56201b31e100_0;
    %dup/vec4;
    %pushi/vec4 0, 0, 6;
    %cmp/u;
    %jmp/1 T_0.4, 6;
    %dup/vec4;
    %pushi/vec4 1, 0, 6;
    %cmp/u;
    %jmp/1 T_0.5, 6;
    %dup/vec4;
    %pushi/vec4 2, 0, 6;
    %cmp/u;
    %jmp/1 T_0.6, 6;
    %dup/vec4;
    %pushi/vec4 3, 0, 6;
    %cmp/u;
    %jmp/1 T_0.7, 6;
    %dup/vec4;
    %pushi/vec4 4, 0, 6;
    %cmp/u;
    %jmp/1 T_0.8, 6;
    %dup/vec4;
    %pushi/vec4 5, 0, 6;
    %cmp/u;
    %jmp/1 T_0.9, 6;
    %dup/vec4;
    %pushi/vec4 6, 0, 6;
    %cmp/u;
    %jmp/1 T_0.10, 6;
    %dup/vec4;
    %pushi/vec4 7, 0, 6;
    %cmp/u;
    %jmp/1 T_0.11, 6;
    %dup/vec4;
    %pushi/vec4 8, 0, 6;
    %cmp/u;
    %jmp/1 T_0.12, 6;
    %dup/vec4;
    %pushi/vec4 9, 0, 6;
    %cmp/u;
    %jmp/1 T_0.13, 6;
    %dup/vec4;
    %pushi/vec4 10, 0, 6;
    %cmp/u;
    %jmp/1 T_0.14, 6;
    %dup/vec4;
    %pushi/vec4 11, 0, 6;
    %cmp/u;
    %jmp/1 T_0.15, 6;
    %dup/vec4;
    %pushi/vec4 12, 0, 6;
    %cmp/u;
    %jmp/1 T_0.16, 6;
    %dup/vec4;
    %pushi/vec4 13, 0, 6;
    %cmp/u;
    %jmp/1 T_0.17, 6;
    %dup/vec4;
    %pushi/vec4 14, 0, 6;
    %cmp/u;
    %jmp/1 T_0.18, 6;
    %dup/vec4;
    %pushi/vec4 15, 0, 6;
    %cmp/u;
    %jmp/1 T_0.19, 6;
    %dup/vec4;
    %pushi/vec4 16, 0, 6;
    %cmp/u;
    %jmp/1 T_0.20, 6;
    %dup/vec4;
    %pushi/vec4 17, 0, 6;
    %cmp/u;
    %jmp/1 T_0.21, 6;
    %dup/vec4;
    %pushi/vec4 18, 0, 6;
    %cmp/u;
    %jmp/1 T_0.22, 6;
    %dup/vec4;
    %pushi/vec4 19, 0, 6;
    %cmp/u;
    %jmp/1 T_0.23, 6;
    %dup/vec4;
    %pushi/vec4 20, 0, 6;
    %cmp/u;
    %jmp/1 T_0.24, 6;
    %dup/vec4;
    %pushi/vec4 21, 0, 6;
    %cmp/u;
    %jmp/1 T_0.25, 6;
    %dup/vec4;
    %pushi/vec4 22, 0, 6;
    %cmp/u;
    %jmp/1 T_0.26, 6;
    %dup/vec4;
    %pushi/vec4 23, 0, 6;
    %cmp/u;
    %jmp/1 T_0.27, 6;
    %dup/vec4;
    %pushi/vec4 24, 0, 6;
    %cmp/u;
    %jmp/1 T_0.28, 6;
    %dup/vec4;
    %pushi/vec4 25, 0, 6;
    %cmp/u;
    %jmp/1 T_0.29, 6;
    %dup/vec4;
    %pushi/vec4 26, 0, 6;
    %cmp/u;
    %jmp/1 T_0.30, 6;
    %pushi/vec4 1, 0, 6;
    %load/vec4 v0x56201b31e100_0;
    %concat/vec4; draw_concat_vec4
    %load/vec4 v0x56201b31df70_0;
    %concat/vec4; draw_concat_vec4
    %assign/vec4 v0x56201b31ddf0_0, 0;
    %pushi/vec4 20, 0, 5;
    %assign/vec4 v0x56201b31e280_0, 0;
    %jmp T_0.32;
T_0.4 ;
    %load/vec4 v0x56201b31dd10_0;
    %dup/vec4;
    %pushi/vec4 1, 0, 8;
    %cmp/u;
    %jmp/1 T_0.33, 6;
    %dup/vec4;
    %pushi/vec4 2, 0, 8;
    %cmp/u;
    %jmp/1 T_0.34, 6;
    %dup/vec4;
    %pushi/vec4 3, 0, 8;
    %cmp/u;
    %jmp/1 T_0.35, 6;
    %dup/vec4;
    %pushi/vec4 4, 0, 8;
    %cmp/u;
    %jmp/1 T_0.36, 6;
    %dup/vec4;
    %pushi/vec4 5, 0, 8;
    %cmp/u;
    %jmp/1 T_0.37, 6;
    %dup/vec4;
    %pushi/vec4 6, 0, 8;
    %cmp/u;
    %jmp/1 T_0.38, 6;
    %dup/vec4;
    %pushi/vec4 7, 0, 8;
    %cmp/u;
    %jmp/1 T_0.39, 6;
    %dup/vec4;
    %pushi/vec4 8, 0, 8;
    %cmp/u;
    %jmp/1 T_0.40, 6;
    %dup/vec4;
    %pushi/vec4 9, 0, 8;
    %cmp/u;
    %jmp/1 T_0.41, 6;
    %dup/vec4;
    %pushi/vec4 10, 0, 8;
    %cmp/u;
    %jmp/1 T_0.42, 6;
    %dup/vec4;
    %pushi/vec4 11, 0, 8;
    %cmp/u;
    %jmp/1 T_0.43, 6;
    %dup/vec4;
    %pushi/vec4 12, 0, 8;
    %cmp/u;
    %jmp/1 T_0.44, 6;
    %dup/vec4;
    %pushi/vec4 13, 0, 8;
    %cmp/u;
    %jmp/1 T_0.45, 6;
    %dup/vec4;
    %pushi/vec4 14, 0, 8;
    %cmp/u;
    %jmp/1 T_0.46, 6;
    %dup/vec4;
    %pushi/vec4 15, 0, 8;
    %cmp/u;
    %jmp/1 T_0.47, 6;
    %pushi/vec4 1, 0, 6;
    %load/vec4 v0x56201b31e100_0;
    %concat/vec4; draw_concat_vec4
    %load/vec4 v0x56201b31df70_0;
    %concat/vec4; draw_concat_vec4
    %assign/vec4 v0x56201b31ddf0_0, 0;
    %pushi/vec4 20, 0, 5;
    %assign/vec4 v0x56201b31e280_0, 0;
    %jmp T_0.49;
T_0.33 ;
    %pushi/vec4 3, 0, 2;
    %load/vec4 v0x56201b31e1c0_0;
    %concat/vec4; draw_concat_vec4
    %pad/u 20;
    %assign/vec4 v0x56201b31ddf0_0, 0;
    %pushi/vec4 3, 0, 5;
    %assign/vec4 v0x56201b31e280_0, 0;
    %jmp T_0.49;
T_0.34 ;
    %pushi/vec4 4, 0, 4;
    %load/vec4 v0x56201b31e1c0_0;
    %concat/vec4; draw_concat_vec4
    %pad/u 20;
    %assign/vec4 v0x56201b31ddf0_0, 0;
    %pushi/vec4 5, 0, 5;
    %assign/vec4 v0x56201b31e280_0, 0;
    %jmp T_0.49;
T_0.35 ;
    %pushi/vec4 5, 0, 5;
    %load/vec4 v0x56201b31e1c0_0;
    %concat/vec4; draw_concat_vec4
    %pad/u 20;
    %assign/vec4 v0x56201b31ddf0_0, 0;
    %pushi/vec4 6, 0, 5;
    %assign/vec4 v0x56201b31e280_0, 0;
    %jmp T_0.49;
T_0.36 ;
    %pushi/vec4 6, 0, 7;
    %load/vec4 v0x56201b31e1c0_0;
    %concat/vec4; draw_concat_vec4
    %pad/u 20;
    %assign/vec4 v0x56201b31ddf0_0, 0;
    %pushi/vec4 8, 0, 5;
    %assign/vec4 v0x56201b31e280_0, 0;
    %jmp T_0.49;
T_0.37 ;
    %pushi/vec4 38, 0, 8;
    %load/vec4 v0x56201b31e1c0_0;
    %concat/vec4; draw_concat_vec4
    %pad/u 20;
    %assign/vec4 v0x56201b31ddf0_0, 0;
    %pushi/vec4 9, 0, 5;
    %assign/vec4 v0x56201b31e280_0, 0;
    %jmp T_0.49;
T_0.38 ;
    %pushi/vec4 33, 0, 8;
    %load/vec4 v0x56201b31e1c0_0;
    %concat/vec4; draw_concat_vec4
    %pad/u 20;
    %assign/vec4 v0x56201b31ddf0_0, 0;
    %pushi/vec4 9, 0, 5;
    %assign/vec4 v0x56201b31e280_0, 0;
    %jmp T_0.49;
T_0.39 ;
    %pushi/vec4 10, 0, 10;
    %load/vec4 v0x56201b31e1c0_0;
    %concat/vec4; draw_concat_vec4
    %pad/u 20;
    %assign/vec4 v0x56201b31ddf0_0, 0;
    %pushi/vec4 11, 0, 5;
    %assign/vec4 v0x56201b31e280_0, 0;
    %jmp T_0.49;
T_0.40 ;
    %pushi/vec4 29, 0, 12;
    %load/vec4 v0x56201b31e1c0_0;
    %concat/vec4; draw_concat_vec4
    %pad/u 20;
    %assign/vec4 v0x56201b31ddf0_0, 0;
    %pushi/vec4 13, 0, 5;
    %assign/vec4 v0x56201b31e280_0, 0;
    %jmp T_0.49;
T_0.41 ;
    %pushi/vec4 24, 0, 12;
    %load/vec4 v0x56201b31e1c0_0;
    %concat/vec4; draw_concat_vec4
    %pad/u 20;
    %assign/vec4 v0x56201b31ddf0_0, 0;
    %pushi/vec4 13, 0, 5;
    %assign/vec4 v0x56201b31e280_0, 0;
    %jmp T_0.49;
T_0.42 ;
    %pushi/vec4 19, 0, 12;
    %load/vec4 v0x56201b31e1c0_0;
    %concat/vec4; draw_concat_vec4
    %pad/u 20;
    %assign/vec4 v0x56201b31ddf0_0, 0;
    %pushi/vec4 13, 0, 5;
    %assign/vec4 v0x56201b31e280_0, 0;
    %jmp T_0.49;
T_0.43 ;
    %pushi/vec4 16, 0, 12;
    %load/vec4 v0x56201b31e1c0_0;
    %concat/vec4; draw_concat_vec4
    %pad/u 20;
    %assign/vec4 v0x56201b31ddf0_0, 0;
    %pushi/vec4 13, 0, 5;
    %assign/vec4 v0x56201b31e280_0, 0;
    %jmp T_0.49;
T_0.44 ;
    %pushi/vec4 26, 0, 13;
    %load/vec4 v0x56201b31e1c0_0;
    %concat/vec4; draw_concat_vec4
    %pad/u 20;
    %assign/vec4 v0x56201b31ddf0_0, 0;
    %pushi/vec4 14, 0, 5;
    %assign/vec4 v0x56201b31e280_0, 0;
    %jmp T_0.49;
T_0.45 ;
    %pushi/vec4 25, 0, 13;
    %load/vec4 v0x56201b31e1c0_0;
    %concat/vec4; draw_concat_vec4
    %pad/u 20;
    %assign/vec4 v0x56201b31ddf0_0, 0;
    %pushi/vec4 14, 0, 5;
    %assign/vec4 v0x56201b31e280_0, 0;
    %jmp T_0.49;
T_0.46 ;
    %pushi/vec4 24, 0, 13;
    %load/vec4 v0x56201b31e1c0_0;
    %concat/vec4; draw_concat_vec4
    %pad/u 20;
    %assign/vec4 v0x56201b31ddf0_0, 0;
    %pushi/vec4 14, 0, 5;
    %assign/vec4 v0x56201b31e280_0, 0;
    %jmp T_0.49;
T_0.47 ;
    %pushi/vec4 23, 0, 13;
    %load/vec4 v0x56201b31e1c0_0;
    %concat/vec4; draw_concat_vec4
    %pad/u 20;
    %assign/vec4 v0x56201b31ddf0_0, 0;
    %pushi/vec4 14, 0, 5;
    %assign/vec4 v0x56201b31e280_0, 0;
    %jmp T_0.49;
T_0.49 ;
    %pop/vec4 1;
    %jmp T_0.32;
T_0.5 ;
    %load/vec4 v0x56201b31dd10_0;
    %dup/vec4;
    %pushi/vec4 1, 0, 8;
    %cmp/u;
    %jmp/1 T_0.50, 6;
    %dup/vec4;
    %pushi/vec4 2, 0, 8;
    %cmp/u;
    %jmp/1 T_0.51, 6;
    %dup/vec4;
    %pushi/vec4 3, 0, 8;
    %cmp/u;
    %jmp/1 T_0.52, 6;
    %dup/vec4;
    %pushi/vec4 4, 0, 8;
    %cmp/u;
    %jmp/1 T_0.53, 6;
    %dup/vec4;
    %pushi/vec4 5, 0, 8;
    %cmp/u;
    %jmp/1 T_0.54, 6;
    %dup/vec4;
    %pushi/vec4 6, 0, 8;
    %cmp/u;
    %jmp/1 T_0.55, 6;
    %dup/vec4;
    %pushi/vec4 7, 0, 8;
    %cmp/u;
    %jmp/1 T_0.56, 6;
    %pushi/vec4 1, 0, 6;
    %load/vec4 v0x56201b31e100_0;
    %concat/vec4; draw_concat_vec4
    %load/vec4 v0x56201b31df70_0;
    %concat/vec4; draw_concat_vec4
    %assign/vec4 v0x56201b31ddf0_0, 0;
    %pushi/vec4 20, 0, 5;
    %assign/vec4 v0x56201b31e280_0, 0;
    %jmp T_0.58;
T_0.50 ;
    %pushi/vec4 3, 0, 3;
    %load/vec4 v0x56201b31e1c0_0;
    %concat/vec4; draw_concat_vec4
    %pad/u 20;
    %assign/vec4 v0x56201b31ddf0_0, 0;
    %pushi/vec4 4, 0, 5;
    %assign/vec4 v0x56201b31e280_0, 0;
    %jmp T_0.58;
T_0.51 ;
    %pushi/vec4 6, 0, 6;
    %load/vec4 v0x56201b31e1c0_0;
    %concat/vec4; draw_concat_vec4
    %pad/u 20;
    %assign/vec4 v0x56201b31ddf0_0, 0;
    %pushi/vec4 7, 0, 5;
    %assign/vec4 v0x56201b31e280_0, 0;
    %jmp T_0.58;
T_0.52 ;
    %pushi/vec4 37, 0, 8;
    %load/vec4 v0x56201b31e1c0_0;
    %concat/vec4; draw_concat_vec4
    %pad/u 20;
    %assign/vec4 v0x56201b31ddf0_0, 0;
    %pushi/vec4 9, 0, 5;
    %assign/vec4 v0x56201b31e280_0, 0;
    %jmp T_0.58;
T_0.53 ;
    %pushi/vec4 12, 0, 10;
    %load/vec4 v0x56201b31e1c0_0;
    %concat/vec4; draw_concat_vec4
    %pad/u 20;
    %assign/vec4 v0x56201b31ddf0_0, 0;
    %pushi/vec4 11, 0, 5;
    %assign/vec4 v0x56201b31e280_0, 0;
    %jmp T_0.58;
T_0.54 ;
    %pushi/vec4 27, 0, 12;
    %load/vec4 v0x56201b31e1c0_0;
    %concat/vec4; draw_concat_vec4
    %pad/u 20;
    %assign/vec4 v0x56201b31ddf0_0, 0;
    %pushi/vec4 13, 0, 5;
    %assign/vec4 v0x56201b31e280_0, 0;
    %jmp T_0.58;
T_0.55 ;
    %pushi/vec4 22, 0, 13;
    %load/vec4 v0x56201b31e1c0_0;
    %concat/vec4; draw_concat_vec4
    %pad/u 20;
    %assign/vec4 v0x56201b31ddf0_0, 0;
    %pushi/vec4 14, 0, 5;
    %assign/vec4 v0x56201b31e280_0, 0;
    %jmp T_0.58;
T_0.56 ;
    %pushi/vec4 21, 0, 13;
    %load/vec4 v0x56201b31e1c0_0;
    %concat/vec4; draw_concat_vec4
    %pad/u 20;
    %assign/vec4 v0x56201b31ddf0_0, 0;
    %pushi/vec4 14, 0, 5;
    %assign/vec4 v0x56201b31e280_0, 0;
    %jmp T_0.58;
T_0.58 ;
    %pop/vec4 1;
    %jmp T_0.32;
T_0.6 ;
    %load/vec4 v0x56201b31dd10_0;
    %dup/vec4;
    %pushi/vec4 1, 0, 8;
    %cmp/u;
    %jmp/1 T_0.59, 6;
    %dup/vec4;
    %pushi/vec4 2, 0, 8;
    %cmp/u;
    %jmp/1 T_0.60, 6;
    %dup/vec4;
    %pushi/vec4 3, 0, 8;
    %cmp/u;
    %jmp/1 T_0.61, 6;
    %dup/vec4;
    %pushi/vec4 4, 0, 8;
    %cmp/u;
    %jmp/1 T_0.62, 6;
    %dup/vec4;
    %pushi/vec4 5, 0, 8;
    %cmp/u;
    %jmp/1 T_0.63, 6;
    %pushi/vec4 1, 0, 6;
    %load/vec4 v0x56201b31e100_0;
    %concat/vec4; draw_concat_vec4
    %load/vec4 v0x56201b31df70_0;
    %concat/vec4; draw_concat_vec4
    %assign/vec4 v0x56201b31ddf0_0, 0;
    %pushi/vec4 20, 0, 5;
    %assign/vec4 v0x56201b31e280_0, 0;
    %jmp T_0.65;
T_0.59 ;
    %pushi/vec4 5, 0, 4;
    %load/vec4 v0x56201b31e1c0_0;
    %concat/vec4; draw_concat_vec4
    %pad/u 20;
    %assign/vec4 v0x56201b31ddf0_0, 0;
    %pushi/vec4 5, 0, 5;
    %assign/vec4 v0x56201b31e280_0, 0;
    %jmp T_0.65;
T_0.60 ;
    %pushi/vec4 4, 0, 7;
    %load/vec4 v0x56201b31e1c0_0;
    %concat/vec4; draw_concat_vec4
    %pad/u 20;
    %assign/vec4 v0x56201b31ddf0_0, 0;
    %pushi/vec4 8, 0, 5;
    %assign/vec4 v0x56201b31e280_0, 0;
    %jmp T_0.65;
T_0.61 ;
    %pushi/vec4 11, 0, 10;
    %load/vec4 v0x56201b31e1c0_0;
    %concat/vec4; draw_concat_vec4
    %pad/u 20;
    %assign/vec4 v0x56201b31ddf0_0, 0;
    %pushi/vec4 11, 0, 5;
    %assign/vec4 v0x56201b31e280_0, 0;
    %jmp T_0.65;
T_0.62 ;
    %pushi/vec4 20, 0, 12;
    %load/vec4 v0x56201b31e1c0_0;
    %concat/vec4; draw_concat_vec4
    %pad/u 20;
    %assign/vec4 v0x56201b31ddf0_0, 0;
    %pushi/vec4 13, 0, 5;
    %assign/vec4 v0x56201b31e280_0, 0;
    %jmp T_0.65;
T_0.63 ;
    %pushi/vec4 20, 0, 13;
    %load/vec4 v0x56201b31e1c0_0;
    %concat/vec4; draw_concat_vec4
    %pad/u 20;
    %assign/vec4 v0x56201b31ddf0_0, 0;
    %pushi/vec4 14, 0, 5;
    %assign/vec4 v0x56201b31e280_0, 0;
    %jmp T_0.65;
T_0.65 ;
    %pop/vec4 1;
    %jmp T_0.32;
T_0.7 ;
    %load/vec4 v0x56201b31dd10_0;
    %dup/vec4;
    %pushi/vec4 1, 0, 8;
    %cmp/u;
    %jmp/1 T_0.66, 6;
    %dup/vec4;
    %pushi/vec4 2, 0, 8;
    %cmp/u;
    %jmp/1 T_0.67, 6;
    %dup/vec4;
    %pushi/vec4 3, 0, 8;
    %cmp/u;
    %jmp/1 T_0.68, 6;
    %dup/vec4;
    %pushi/vec4 4, 0, 8;
    %cmp/u;
    %jmp/1 T_0.69, 6;
    %pushi/vec4 1, 0, 6;
    %load/vec4 v0x56201b31e100_0;
    %concat/vec4; draw_concat_vec4
    %load/vec4 v0x56201b31df70_0;
    %concat/vec4; draw_concat_vec4
    %assign/vec4 v0x56201b31ddf0_0, 0;
    %pushi/vec4 20, 0, 5;
    %assign/vec4 v0x56201b31e280_0, 0;
    %jmp T_0.71;
T_0.66 ;
    %pushi/vec4 7, 0, 5;
    %load/vec4 v0x56201b31e1c0_0;
    %concat/vec4; draw_concat_vec4
    %pad/u 20;
    %assign/vec4 v0x56201b31ddf0_0, 0;
    %pushi/vec4 6, 0, 5;
    %assign/vec4 v0x56201b31e280_0, 0;
    %jmp T_0.71;
T_0.67 ;
    %pushi/vec4 36, 0, 8;
    %load/vec4 v0x56201b31e1c0_0;
    %concat/vec4; draw_concat_vec4
    %pad/u 20;
    %assign/vec4 v0x56201b31ddf0_0, 0;
    %pushi/vec4 9, 0, 5;
    %assign/vec4 v0x56201b31e280_0, 0;
    %jmp T_0.71;
T_0.68 ;
    %pushi/vec4 28, 0, 12;
    %load/vec4 v0x56201b31e1c0_0;
    %concat/vec4; draw_concat_vec4
    %pad/u 20;
    %assign/vec4 v0x56201b31ddf0_0, 0;
    %pushi/vec4 13, 0, 5;
    %assign/vec4 v0x56201b31e280_0, 0;
    %jmp T_0.71;
T_0.69 ;
    %pushi/vec4 19, 0, 13;
    %load/vec4 v0x56201b31e1c0_0;
    %concat/vec4; draw_concat_vec4
    %pad/u 20;
    %assign/vec4 v0x56201b31ddf0_0, 0;
    %pushi/vec4 14, 0, 5;
    %assign/vec4 v0x56201b31e280_0, 0;
    %jmp T_0.71;
T_0.71 ;
    %pop/vec4 1;
    %jmp T_0.32;
T_0.8 ;
    %load/vec4 v0x56201b31dd10_0;
    %dup/vec4;
    %pushi/vec4 1, 0, 8;
    %cmp/u;
    %jmp/1 T_0.72, 6;
    %dup/vec4;
    %pushi/vec4 2, 0, 8;
    %cmp/u;
    %jmp/1 T_0.73, 6;
    %dup/vec4;
    %pushi/vec4 3, 0, 8;
    %cmp/u;
    %jmp/1 T_0.74, 6;
    %pushi/vec4 1, 0, 6;
    %load/vec4 v0x56201b31e100_0;
    %concat/vec4; draw_concat_vec4
    %load/vec4 v0x56201b31df70_0;
    %concat/vec4; draw_concat_vec4
    %assign/vec4 v0x56201b31ddf0_0, 0;
    %pushi/vec4 20, 0, 5;
    %assign/vec4 v0x56201b31e280_0, 0;
    %jmp T_0.76;
T_0.72 ;
    %pushi/vec4 6, 0, 5;
    %load/vec4 v0x56201b31e1c0_0;
    %concat/vec4; draw_concat_vec4
    %pad/u 20;
    %assign/vec4 v0x56201b31ddf0_0, 0;
    %pushi/vec4 6, 0, 5;
    %assign/vec4 v0x56201b31e280_0, 0;
    %jmp T_0.76;
T_0.73 ;
    %pushi/vec4 15, 0, 10;
    %load/vec4 v0x56201b31e1c0_0;
    %concat/vec4; draw_concat_vec4
    %pad/u 20;
    %assign/vec4 v0x56201b31ddf0_0, 0;
    %pushi/vec4 11, 0, 5;
    %assign/vec4 v0x56201b31e280_0, 0;
    %jmp T_0.76;
T_0.74 ;
    %pushi/vec4 18, 0, 12;
    %load/vec4 v0x56201b31e1c0_0;
    %concat/vec4; draw_concat_vec4
    %pad/u 20;
    %assign/vec4 v0x56201b31ddf0_0, 0;
    %pushi/vec4 13, 0, 5;
    %assign/vec4 v0x56201b31e280_0, 0;
    %jmp T_0.76;
T_0.76 ;
    %pop/vec4 1;
    %jmp T_0.32;
T_0.9 ;
    %load/vec4 v0x56201b31dd10_0;
    %dup/vec4;
    %pushi/vec4 1, 0, 8;
    %cmp/u;
    %jmp/1 T_0.77, 6;
    %dup/vec4;
    %pushi/vec4 2, 0, 8;
    %cmp/u;
    %jmp/1 T_0.78, 6;
    %dup/vec4;
    %pushi/vec4 3, 0, 8;
    %cmp/u;
    %jmp/1 T_0.79, 6;
    %pushi/vec4 1, 0, 6;
    %load/vec4 v0x56201b31e100_0;
    %concat/vec4; draw_concat_vec4
    %load/vec4 v0x56201b31df70_0;
    %concat/vec4; draw_concat_vec4
    %assign/vec4 v0x56201b31ddf0_0, 0;
    %pushi/vec4 20, 0, 5;
    %assign/vec4 v0x56201b31e280_0, 0;
    %jmp T_0.81;
T_0.77 ;
    %pushi/vec4 7, 0, 6;
    %load/vec4 v0x56201b31e1c0_0;
    %concat/vec4; draw_concat_vec4
    %pad/u 20;
    %assign/vec4 v0x56201b31ddf0_0, 0;
    %pushi/vec4 7, 0, 5;
    %assign/vec4 v0x56201b31e280_0, 0;
    %jmp T_0.81;
T_0.78 ;
    %pushi/vec4 9, 0, 10;
    %load/vec4 v0x56201b31e1c0_0;
    %concat/vec4; draw_concat_vec4
    %pad/u 20;
    %assign/vec4 v0x56201b31ddf0_0, 0;
    %pushi/vec4 11, 0, 5;
    %assign/vec4 v0x56201b31e280_0, 0;
    %jmp T_0.81;
T_0.79 ;
    %pushi/vec4 18, 0, 13;
    %load/vec4 v0x56201b31e1c0_0;
    %concat/vec4; draw_concat_vec4
    %pad/u 20;
    %assign/vec4 v0x56201b31ddf0_0, 0;
    %pushi/vec4 14, 0, 5;
    %assign/vec4 v0x56201b31e280_0, 0;
    %jmp T_0.81;
T_0.81 ;
    %pop/vec4 1;
    %jmp T_0.32;
T_0.10 ;
    %load/vec4 v0x56201b31dd10_0;
    %dup/vec4;
    %pushi/vec4 1, 0, 8;
    %cmp/u;
    %jmp/1 T_0.82, 6;
    %dup/vec4;
    %pushi/vec4 2, 0, 8;
    %cmp/u;
    %jmp/1 T_0.83, 6;
    %pushi/vec4 1, 0, 6;
    %load/vec4 v0x56201b31e100_0;
    %concat/vec4; draw_concat_vec4
    %load/vec4 v0x56201b31df70_0;
    %concat/vec4; draw_concat_vec4
    %assign/vec4 v0x56201b31ddf0_0, 0;
    %pushi/vec4 20, 0, 5;
    %assign/vec4 v0x56201b31e280_0, 0;
    %jmp T_0.85;
T_0.82 ;
    %pushi/vec4 5, 0, 6;
    %load/vec4 v0x56201b31e1c0_0;
    %concat/vec4; draw_concat_vec4
    %pad/u 20;
    %assign/vec4 v0x56201b31ddf0_0, 0;
    %pushi/vec4 7, 0, 5;
    %assign/vec4 v0x56201b31e280_0, 0;
    %jmp T_0.85;
T_0.83 ;
    %pushi/vec4 30, 0, 12;
    %load/vec4 v0x56201b31e1c0_0;
    %concat/vec4; draw_concat_vec4
    %pad/u 20;
    %assign/vec4 v0x56201b31ddf0_0, 0;
    %pushi/vec4 13, 0, 5;
    %assign/vec4 v0x56201b31e280_0, 0;
    %jmp T_0.85;
T_0.85 ;
    %pop/vec4 1;
    %jmp T_0.32;
T_0.11 ;
    %load/vec4 v0x56201b31dd10_0;
    %dup/vec4;
    %pushi/vec4 1, 0, 8;
    %cmp/u;
    %jmp/1 T_0.86, 6;
    %dup/vec4;
    %pushi/vec4 2, 0, 8;
    %cmp/u;
    %jmp/1 T_0.87, 6;
    %pushi/vec4 1, 0, 6;
    %load/vec4 v0x56201b31e100_0;
    %concat/vec4; draw_concat_vec4
    %load/vec4 v0x56201b31df70_0;
    %concat/vec4; draw_concat_vec4
    %assign/vec4 v0x56201b31ddf0_0, 0;
    %pushi/vec4 20, 0, 5;
    %assign/vec4 v0x56201b31e280_0, 0;
    %jmp T_0.89;
T_0.86 ;
    %pushi/vec4 4, 0, 6;
    %load/vec4 v0x56201b31e1c0_0;
    %concat/vec4; draw_concat_vec4
    %pad/u 20;
    %assign/vec4 v0x56201b31ddf0_0, 0;
    %pushi/vec4 7, 0, 5;
    %assign/vec4 v0x56201b31e280_0, 0;
    %jmp T_0.89;
T_0.87 ;
    %pushi/vec4 21, 0, 12;
    %load/vec4 v0x56201b31e1c0_0;
    %concat/vec4; draw_concat_vec4
    %pad/u 20;
    %assign/vec4 v0x56201b31ddf0_0, 0;
    %pushi/vec4 13, 0, 5;
    %assign/vec4 v0x56201b31e280_0, 0;
    %jmp T_0.89;
T_0.89 ;
    %pop/vec4 1;
    %jmp T_0.32;
T_0.12 ;
    %load/vec4 v0x56201b31dd10_0;
    %dup/vec4;
    %pushi/vec4 1, 0, 8;
    %cmp/u;
    %jmp/1 T_0.90, 6;
    %dup/vec4;
    %pushi/vec4 2, 0, 8;
    %cmp/u;
    %jmp/1 T_0.91, 6;
    %pushi/vec4 1, 0, 6;
    %load/vec4 v0x56201b31e100_0;
    %concat/vec4; draw_concat_vec4
    %load/vec4 v0x56201b31df70_0;
    %concat/vec4; draw_concat_vec4
    %assign/vec4 v0x56201b31ddf0_0, 0;
    %pushi/vec4 20, 0, 5;
    %assign/vec4 v0x56201b31e280_0, 0;
    %jmp T_0.93;
T_0.90 ;
    %pushi/vec4 7, 0, 7;
    %load/vec4 v0x56201b31e1c0_0;
    %concat/vec4; draw_concat_vec4
    %pad/u 20;
    %assign/vec4 v0x56201b31ddf0_0, 0;
    %pushi/vec4 8, 0, 5;
    %assign/vec4 v0x56201b31e280_0, 0;
    %jmp T_0.93;
T_0.91 ;
    %pushi/vec4 17, 0, 12;
    %load/vec4 v0x56201b31e1c0_0;
    %concat/vec4; draw_concat_vec4
    %pad/u 20;
    %assign/vec4 v0x56201b31ddf0_0, 0;
    %pushi/vec4 13, 0, 5;
    %assign/vec4 v0x56201b31e280_0, 0;
    %jmp T_0.93;
T_0.93 ;
    %pop/vec4 1;
    %jmp T_0.32;
T_0.13 ;
    %load/vec4 v0x56201b31dd10_0;
    %dup/vec4;
    %pushi/vec4 1, 0, 8;
    %cmp/u;
    %jmp/1 T_0.94, 6;
    %dup/vec4;
    %pushi/vec4 2, 0, 8;
    %cmp/u;
    %jmp/1 T_0.95, 6;
    %pushi/vec4 1, 0, 6;
    %load/vec4 v0x56201b31e100_0;
    %concat/vec4; draw_concat_vec4
    %load/vec4 v0x56201b31df70_0;
    %concat/vec4; draw_concat_vec4
    %assign/vec4 v0x56201b31ddf0_0, 0;
    %pushi/vec4 20, 0, 5;
    %assign/vec4 v0x56201b31e280_0, 0;
    %jmp T_0.97;
T_0.94 ;
    %pushi/vec4 5, 0, 7;
    %load/vec4 v0x56201b31e1c0_0;
    %concat/vec4; draw_concat_vec4
    %pad/u 20;
    %assign/vec4 v0x56201b31ddf0_0, 0;
    %pushi/vec4 8, 0, 5;
    %assign/vec4 v0x56201b31e280_0, 0;
    %jmp T_0.97;
T_0.95 ;
    %pushi/vec4 17, 0, 13;
    %load/vec4 v0x56201b31e1c0_0;
    %concat/vec4; draw_concat_vec4
    %pad/u 20;
    %assign/vec4 v0x56201b31ddf0_0, 0;
    %pushi/vec4 14, 0, 5;
    %assign/vec4 v0x56201b31e280_0, 0;
    %jmp T_0.97;
T_0.97 ;
    %pop/vec4 1;
    %jmp T_0.32;
T_0.14 ;
    %load/vec4 v0x56201b31dd10_0;
    %dup/vec4;
    %pushi/vec4 1, 0, 8;
    %cmp/u;
    %jmp/1 T_0.98, 6;
    %dup/vec4;
    %pushi/vec4 2, 0, 8;
    %cmp/u;
    %jmp/1 T_0.99, 6;
    %pushi/vec4 1, 0, 6;
    %load/vec4 v0x56201b31e100_0;
    %concat/vec4; draw_concat_vec4
    %load/vec4 v0x56201b31df70_0;
    %concat/vec4; draw_concat_vec4
    %assign/vec4 v0x56201b31ddf0_0, 0;
    %pushi/vec4 20, 0, 5;
    %assign/vec4 v0x56201b31e280_0, 0;
    %jmp T_0.101;
T_0.98 ;
    %pushi/vec4 39, 0, 8;
    %load/vec4 v0x56201b31e1c0_0;
    %concat/vec4; draw_concat_vec4
    %pad/u 20;
    %assign/vec4 v0x56201b31ddf0_0, 0;
    %pushi/vec4 9, 0, 5;
    %assign/vec4 v0x56201b31e280_0, 0;
    %jmp T_0.101;
T_0.99 ;
    %pushi/vec4 16, 0, 13;
    %load/vec4 v0x56201b31e1c0_0;
    %concat/vec4; draw_concat_vec4
    %pad/u 20;
    %assign/vec4 v0x56201b31ddf0_0, 0;
    %pushi/vec4 14, 0, 5;
    %assign/vec4 v0x56201b31e280_0, 0;
    %jmp T_0.101;
T_0.101 ;
    %pop/vec4 1;
    %jmp T_0.32;
T_0.15 ;
    %load/vec4 v0x56201b31dd10_0;
    %dup/vec4;
    %pushi/vec4 1, 0, 8;
    %cmp/u;
    %jmp/1 T_0.102, 6;
    %pushi/vec4 1, 0, 6;
    %load/vec4 v0x56201b31e100_0;
    %concat/vec4; draw_concat_vec4
    %load/vec4 v0x56201b31df70_0;
    %concat/vec4; draw_concat_vec4
    %assign/vec4 v0x56201b31ddf0_0, 0;
    %pushi/vec4 20, 0, 5;
    %assign/vec4 v0x56201b31e280_0, 0;
    %jmp T_0.104;
T_0.102 ;
    %pushi/vec4 35, 0, 8;
    %load/vec4 v0x56201b31e1c0_0;
    %concat/vec4; draw_concat_vec4
    %pad/u 20;
    %assign/vec4 v0x56201b31ddf0_0, 0;
    %pushi/vec4 9, 0, 5;
    %assign/vec4 v0x56201b31e280_0, 0;
    %jmp T_0.104;
T_0.104 ;
    %pop/vec4 1;
    %jmp T_0.32;
T_0.16 ;
    %load/vec4 v0x56201b31dd10_0;
    %dup/vec4;
    %pushi/vec4 1, 0, 8;
    %cmp/u;
    %jmp/1 T_0.105, 6;
    %pushi/vec4 1, 0, 6;
    %load/vec4 v0x56201b31e100_0;
    %concat/vec4; draw_concat_vec4
    %load/vec4 v0x56201b31df70_0;
    %concat/vec4; draw_concat_vec4
    %assign/vec4 v0x56201b31ddf0_0, 0;
    %pushi/vec4 20, 0, 5;
    %assign/vec4 v0x56201b31e280_0, 0;
    %jmp T_0.107;
T_0.105 ;
    %pushi/vec4 34, 0, 8;
    %load/vec4 v0x56201b31e1c0_0;
    %concat/vec4; draw_concat_vec4
    %pad/u 20;
    %assign/vec4 v0x56201b31ddf0_0, 0;
    %pushi/vec4 9, 0, 5;
    %assign/vec4 v0x56201b31e280_0, 0;
    %jmp T_0.107;
T_0.107 ;
    %pop/vec4 1;
    %jmp T_0.32;
T_0.17 ;
    %load/vec4 v0x56201b31dd10_0;
    %dup/vec4;
    %pushi/vec4 1, 0, 8;
    %cmp/u;
    %jmp/1 T_0.108, 6;
    %pushi/vec4 1, 0, 6;
    %load/vec4 v0x56201b31e100_0;
    %concat/vec4; draw_concat_vec4
    %load/vec4 v0x56201b31df70_0;
    %concat/vec4; draw_concat_vec4
    %assign/vec4 v0x56201b31ddf0_0, 0;
    %pushi/vec4 20, 0, 5;
    %assign/vec4 v0x56201b31e280_0, 0;
    %jmp T_0.110;
T_0.108 ;
    %pushi/vec4 32, 0, 8;
    %load/vec4 v0x56201b31e1c0_0;
    %concat/vec4; draw_concat_vec4
    %pad/u 20;
    %assign/vec4 v0x56201b31ddf0_0, 0;
    %pushi/vec4 9, 0, 5;
    %assign/vec4 v0x56201b31e280_0, 0;
    %jmp T_0.110;
T_0.110 ;
    %pop/vec4 1;
    %jmp T_0.32;
T_0.18 ;
    %load/vec4 v0x56201b31dd10_0;
    %dup/vec4;
    %pushi/vec4 1, 0, 8;
    %cmp/u;
    %jmp/1 T_0.111, 6;
    %pushi/vec4 1, 0, 6;
    %load/vec4 v0x56201b31e100_0;
    %concat/vec4; draw_concat_vec4
    %load/vec4 v0x56201b31df70_0;
    %concat/vec4; draw_concat_vec4
    %assign/vec4 v0x56201b31ddf0_0, 0;
    %pushi/vec4 20, 0, 5;
    %assign/vec4 v0x56201b31e280_0, 0;
    %jmp T_0.113;
T_0.111 ;
    %pushi/vec4 14, 0, 10;
    %load/vec4 v0x56201b31e1c0_0;
    %concat/vec4; draw_concat_vec4
    %pad/u 20;
    %assign/vec4 v0x56201b31ddf0_0, 0;
    %pushi/vec4 11, 0, 5;
    %assign/vec4 v0x56201b31e280_0, 0;
    %jmp T_0.113;
T_0.113 ;
    %pop/vec4 1;
    %jmp T_0.32;
T_0.19 ;
    %load/vec4 v0x56201b31dd10_0;
    %dup/vec4;
    %pushi/vec4 1, 0, 8;
    %cmp/u;
    %jmp/1 T_0.114, 6;
    %pushi/vec4 1, 0, 6;
    %load/vec4 v0x56201b31e100_0;
    %concat/vec4; draw_concat_vec4
    %load/vec4 v0x56201b31df70_0;
    %concat/vec4; draw_concat_vec4
    %assign/vec4 v0x56201b31ddf0_0, 0;
    %pushi/vec4 20, 0, 5;
    %assign/vec4 v0x56201b31e280_0, 0;
    %jmp T_0.116;
T_0.114 ;
    %pushi/vec4 13, 0, 10;
    %load/vec4 v0x56201b31e1c0_0;
    %concat/vec4; draw_concat_vec4
    %pad/u 20;
    %assign/vec4 v0x56201b31ddf0_0, 0;
    %pushi/vec4 11, 0, 5;
    %assign/vec4 v0x56201b31e280_0, 0;
    %jmp T_0.116;
T_0.116 ;
    %pop/vec4 1;
    %jmp T_0.32;
T_0.20 ;
    %load/vec4 v0x56201b31dd10_0;
    %dup/vec4;
    %pushi/vec4 1, 0, 8;
    %cmp/u;
    %jmp/1 T_0.117, 6;
    %pushi/vec4 1, 0, 6;
    %load/vec4 v0x56201b31e100_0;
    %concat/vec4; draw_concat_vec4
    %load/vec4 v0x56201b31df70_0;
    %concat/vec4; draw_concat_vec4
    %assign/vec4 v0x56201b31ddf0_0, 0;
    %pushi/vec4 20, 0, 5;
    %assign/vec4 v0x56201b31e280_0, 0;
    %jmp T_0.119;
T_0.117 ;
    %pushi/vec4 8, 0, 10;
    %load/vec4 v0x56201b31e1c0_0;
    %concat/vec4; draw_concat_vec4
    %pad/u 20;
    %assign/vec4 v0x56201b31ddf0_0, 0;
    %pushi/vec4 11, 0, 5;
    %assign/vec4 v0x56201b31e280_0, 0;
    %jmp T_0.119;
T_0.119 ;
    %pop/vec4 1;
    %jmp T_0.32;
T_0.21 ;
    %load/vec4 v0x56201b31dd10_0;
    %dup/vec4;
    %pushi/vec4 1, 0, 8;
    %cmp/u;
    %jmp/1 T_0.120, 6;
    %pushi/vec4 1, 0, 6;
    %load/vec4 v0x56201b31e100_0;
    %concat/vec4; draw_concat_vec4
    %load/vec4 v0x56201b31df70_0;
    %concat/vec4; draw_concat_vec4
    %assign/vec4 v0x56201b31ddf0_0, 0;
    %pushi/vec4 20, 0, 5;
    %assign/vec4 v0x56201b31e280_0, 0;
    %jmp T_0.122;
T_0.120 ;
    %pushi/vec4 31, 0, 12;
    %load/vec4 v0x56201b31e1c0_0;
    %concat/vec4; draw_concat_vec4
    %pad/u 20;
    %assign/vec4 v0x56201b31ddf0_0, 0;
    %pushi/vec4 13, 0, 5;
    %assign/vec4 v0x56201b31e280_0, 0;
    %jmp T_0.122;
T_0.122 ;
    %pop/vec4 1;
    %jmp T_0.32;
T_0.22 ;
    %load/vec4 v0x56201b31dd10_0;
    %dup/vec4;
    %pushi/vec4 1, 0, 8;
    %cmp/u;
    %jmp/1 T_0.123, 6;
    %pushi/vec4 1, 0, 6;
    %load/vec4 v0x56201b31e100_0;
    %concat/vec4; draw_concat_vec4
    %load/vec4 v0x56201b31df70_0;
    %concat/vec4; draw_concat_vec4
    %assign/vec4 v0x56201b31ddf0_0, 0;
    %pushi/vec4 20, 0, 5;
    %assign/vec4 v0x56201b31e280_0, 0;
    %jmp T_0.125;
T_0.123 ;
    %pushi/vec4 26, 0, 12;
    %load/vec4 v0x56201b31e1c0_0;
    %concat/vec4; draw_concat_vec4
    %pad/u 20;
    %assign/vec4 v0x56201b31ddf0_0, 0;
    %pushi/vec4 13, 0, 5;
    %assign/vec4 v0x56201b31e280_0, 0;
    %jmp T_0.125;
T_0.125 ;
    %pop/vec4 1;
    %jmp T_0.32;
T_0.23 ;
    %load/vec4 v0x56201b31dd10_0;
    %dup/vec4;
    %pushi/vec4 1, 0, 8;
    %cmp/u;
    %jmp/1 T_0.126, 6;
    %pushi/vec4 1, 0, 6;
    %load/vec4 v0x56201b31e100_0;
    %concat/vec4; draw_concat_vec4
    %load/vec4 v0x56201b31df70_0;
    %concat/vec4; draw_concat_vec4
    %assign/vec4 v0x56201b31ddf0_0, 0;
    %pushi/vec4 20, 0, 5;
    %assign/vec4 v0x56201b31e280_0, 0;
    %jmp T_0.128;
T_0.126 ;
    %pushi/vec4 25, 0, 12;
    %load/vec4 v0x56201b31e1c0_0;
    %concat/vec4; draw_concat_vec4
    %pad/u 20;
    %assign/vec4 v0x56201b31ddf0_0, 0;
    %pushi/vec4 13, 0, 5;
    %assign/vec4 v0x56201b31e280_0, 0;
    %jmp T_0.128;
T_0.128 ;
    %pop/vec4 1;
    %jmp T_0.32;
T_0.24 ;
    %load/vec4 v0x56201b31dd10_0;
    %dup/vec4;
    %pushi/vec4 1, 0, 8;
    %cmp/u;
    %jmp/1 T_0.129, 6;
    %pushi/vec4 1, 0, 6;
    %load/vec4 v0x56201b31e100_0;
    %concat/vec4; draw_concat_vec4
    %load/vec4 v0x56201b31df70_0;
    %concat/vec4; draw_concat_vec4
    %assign/vec4 v0x56201b31ddf0_0, 0;
    %pushi/vec4 20, 0, 5;
    %assign/vec4 v0x56201b31e280_0, 0;
    %jmp T_0.131;
T_0.129 ;
    %pushi/vec4 23, 0, 12;
    %load/vec4 v0x56201b31e1c0_0;
    %concat/vec4; draw_concat_vec4
    %pad/u 20;
    %assign/vec4 v0x56201b31ddf0_0, 0;
    %pushi/vec4 13, 0, 5;
    %assign/vec4 v0x56201b31e280_0, 0;
    %jmp T_0.131;
T_0.131 ;
    %pop/vec4 1;
    %jmp T_0.32;
T_0.25 ;
    %load/vec4 v0x56201b31dd10_0;
    %dup/vec4;
    %pushi/vec4 1, 0, 8;
    %cmp/u;
    %jmp/1 T_0.132, 6;
    %pushi/vec4 1, 0, 6;
    %load/vec4 v0x56201b31e100_0;
    %concat/vec4; draw_concat_vec4
    %load/vec4 v0x56201b31df70_0;
    %concat/vec4; draw_concat_vec4
    %assign/vec4 v0x56201b31ddf0_0, 0;
    %pushi/vec4 20, 0, 5;
    %assign/vec4 v0x56201b31e280_0, 0;
    %jmp T_0.134;
T_0.132 ;
    %pushi/vec4 22, 0, 12;
    %load/vec4 v0x56201b31e1c0_0;
    %concat/vec4; draw_concat_vec4
    %pad/u 20;
    %assign/vec4 v0x56201b31ddf0_0, 0;
    %pushi/vec4 13, 0, 5;
    %assign/vec4 v0x56201b31e280_0, 0;
    %jmp T_0.134;
T_0.134 ;
    %pop/vec4 1;
    %jmp T_0.32;
T_0.26 ;
    %load/vec4 v0x56201b31dd10_0;
    %dup/vec4;
    %pushi/vec4 1, 0, 8;
    %cmp/u;
    %jmp/1 T_0.135, 6;
    %pushi/vec4 1, 0, 6;
    %load/vec4 v0x56201b31e100_0;
    %concat/vec4; draw_concat_vec4
    %load/vec4 v0x56201b31df70_0;
    %concat/vec4; draw_concat_vec4
    %assign/vec4 v0x56201b31ddf0_0, 0;
    %pushi/vec4 20, 0, 5;
    %assign/vec4 v0x56201b31e280_0, 0;
    %jmp T_0.137;
T_0.135 ;
    %pushi/vec4 31, 0, 13;
    %load/vec4 v0x56201b31e1c0_0;
    %concat/vec4; draw_concat_vec4
    %pad/u 20;
    %assign/vec4 v0x56201b31ddf0_0, 0;
    %pushi/vec4 14, 0, 5;
    %assign/vec4 v0x56201b31e280_0, 0;
    %jmp T_0.137;
T_0.137 ;
    %pop/vec4 1;
    %jmp T_0.32;
T_0.27 ;
    %load/vec4 v0x56201b31dd10_0;
    %dup/vec4;
    %pushi/vec4 1, 0, 8;
    %cmp/u;
    %jmp/1 T_0.138, 6;
    %pushi/vec4 1, 0, 6;
    %load/vec4 v0x56201b31e100_0;
    %concat/vec4; draw_concat_vec4
    %load/vec4 v0x56201b31df70_0;
    %concat/vec4; draw_concat_vec4
    %assign/vec4 v0x56201b31ddf0_0, 0;
    %pushi/vec4 20, 0, 5;
    %assign/vec4 v0x56201b31e280_0, 0;
    %jmp T_0.140;
T_0.138 ;
    %pushi/vec4 30, 0, 13;
    %load/vec4 v0x56201b31e1c0_0;
    %concat/vec4; draw_concat_vec4
    %pad/u 20;
    %assign/vec4 v0x56201b31ddf0_0, 0;
    %pushi/vec4 14, 0, 5;
    %assign/vec4 v0x56201b31e280_0, 0;
    %jmp T_0.140;
T_0.140 ;
    %pop/vec4 1;
    %jmp T_0.32;
T_0.28 ;
    %load/vec4 v0x56201b31dd10_0;
    %dup/vec4;
    %pushi/vec4 1, 0, 8;
    %cmp/u;
    %jmp/1 T_0.141, 6;
    %pushi/vec4 1, 0, 6;
    %load/vec4 v0x56201b31e100_0;
    %concat/vec4; draw_concat_vec4
    %load/vec4 v0x56201b31df70_0;
    %concat/vec4; draw_concat_vec4
    %assign/vec4 v0x56201b31ddf0_0, 0;
    %pushi/vec4 20, 0, 5;
    %assign/vec4 v0x56201b31e280_0, 0;
    %jmp T_0.143;
T_0.141 ;
    %pushi/vec4 29, 0, 13;
    %load/vec4 v0x56201b31e1c0_0;
    %concat/vec4; draw_concat_vec4
    %pad/u 20;
    %assign/vec4 v0x56201b31ddf0_0, 0;
    %pushi/vec4 14, 0, 5;
    %assign/vec4 v0x56201b31e280_0, 0;
    %jmp T_0.143;
T_0.143 ;
    %pop/vec4 1;
    %jmp T_0.32;
T_0.29 ;
    %load/vec4 v0x56201b31dd10_0;
    %dup/vec4;
    %pushi/vec4 1, 0, 8;
    %cmp/u;
    %jmp/1 T_0.144, 6;
    %pushi/vec4 1, 0, 6;
    %load/vec4 v0x56201b31e100_0;
    %concat/vec4; draw_concat_vec4
    %load/vec4 v0x56201b31df70_0;
    %concat/vec4; draw_concat_vec4
    %assign/vec4 v0x56201b31ddf0_0, 0;
    %pushi/vec4 20, 0, 5;
    %assign/vec4 v0x56201b31e280_0, 0;
    %jmp T_0.146;
T_0.144 ;
    %pushi/vec4 28, 0, 13;
    %load/vec4 v0x56201b31e1c0_0;
    %concat/vec4; draw_concat_vec4
    %pad/u 20;
    %assign/vec4 v0x56201b31ddf0_0, 0;
    %pushi/vec4 14, 0, 5;
    %assign/vec4 v0x56201b31e280_0, 0;
    %jmp T_0.146;
T_0.146 ;
    %pop/vec4 1;
    %jmp T_0.32;
T_0.30 ;
    %load/vec4 v0x56201b31dd10_0;
    %dup/vec4;
    %pushi/vec4 1, 0, 8;
    %cmp/u;
    %jmp/1 T_0.147, 6;
    %pushi/vec4 1, 0, 6;
    %load/vec4 v0x56201b31e100_0;
    %concat/vec4; draw_concat_vec4
    %load/vec4 v0x56201b31df70_0;
    %concat/vec4; draw_concat_vec4
    %assign/vec4 v0x56201b31ddf0_0, 0;
    %pushi/vec4 20, 0, 5;
    %assign/vec4 v0x56201b31e280_0, 0;
    %jmp T_0.149;
T_0.147 ;
    %pushi/vec4 27, 0, 13;
    %load/vec4 v0x56201b31e1c0_0;
    %concat/vec4; draw_concat_vec4
    %pad/u 20;
    %assign/vec4 v0x56201b31ddf0_0, 0;
    %pushi/vec4 14, 0, 5;
    %assign/vec4 v0x56201b31e280_0, 0;
    %jmp T_0.149;
T_0.149 ;
    %pop/vec4 1;
    %jmp T_0.32;
T_0.32 ;
    %pop/vec4 1;
T_0.3 ;
T_0.1 ;
    %jmp T_0;
    .thread T_0;
    .scope S_0x56201b31d2b0;
T_1 ;
    %wait E_0x56201b220770;
    %load/vec4 v0x56201b31faf0_0;
    %flag_set/vec4 8;
    %jmp/0xz  T_1.0, 8;
    %pushi/vec4 0, 0, 6;
    %assign/vec4 v0x56201b320170_0, 0;
    %pushi/vec4 0, 0, 7;
    %assign/vec4 v0x56201b31e970_0, 0;
    %pushi/vec4 0, 0, 1;
    %assign/vec4 v0x56201b31ffd0_0, 0;
    %pushi/vec4 0, 0, 1;
    %assign/vec4 v0x56201b31f8d0_0, 0;
    %pushi/vec4 0, 0, 1;
    %assign/vec4 v0x56201b31f970_0, 0;
    %pushi/vec4 0, 0, 1;
    %assign/vec4 v0x56201b31f690_0, 0;
    %pushi/vec4 0, 0, 23;
    %assign/vec4 v0x56201b31fe30_0, 0;
    %pushi/vec4 0, 0, 6;
    %assign/vec4 v0x56201b31fef0_0, 0;
    %pushi/vec4 0, 0, 6;
    %assign/vec4 v0x56201b31fbe0_0, 0;
    %pushi/vec4 0, 0, 1;
    %assign/vec4 v0x56201b31f510_0, 0;
    %pushi/vec4 0, 0, 1;
    %assign/vec4 v0x56201b31f5d0_0, 0;
    %jmp T_1.1;
T_1.0 ;
    %load/vec4 v0x56201b31fa30_0;
    %inv;
    %flag_set/vec4 8;
    %jmp/0xz  T_1.2, 8;
    %load/vec4 v0x56201b31ffd0_0;
    %inv;
    %flag_set/vec4 8;
    %jmp/0xz  T_1.4, 8;
    %load/vec4 v0x56201b31f450_0;
    %flag_set/vec4 8;
    %jmp/0xz  T_1.6, 8;
    %pushi/vec4 1, 0, 1;
    %assign/vec4 v0x56201b31ffd0_0, 0;
    %pushi/vec4 1, 0, 1;
    %assign/vec4 v0x56201b31f690_0, 0;
    %pushi/vec4 0, 0, 6;
    %assign/vec4 v0x56201b320170_0, 0;
    %pushi/vec4 0, 0, 6;
    %assign/vec4 v0x56201b31fbe0_0, 0;
T_1.6 ;
    %pushi/vec4 0, 0, 1;
    %assign/vec4 v0x56201b31f970_0, 0;
    %jmp T_1.5;
T_1.4 ;
    %load/vec4 v0x56201b31f690_0;
    %flag_set/vec4 8;
    %jmp/0xz  T_1.8, 8;
    %load/vec4 v0x56201b320170_0;
    %pad/u 32;
    %pushi/vec4 0, 0, 32;
    %cmp/e;
    %flag_get/vec4 4;
    %load/vec4 v0x56201b31f750_0;
    %and;
    %flag_set/vec4 8;
    %jmp/0xz  T_1.10, 8;
    %pushi/vec4 0, 0, 3;
    %load/vec4 v0x56201b31f810_0;
    %concat/vec4; draw_concat_vec4
    %pad/u 23;
    %assign/vec4 v0x56201b31fe30_0, 0;
    %pushi/vec4 11, 0, 6;
    %assign/vec4 v0x56201b31fef0_0, 0;
    %jmp T_1.11;
T_1.10 ;
    %load/vec4 v0x56201b320170_0;
    %pad/u 32;
    %pushi/vec4 0, 0, 32;
    %cmp/e;
    %flag_get/vec4 4;
    %load/vec4 v0x56201b31e890_0;
    %pad/u 32;
    %pushi/vec4 1, 0, 32;
    %cmp/e;
    %flag_get/vec4 4;
    %and;
    %flag_set/vec4 8;
    %jmp/0xz  T_1.12, 8;
    %pushi/vec4 1, 0, 1;
    %load/vec4 v0x56201b31fca0_0;
    %concat/vec4; draw_concat_vec4
    %pad/u 23;
    %assign/vec4 v0x56201b31fe30_0, 0;
    %pushi/vec4 2, 0, 6;
    %assign/vec4 v0x56201b31fef0_0, 0;
    %jmp T_1.13;
T_1.12 ;
    %load/vec4 v0x56201b31f810_0;
    %pad/u 32;
    %cmpi/e 0, 0, 32;
    %jmp/0xz  T_1.14, 4;
    %load/vec4 v0x56201b31fbe0_0;
    %addi 1, 0, 6;
    %assign/vec4 v0x56201b31fbe0_0, 0;
    %jmp T_1.15;
T_1.14 ;
    %load/vec4 v0x56201b31ea50_0;
    %pad/u 23;
    %assign/vec4 v0x56201b31fe30_0, 0;
    %load/vec4 v0x56201b31fd40_0;
    %pad/u 6;
    %assign/vec4 v0x56201b31fef0_0, 0;
    %pushi/vec4 0, 0, 6;
    %assign/vec4 v0x56201b31fbe0_0, 0;
T_1.15 ;
T_1.13 ;
T_1.11 ;
    %pushi/vec4 0, 0, 1;
    %assign/vec4 v0x56201b31f690_0, 0;
    %pushi/vec4 0, 0, 1;
    %assign/vec4 v0x56201b31f970_0, 0;
    %jmp T_1.9;
T_1.8 ;
    %load/vec4 v0x56201b31f510_0;
    %flag_set/vec4 8;
    %jmp/0xz  T_1.16, 8;
    %pushi/vec4 1, 0, 1;
    %assign/vec4 v0x56201b31f970_0, 0;
    %load/vec4 v0x56201b31f5d0_0;
    %inv;
    %assign/vec4 v0x56201b31f8d0_0, 0;
    %load/vec4 v0x56201b31f5d0_0;
    %pad/u 2;
    %addi 1, 0, 2;
    %pad/u 1;
    %assign/vec4 v0x56201b31f5d0_0, 0;
    %load/vec4 v0x56201b31f5d0_0;
    %pad/u 32;
    %cmpi/e 1, 0, 32;
    %jmp/0xz  T_1.18, 4;
    %pushi/vec4 0, 0, 1;
    %assign/vec4 v0x56201b31f510_0, 0;
    %pushi/vec4 0, 0, 1;
    %assign/vec4 v0x56201b31f5d0_0, 0;
    %pushi/vec4 0, 0, 1;
    %assign/vec4 v0x56201b31ffd0_0, 0;
T_1.18 ;
    %jmp T_1.17;
T_1.16 ;
    %load/vec4 v0x56201b31e970_0;
    %addi 1, 0, 7;
    %assign/vec4 v0x56201b31e970_0, 0;
    %load/vec4 v0x56201b31fe30_0;
    %load/vec4 v0x56201b31fef0_0;
    %pad/u 32;
    %subi 1, 0, 32;
    %load/vec4 v0x56201b31e970_0;
    %pad/u 32;
    %sub;
    %part/u 1;
    %assign/vec4 v0x56201b31f8d0_0, 0;
    %pushi/vec4 1, 0, 1;
    %assign/vec4 v0x56201b31f970_0, 0;
    %load/vec4 v0x56201b31e970_0;
    %pad/u 32;
    %load/vec4 v0x56201b31fef0_0;
    %pad/u 32;
    %subi 1, 0, 32;
    %cmp/e;
    %jmp/0xz  T_1.20, 4;
    %load/vec4 v0x56201b320170_0;
    %addi 1, 0, 6;
    %assign/vec4 v0x56201b320170_0, 0;
    %load/vec4 v0x56201b320170_0;
    %cmpi/e 63, 0, 6;
    %jmp/0xz  T_1.22, 4;
    %pushi/vec4 1, 0, 1;
    %assign/vec4 v0x56201b31f510_0, 0;
    %pushi/vec4 0, 0, 1;
    %assign/vec4 v0x56201b31f5d0_0, 0;
    %jmp T_1.23;
T_1.22 ;
    %pushi/vec4 1, 0, 1;
    %assign/vec4 v0x56201b31f690_0, 0;
T_1.23 ;
    %pushi/vec4 0, 0, 7;
    %assign/vec4 v0x56201b31e970_0, 0;
T_1.20 ;
T_1.17 ;
T_1.9 ;
T_1.5 ;
T_1.2 ;
T_1.1 ;
    %jmp T_1;
    .thread T_1;
    .scope S_0x56201b31ca20;
T_2 ;
    %pushi/vec4 1, 0, 1;
    %store/vec4 v0x56201b321e00_0, 0, 1;
    %end;
    .thread T_2, $init;
    .scope S_0x56201b31ca20;
T_3 ;
    %wait E_0x56201b220770;
    %load/vec4 v0x56201b3223f0_0;
    %flag_set/vec4 8;
    %jmp/0xz  T_3.0, 8;
    %pushi/vec4 0, 0, 11;
    %assign/vec4 v0x56201b321540_0, 0;
    %pushi/vec4 38127687, 0, 32;
    %assign/vec4 v0x56201b3226e0_0, 0;
    %jmp T_3.1;
T_3.0 ;
    %load/vec4 v0x56201b321540_0;
    %cmpi/e 1110, 0, 11;
    %jmp/0xz  T_3.2, 4;
    %pushi/vec4 0, 0, 11;
    %assign/vec4 v0x56201b321540_0, 0;
    %load/vec4 v0x56201b3226e0_0;
    %addi 1, 0, 32;
    %assign/vec4 v0x56201b3226e0_0, 0;
    %jmp T_3.3;
T_3.2 ;
    %load/vec4 v0x56201b321540_0;
    %addi 1, 0, 11;
    %assign/vec4 v0x56201b321540_0, 0;
T_3.3 ;
T_3.1 ;
    %jmp T_3;
    .thread T_3;
    .scope S_0x56201b31ca20;
T_4 ;
    %wait E_0x56201b220770;
    %load/vec4 v0x56201b322050_0;
    %assign/vec4 v0x56201b321ba0_0, 0;
    %load/vec4 v0x56201b322970_0;
    %assign/vec4 v0x56201b321c60_0, 0;
    %load/vec4 v0x56201b3223f0_0;
    %flag_set/vec4 8;
    %jmp/0xz  T_4.0, 8;
    %pushi/vec4 0, 0, 16;
    %assign/vec4 v0x56201b3216c0_0, 0;
    %pushi/vec4 0, 0, 4;
    %assign/vec4 v0x56201b321920_0, 0;
    %pushi/vec4 0, 0, 6;
    %assign/vec4 v0x56201b321d20_0, 0;
    %pushi/vec4 0, 0, 1;
    %assign/vec4 v0x56201b3211f0_0, 0;
    %pushi/vec4 0, 0, 32;
    %assign/vec4 v0x56201b322490_0, 0;
    %pushi/vec4 0, 0, 8;
    %assign/vec4 v0x56201b321110_0, 0;
    %pushi/vec4 0, 0, 3;
    %assign/vec4 v0x56201b3212b0_0, 0;
    %pushi/vec4 0, 0, 1;
    %assign/vec4 v0x56201b322640_0, 0;
    %pushi/vec4 0, 0, 1;
    %assign/vec4 v0x56201b322570_0, 0;
    %pushi/vec4 0, 0, 1;
    %assign/vec4 v0x56201b321780_0, 0;
    %pushi/vec4 0, 0, 1;
    %assign/vec4 v0x56201b321ae0_0, 0;
    %pushi/vec4 0, 0, 1;
    %assign/vec4 v0x56201b321ed0_0, 0;
    %pushi/vec4 0, 0, 1;
    %assign/vec4 v0x56201b321620_0, 0;
    %jmp T_4.1;
T_4.0 ;
    %load/vec4 v0x56201b321780_0;
    %flag_set/vec4 8;
    %load/vec4 v0x56201b321ae0_0;
    %flag_set/vec4 9;
    %flag_or 9, 8;
    %load/vec4 v0x56201b321ed0_0;
    %flag_set/vec4 8;
    %flag_or 8, 9;
    %jmp/0xz  T_4.2, 8;
    %pushi/vec4 0, 0, 1;
    %assign/vec4 v0x56201b322640_0, 0;
    %pushi/vec4 0, 0, 1;
    %assign/vec4 v0x56201b321780_0, 0;
    %pushi/vec4 0, 0, 1;
    %assign/vec4 v0x56201b321ae0_0, 0;
    %pushi/vec4 0, 0, 1;
    %assign/vec4 v0x56201b321ed0_0, 0;
    %jmp T_4.3;
T_4.2 ;
    %load/vec4 v0x56201b322050_0;
    %flag_set/vec4 8;
    %jmp/0xz  T_4.4, 8;
    %pushi/vec4 0, 0, 1;
    %assign/vec4 v0x56201b322640_0, 0;
    %load/vec4 v0x56201b321ba0_0;
    %inv;
    %flag_set/vec4 8;
    %jmp/0xz  T_4.6, 8;
    %pushi/vec4 1, 0, 1;
    %assign/vec4 v0x56201b3211f0_0, 0;
T_4.6 ;
    %jmp T_4.5;
T_4.4 ;
    %load/vec4 v0x56201b322490_0;
    %dup/vec4;
    %pushi/vec4 0, 0, 32;
    %cmp/u;
    %jmp/1 T_4.8, 6;
    %dup/vec4;
    %pushi/vec4 2, 0, 32;
    %cmp/u;
    %jmp/1 T_4.9, 6;
    %dup/vec4;
    %pushi/vec4 3, 0, 32;
    %cmp/u;
    %jmp/1 T_4.10, 6;
    %dup/vec4;
    %pushi/vec4 4, 0, 32;
    %cmp/u;
    %jmp/1 T_4.11, 6;
    %dup/vec4;
    %pushi/vec4 5, 0, 32;
    %cmp/u;
    %jmp/1 T_4.12, 6;
    %jmp T_4.13;
T_4.8 ;
    %load/vec4 v0x56201b3226e0_0;
    %assign/vec4 v0x56201b3227c0_0, 0;
    %pushi/vec4 2, 0, 32;
    %assign/vec4 v0x56201b322490_0, 0;
    %pushi/vec4 1, 0, 1;
    %assign/vec4 v0x56201b321780_0, 0;
    %pushi/vec4 0, 0, 1;
    %assign/vec4 v0x56201b322640_0, 0;
    %jmp T_4.13;
T_4.9 ;
    %pushi/vec4 0, 0, 4;
    %assign/vec4 v0x56201b321920_0, 0;
    %load/vec4 v0x56201b321110_0;
    %addi 1, 0, 8;
    %assign/vec4 v0x56201b321110_0, 0;
    %pushi/vec4 1, 0, 1;
    %assign/vec4 v0x56201b322640_0, 0;
    %load/vec4 v0x56201b322330_0;
    %pushi/vec4 31, 0, 10;
    %load/vec4 v0x56201b321110_0;
    %pad/u 10;
    %sub;
    %part/s 1;
    %assign/vec4 v0x56201b322570_0, 0;
    %load/vec4 v0x56201b321110_0;
    %pad/u 32;
    %cmpi/e 31, 0, 32;
    %jmp/0xz  T_4.14, 4;
    %pushi/vec4 3, 0, 32;
    %assign/vec4 v0x56201b322490_0, 0;
    %pushi/vec4 1, 0, 1;
    %assign/vec4 v0x56201b321ae0_0, 0;
    %pushi/vec4 0, 0, 8;
    %assign/vec4 v0x56201b321110_0, 0;
T_4.14 ;
    %jmp T_4.13;
T_4.10 ;
    %pushi/vec4 0, 0, 6;
    %assign/vec4 v0x56201b321d20_0, 0;
    %load/vec4 v0x56201b321110_0;
    %addi 1, 0, 8;
    %assign/vec4 v0x56201b321110_0, 0;
    %load/vec4 v0x56201b321840_0;
    %pushi/vec4 25, 0, 10;
    %load/vec4 v0x56201b321110_0;
    %pad/u 10;
    %sub;
    %part/s 1;
    %assign/vec4 v0x56201b322570_0, 0;
    %pushi/vec4 1, 0, 1;
    %assign/vec4 v0x56201b322640_0, 0;
    %load/vec4 v0x56201b321110_0;
    %pad/u 32;
    %cmpi/e 25, 0, 32;
    %jmp/0xz  T_4.16, 4;
    %pushi/vec4 4, 0, 32;
    %assign/vec4 v0x56201b322490_0, 0;
    %pushi/vec4 1, 0, 1;
    %assign/vec4 v0x56201b321ed0_0, 0;
    %pushi/vec4 0, 0, 8;
    %assign/vec4 v0x56201b321110_0, 0;
T_4.16 ;
    %jmp T_4.13;
T_4.11 ;
    %pushi/vec4 0, 0, 3;
    %assign/vec4 v0x56201b3212b0_0, 0;
    %load/vec4 v0x56201b321110_0;
    %addi 1, 0, 8;
    %assign/vec4 v0x56201b321110_0, 0;
    %load/vec4 v0x56201b321e00_0;
    %flag_set/vec4 8;
    %jmp/0xz  T_4.18, 8;
    %pushi/vec4 17, 0, 5;
    %pushi/vec4 4, 0, 10;
    %load/vec4 v0x56201b321110_0;
    %pad/u 10;
    %sub;
    %part/s 1;
    %assign/vec4 v0x56201b322570_0, 0;
    %load/vec4 v0x56201b321110_0;
    %pad/u 32;
    %cmpi/e 4, 0, 32;
    %jmp/0xz  T_4.20, 4;
    %pushi/vec4 5, 0, 32;
    %assign/vec4 v0x56201b322490_0, 0;
    %pushi/vec4 0, 0, 8;
    %assign/vec4 v0x56201b321110_0, 0;
    %pushi/vec4 1, 0, 1;
    %assign/vec4 v0x56201b321620_0, 0;
T_4.20 ;
    %jmp T_4.19;
T_4.18 ;
    %pushi/vec4 204, 0, 8;
    %pushi/vec4 7, 0, 10;
    %load/vec4 v0x56201b321110_0;
    %pad/u 10;
    %sub;
    %part/s 1;
    %assign/vec4 v0x56201b322570_0, 0;
    %load/vec4 v0x56201b321110_0;
    %pad/u 32;
    %cmpi/e 7, 0, 32;
    %jmp/0xz  T_4.22, 4;
    %pushi/vec4 5, 0, 32;
    %assign/vec4 v0x56201b322490_0, 0;
    %pushi/vec4 0, 0, 8;
    %assign/vec4 v0x56201b321110_0, 0;
    %pushi/vec4 1, 0, 1;
    %assign/vec4 v0x56201b321620_0, 0;
T_4.22 ;
T_4.19 ;
    %pushi/vec4 1, 0, 1;
    %assign/vec4 v0x56201b322640_0, 0;
    %jmp T_4.13;
T_4.12 ;
    %load/vec4 v0x56201b322a40_0;
    %flag_set/vec4 8;
    %jmp/0xz  T_4.24, 8;
    %load/vec4 v0x56201b3228a0_0;
    %assign/vec4 v0x56201b322570_0, 0;
    %pushi/vec4 1, 0, 1;
    %assign/vec4 v0x56201b322640_0, 0;
    %jmp T_4.25;
T_4.24 ;
    %pushi/vec4 0, 0, 1;
    %assign/vec4 v0x56201b322640_0, 0;
T_4.25 ;
    %load/vec4 v0x56201b321c60_0;
    %load/vec4 v0x56201b322970_0;
    %inv;
    %and;
    %flag_set/vec4 8;
    %jmp/0xz  T_4.26, 8;
    %load/vec4 v0x56201b3212b0_0;
    %addi 1, 0, 3;
    %assign/vec4 v0x56201b3212b0_0, 0;
    %pushi/vec4 1, 0, 1;
    %assign/vec4 v0x56201b321620_0, 0;
    %load/vec4 v0x56201b3212b0_0;
    %pad/u 32;
    %cmpi/e 5, 0, 32;
    %jmp/0xz  T_4.28, 4;
    %pushi/vec4 0, 0, 3;
    %assign/vec4 v0x56201b3212b0_0, 0;
    %load/vec4 v0x56201b321d20_0;
    %addi 1, 0, 6;
    %assign/vec4 v0x56201b321d20_0, 0;
    %load/vec4 v0x56201b321d20_0;
    %pad/u 32;
    %cmpi/e 32, 0, 32;
    %jmp/0xz  T_4.30, 4;
    %pushi/vec4 0, 0, 6;
    %assign/vec4 v0x56201b321d20_0, 0;
    %load/vec4 v0x56201b321920_0;
    %addi 1, 0, 4;
    %assign/vec4 v0x56201b321920_0, 0;
    %load/vec4 v0x56201b321920_0;
    %pad/u 32;
    %cmpi/e 2, 0, 32;
    %jmp/0xz  T_4.32, 4;
    %pushi/vec4 0, 0, 4;
    %assign/vec4 v0x56201b321920_0, 0;
    %load/vec4 v0x56201b3216c0_0;
    %addi 1, 0, 16;
    %assign/vec4 v0x56201b3216c0_0, 0;
    %pushi/vec4 0, 0, 32;
    %assign/vec4 v0x56201b322490_0, 0;
    %jmp T_4.33;
T_4.32 ;
    %pushi/vec4 3, 0, 32;
    %assign/vec4 v0x56201b322490_0, 0;
    %pushi/vec4 1, 0, 1;
    %assign/vec4 v0x56201b321ae0_0, 0;
T_4.33 ;
    %jmp T_4.31;
T_4.30 ;
    %pushi/vec4 4, 0, 32;
    %assign/vec4 v0x56201b322490_0, 0;
    %pushi/vec4 1, 0, 1;
    %assign/vec4 v0x56201b321ed0_0, 0;
T_4.31 ;
T_4.28 ;
    %jmp T_4.27;
T_4.26 ;
    %pushi/vec4 0, 0, 1;
    %assign/vec4 v0x56201b321620_0, 0;
T_4.27 ;
    %jmp T_4.13;
T_4.13 ;
    %pop/vec4 1;
T_4.5 ;
T_4.3 ;
T_4.1 ;
    %jmp T_4;
    .thread T_4;
    .scope S_0x56201b2ba530;
T_5 ;
    %wait E_0x56201b220770;
    %load/vec4 v0x56201b2f6e10_0;
    %flag_set/vec4 8;
    %jmp/0xz  T_5.0, 8;
    %jmp T_5.1;
T_5.0 ;
    %load/vec4 v0x56201b2f7970_0;
    %flag_set/vec4 8;
    %jmp/0xz  T_5.2, 8;
    %load/vec4 v0x56201b31c880_0;
    %flag_set/vec4 8;
    %jmp/0xz  T_5.4, 8;
    %load/vec4 v0x56201b2e6cf0_0;
    %load/vec4 v0x56201b2fea10_0;
    %pad/u 15;
    %ix/vec4 3;
    %ix/load 4, 0, 0; Constant delay
    %assign/vec4/a/d v0x56201b2ec720, 0, 4;
    %jmp T_5.5;
T_5.4 ;
    %load/vec4 v0x56201b2fea10_0;
    %pad/u 15;
    %ix/vec4 4;
    %load/vec4a v0x56201b2ec720, 4;
    %assign/vec4 v0x56201b2e1c90_0, 0;
T_5.5 ;
T_5.2 ;
T_5.1 ;
    %jmp T_5;
    .thread T_5;
    .scope S_0x56201b2f7f60;
T_6 ;
    %pushi/vec4 8, 0, 5;
    %store/vec4 v0x56201b3243f0_0, 0, 5;
    %pushi/vec4 0, 0, 10;
    %store/vec4 v0x56201b323fc0_0, 0, 10;
    %end;
    .thread T_6, $init;
    .scope S_0x56201b2f7f60;
T_7 ;
    %wait E_0x56201b220770;
    %load/vec4 v0x56201b324590_0;
    %flag_set/vec4 8;
    %jmp/0xz  T_7.0, 8;
    %load/vec4 v0x56201b322c70_0;
    %pad/u 32;
    %cast2;
    %assign/vec4 v0x56201b324840_0, 0;
    %pushi/vec4 0, 0, 1;
    %assign/vec4 v0x56201b324350_0, 0;
    %pushi/vec4 0, 0, 14;
    %assign/vec4 v0x56201b323280_0, 0;
    %pushi/vec4 0, 0, 1;
    %assign/vec4 v0x56201b324920_0, 0;
    %pushi/vec4 0, 0, 1;
    %assign/vec4 v0x56201b3249e0_0, 0;
    %pushi/vec4 0, 0, 1;
    %assign/vec4 v0x56201b323860_0, 0;
    %pushi/vec4 0, 0, 14;
    %assign/vec4 v0x56201b323580_0, 0;
    %pushi/vec4 0, 0, 14;
    %assign/vec4 v0x56201b323640_0, 0;
    %pushi/vec4 0, 0, 14;
    %assign/vec4 v0x56201b3240a0_0, 0;
    %pushi/vec4 0, 0, 14;
    %assign/vec4 v0x56201b323400_0, 0;
    %pushi/vec4 0, 0, 5;
    %assign/vec4 v0x56201b323f00_0, 0;
    %jmp T_7.1;
T_7.0 ;
    %load/vec4 v0x56201b324840_0;
    %dup/vec4;
    %load/vec4 v0x56201b322c70_0;
    %pad/u 32;
    %cmp/u;
    %jmp/1 T_7.2, 6;
    %dup/vec4;
    %pushi/vec4 1, 0, 32;
    %cmp/u;
    %jmp/1 T_7.3, 6;
    %dup/vec4;
    %pushi/vec4 2, 0, 32;
    %cmp/u;
    %jmp/1 T_7.4, 6;
    %dup/vec4;
    %pushi/vec4 3, 0, 32;
    %cmp/u;
    %jmp/1 T_7.5, 6;
    %dup/vec4;
    %pushi/vec4 4, 0, 32;
    %cmp/u;
    %jmp/1 T_7.6, 6;
    %jmp T_7.7;
T_7.2 ;
    %load/vec4 v0x56201b3239c0_0;
    %inv;
    %pushi/vec4 2048, 0, 32;
    %load/vec4 v0x56201b323580_0;
    %pad/u 32;
    %cmp/u;
    %flag_get/vec4 5;
    %and;
    %load/vec4 v0x56201b323d60_0;
    %and;
    %pushi/vec4 1, 0, 32;
    %load/vec4 v0x56201b3240a0_0;
    %pad/u 32;
    %cmp/u;
    %flag_get/vec4 5;
    %and;
    %flag_set/vec4 8;
    %jmp/0xz  T_7.8, 8;
    %pushi/vec4 1, 0, 1;
    %assign/vec4 v0x56201b324350_0, 0;
    %pushi/vec4 32, 0, 32;
    %load/vec4 v0x56201b323580_0;
    %pad/u 32;
    %add;
    %pushi/vec4 7, 0, 32;
    %and;
    %cmpi/e 0, 0, 32;
    %flag_mov 8, 4;
    %jmp/0 T_7.10, 8;
    %pushi/vec4 0, 0, 16;
    %jmp/1 T_7.11, 8;
T_7.10 ; End of true expr.
    %pushi/vec4 8, 0, 16;
    %pushi/vec4 32, 0, 16;
    %load/vec4 v0x56201b323580_0;
    %pad/u 16;
    %add;
    %sub;
    %pushi/vec4 7, 0, 16;
    %and;
    %jmp/0 T_7.11, 8;
 ; End of false expr.
    %blend;
T_7.11;
    %pad/u 3;
    %assign/vec4 v0x56201b323900_0, 0;
    %load/vec4 v0x56201b323580_0;
    %pad/u 32;
    %pushi/vec4 7, 0, 32;
    %and;
    %cmpi/e 0, 0, 32;
    %flag_mov 8, 4;
    %jmp/0 T_7.12, 8;
    %load/vec4 v0x56201b323580_0;
    %jmp/1 T_7.13, 8;
T_7.12 ; End of true expr.
    %pushi/vec4 8, 0, 14;
    %load/vec4 v0x56201b323580_0;
    %pushi/vec4 16376, 0, 14;
    %and;
    %add;
    %jmp/0 T_7.13, 8;
 ; End of false expr.
    %blend;
T_7.13;
    %store/vec4 v0x56201b323640_0, 0, 14;
    %pushi/vec4 32, 0, 16;
    %load/vec4 v0x56201b323640_0;
    %pad/u 16;
    %add;
    %assign/vec4 v0x56201b324180_0, 0;
    %pushi/vec4 1, 0, 32;
    %assign/vec4 v0x56201b324840_0, 0;
    %pushi/vec4 1, 0, 1;
    %assign/vec4 v0x56201b323860_0, 0;
    %load/vec4 v0x56201b323e30_0;
    %pad/u 32;
    %cmpi/u 1, 0, 32;
    %flag_or 5, 4; GT is !LE
    %flag_inv 5;
    %flag_mov 8, 5;
    %jmp/0 T_7.14, 8;
    %load/vec4 v0x56201b323e30_0;
    %subi 2, 0, 6;
    %jmp/1 T_7.15, 8;
T_7.14 ; End of true expr.
    %pushi/vec4 0, 0, 6;
    %jmp/0 T_7.15, 8;
 ; End of false expr.
    %blend;
T_7.15;
    %pad/u 5;
    %assign/vec4 v0x56201b323f00_0, 0;
    %jmp T_7.9;
T_7.8 ;
    %load/vec4 v0x56201b323bf0_0;
    %flag_set/vec4 8;
    %jmp/0xz  T_7.16, 8;
    %pushi/vec4 0, 0, 14;
    %assign/vec4 v0x56201b3240a0_0, 0;
    %jmp T_7.17;
T_7.16 ;
    %load/vec4 v0x56201b323d60_0;
    %flag_set/vec4 8;
    %jmp/0xz  T_7.18, 8;
    %load/vec4 v0x56201b3240a0_0;
    %addi 1, 0, 14;
    %assign/vec4 v0x56201b3240a0_0, 0;
T_7.18 ;
T_7.17 ;
    %pushi/vec4 0, 0, 1;
    %assign/vec4 v0x56201b323860_0, 0;
    %load/vec4 v0x56201b3237c0_0;
    %flag_set/vec4 8;
    %jmp/0xz  T_7.20, 8;
    %load/vec4 v0x56201b323580_0;
    %addi 1, 0, 14;
    %assign/vec4 v0x56201b323580_0, 0;
T_7.20 ;
T_7.9 ;
    %jmp T_7.7;
T_7.3 ;
    %pushi/vec4 0, 0, 1;
    %assign/vec4 v0x56201b324350_0, 0;
    %load/vec4 v0x56201b3244d0_0;
    %flag_set/vec4 8;
    %jmp/0xz  T_7.22, 8;
    %pushi/vec4 2, 0, 32;
    %assign/vec4 v0x56201b324840_0, 0;
T_7.22 ;
    %jmp T_7.7;
T_7.4 ;
    %load/vec4 v0x56201b323cc0_0;
    %pushi/vec4 31, 0, 16;
    %load/vec4 v0x56201b323280_0;
    %pad/u 16;
    %sub;
    %part/s 1;
    %assign/vec4 v0x56201b324920_0, 0;
    %pushi/vec4 1, 0, 1;
    %assign/vec4 v0x56201b3249e0_0, 0;
    %load/vec4 v0x56201b323280_0;
    %addi 1, 0, 14;
    %assign/vec4 v0x56201b323280_0, 0;
    %load/vec4 v0x56201b323280_0;
    %pad/u 32;
    %cmpi/e 31, 0, 32;
    %jmp/0xz  T_7.24, 4;
    %pushi/vec4 1, 0, 14;
    %assign/vec4 v0x56201b323400_0, 0;
    %pushi/vec4 0, 0, 14;
    %assign/vec4 v0x56201b323280_0, 0;
    %pushi/vec4 3, 0, 32;
    %assign/vec4 v0x56201b324840_0, 0;
T_7.24 ;
    %load/vec4 v0x56201b323280_0;
    %pad/u 32;
    %cmpi/e 30, 0, 32;
    %jmp/0xz  T_7.26, 4;
    %pushi/vec4 0, 0, 14;
    %assign/vec4 v0x56201b323400_0, 0;
T_7.26 ;
    %jmp T_7.7;
T_7.5 ;
    %load/vec4 v0x56201b323400_0;
    %addi 1, 0, 14;
    %assign/vec4 v0x56201b323400_0, 0;
    %load/vec4 v0x56201b323580_0;
    %pad/u 32;
    %subi 1, 0, 32;
    %load/vec4 v0x56201b323400_0;
    %pad/u 32;
    %cmp/u;
    %flag_mov 8, 5;
    %jmp/0 T_7.28, 8;
    %pushi/vec4 0, 0, 1;
    %jmp/1 T_7.29, 8;
T_7.28 ; End of true expr.
    %load/vec4 v0x56201b3234e0_0;
    %jmp/0 T_7.29, 8;
 ; End of false expr.
    %blend;
T_7.29;
    %assign/vec4 v0x56201b324920_0, 0;
    %pushi/vec4 1, 0, 1;
    %assign/vec4 v0x56201b3249e0_0, 0;
    %load/vec4 v0x56201b323400_0;
    %pad/u 32;
    %load/vec4 v0x56201b323640_0;
    %pad/u 32;
    %subi 1, 0, 32;
    %cmp/e;
    %jmp/0xz  T_7.30, 4;
    %pushi/vec4 4, 0, 32;
    %assign/vec4 v0x56201b324840_0, 0;
T_7.30 ;
    %jmp T_7.7;
T_7.6 ;
    %pushi/vec4 0, 0, 1;
    %assign/vec4 v0x56201b3249e0_0, 0;
    %load/vec4 v0x56201b322c70_0;
    %pad/u 32;
    %cast2;
    %assign/vec4 v0x56201b324840_0, 0;
    %pushi/vec4 0, 0, 14;
    %assign/vec4 v0x56201b3240a0_0, 0;
    %pushi/vec4 0, 0, 14;
    %assign/vec4 v0x56201b323580_0, 0;
    %pushi/vec4 0, 0, 14;
    %assign/vec4 v0x56201b323640_0, 0;
    %pushi/vec4 0, 0, 14;
    %assign/vec4 v0x56201b323280_0, 0;
    %jmp T_7.7;
T_7.7 ;
    %pop/vec4 1;
T_7.1 ;
    %jmp T_7;
    .thread T_7;
    .scope S_0x56201b324bc0;
T_8 ;
    %pushi/vec4 123456, 0, 32;
    %store/vec4 v0x56201b325720_0, 0, 32;
    %end;
    .thread T_8, $init;
    .scope S_0x56201b324bc0;
T_9 ;
    %wait E_0x56201b220770;
    %load/vec4 v0x56201b326380_0;
    %flag_set/vec4 8;
    %jmp/0xz  T_9.0, 8;
    %pushi/vec4 0, 0, 2;
    %assign/vec4 v0x56201b326800_0, 0;
    %pushi/vec4 0, 0, 1;
    %assign/vec4 v0x56201b3269c0_0, 0;
    %pushi/vec4 0, 0, 1;
    %assign/vec4 v0x56201b3262b0_0, 0;
    %vpi_func 8 68 "$urandom" 32 {0 0 0};
    %pad/u 16;
    %assign/vec4 v0x56201b3265a0_0, 0;
    %pushi/vec4 0, 0, 1;
    %assign/vec4 v0x56201b326740_0, 0;
    %jmp T_9.1;
T_9.0 ;
    %load/vec4 v0x56201b326800_0;
    %dup/vec4;
    %pushi/vec4 0, 0, 2;
    %cmp/u;
    %jmp/1 T_9.2, 6;
    %dup/vec4;
    %pushi/vec4 1, 0, 2;
    %cmp/u;
    %jmp/1 T_9.3, 6;
    %dup/vec4;
    %pushi/vec4 3, 0, 2;
    %cmp/u;
    %jmp/1 T_9.4, 6;
    %jmp T_9.5;
T_9.2 ;
    %load/vec4 v0x56201b326140_0;
    %flag_set/vec4 8;
    %jmp/0xz  T_9.6, 8;
    %pushi/vec4 0, 0, 16;
    %assign/vec4 v0x56201b3258f0_0, 0;
    %pushi/vec4 1, 0, 2;
    %assign/vec4 v0x56201b326800_0, 0;
    %pushi/vec4 2, 0, 2;
    %concati/vec4 0, 0, 1;
    %concati/vec4 0, 0, 1;
    %concati/vec4 0, 0, 4;
    %load/vec4 v0x56201b3264e0_0;
    %concat/vec4; draw_concat_vec4
    %concati/vec4 31, 0, 7;
    %load/vec4 v0x56201b3265a0_0;
    %concat/vec4; draw_concat_vec4
    %load/vec4 v0x56201b326680_0;
    %concat/vec4; draw_concat_vec4
    %load/vec4 v0x56201b325720_0;
    %concat/vec4; draw_concat_vec4
    %assign/vec4 v0x56201b326420_0, 0;
    %load/vec4 v0x56201b326050_0;
    %assign/vec4 v0x56201b326210_0, 0;
    %pushi/vec4 2000, 0, 16;
    %concati/vec4 2000, 0, 16;
    %load/vec4 v0x56201b325800_0;
    %concat/vec4; draw_concat_vec4
    %concati/vec4 0, 0, 16;
    %assign/vec4 v0x56201b3268e0_0, 0;
    %pushi/vec4 4, 0, 4;
    %concati/vec4 5, 0, 4;
    %concati/vec4 0, 0, 8;
    %load/vec4 v0x56201b325620_0;
    %concat/vec4; draw_concat_vec4
    %concati/vec4 0, 0, 16;
    %concati/vec4 2, 0, 3;
    %concati/vec4 0, 0, 13;
    %concati/vec4 7, 0, 8;
    %concati/vec4 17, 0, 8;
    %concati/vec4 0, 0, 16;
    %concati/vec4 167772161, 0, 32;
    %concati/vec4 170524927, 0, 32;
    %assign/vec4 v0x56201b325f70_0, 0;
T_9.6 ;
    %pushi/vec4 0, 0, 1;
    %assign/vec4 v0x56201b326740_0, 0;
    %jmp T_9.5;
T_9.3 ;
    %load/vec4 v0x56201b3258f0_0;
    %pad/u 34;
    %cmpi/u 320, 0, 34;
    %jmp/0xz  T_9.8, 5;
    %load/vec4 v0x56201b325dd0_0;
    %load/vec4 v0x56201b325e90_0;
    %pad/u 18;
    %subi 7, 0, 18;
    %part/s 8;
    %assign/vec4 v0x56201b325c40_0, 0;
    %load/vec4 v0x56201b3258f0_0;
    %addi 8, 0, 16;
    %assign/vec4 v0x56201b3258f0_0, 0;
    %pushi/vec4 1, 0, 1;
    %assign/vec4 v0x56201b3269c0_0, 0;
    %jmp T_9.9;
T_9.8 ;
    %pushi/vec4 3, 0, 2;
    %assign/vec4 v0x56201b326800_0, 0;
    %pushi/vec4 1, 0, 1;
    %assign/vec4 v0x56201b3262b0_0, 0;
    %pushi/vec4 0, 0, 1;
    %assign/vec4 v0x56201b3269c0_0, 0;
    %pushi/vec4 0, 0, 8;
    %assign/vec4 v0x56201b325c40_0, 0;
    %pushi/vec4 0, 0, 4;
    %assign/vec4 v0x56201b3259d0_0, 0;
T_9.9 ;
    %jmp T_9.5;
T_9.4 ;
    %load/vec4 v0x56201b3258f0_0;
    %pad/u 34;
    %pushi/vec4 320, 0, 34;
    %load/vec4 v0x56201b326210_0;
    %pad/u 34;
    %add;
    %cmp/u;
    %jmp/0xz  T_9.10, 5;
    %load/vec4 v0x56201b325d00_0;
    %flag_set/vec4 8;
    %jmp/0xz  T_9.12, 8;
    %load/vec4 v0x56201b3259d0_0;
    %pad/u 32;
    %cmpi/u 7, 0, 32;
    %flag_inv 5; GE is !LT
    %jmp/0xz  T_9.14, 5;
    %pushi/vec4 0, 0, 4;
    %assign/vec4 v0x56201b3259d0_0, 0;
    %pushi/vec4 1, 0, 1;
    %assign/vec4 v0x56201b3269c0_0, 0;
    %jmp T_9.15;
T_9.14 ;
    %load/vec4 v0x56201b3259d0_0;
    %addi 1, 0, 4;
    %assign/vec4 v0x56201b3259d0_0, 0;
    %pushi/vec4 0, 0, 1;
    %assign/vec4 v0x56201b3269c0_0, 0;
T_9.15 ;
    %load/vec4 v0x56201b325ba0_0;
    %ix/load 5, 0, 0;
    %pushi/vec4 7, 0, 32;
    %load/vec4 v0x56201b3259d0_0;
    %pad/u 32;
    %sub;
    %ix/vec4 4;
    %assign/vec4/off/d v0x56201b325c40_0, 4, 5;
    %load/vec4 v0x56201b3258f0_0;
    %addi 1, 0, 16;
    %assign/vec4 v0x56201b3258f0_0, 0;
T_9.12 ;
    %jmp T_9.11;
T_9.10 ;
    %pushi/vec4 0, 0, 2;
    %assign/vec4 v0x56201b326800_0, 0;
    %pushi/vec4 0, 0, 1;
    %assign/vec4 v0x56201b3269c0_0, 0;
    %pushi/vec4 0, 0, 1;
    %assign/vec4 v0x56201b3262b0_0, 0;
    %pushi/vec4 0, 0, 8;
    %assign/vec4 v0x56201b325c40_0, 0;
    %load/vec4 v0x56201b3265a0_0;
    %addi 1, 0, 16;
    %assign/vec4 v0x56201b3265a0_0, 0;
    %pushi/vec4 1, 0, 1;
    %assign/vec4 v0x56201b326740_0, 0;
T_9.11 ;
    %jmp T_9.5;
T_9.5 ;
    %pop/vec4 1;
T_9.1 ;
    %jmp T_9;
    .thread T_9;
    .scope S_0x56201b324bc0;
T_10 ;
Ewait_0 .event/or E_0x56201b21ead0, E_0x0;
    %wait Ewait_0;
    %load/vec4 v0x56201b325f70_0;
    %load/vec4 v0x56201b3268e0_0;
    %concat/vec4; draw_concat_vec4
    %load/vec4 v0x56201b326420_0;
    %concat/vec4; draw_concat_vec4
    %store/vec4 v0x56201b325dd0_0, 0, 320;
    %pushi/vec4 320, 0, 34;
    %load/vec4 v0x56201b3258f0_0;
    %pad/u 34;
    %sub;
    %subi 1, 0, 34;
    %pad/u 16;
    %store/vec4 v0x56201b325e90_0, 0, 16;
    %pushi/vec4 160, 0, 32;
    %load/vec4 v0x56201b326050_0;
    %pad/u 32;
    %add;
    %ix/load 4, 3, 0;
    %flag_set/imm 4, 0;
    %shiftr 4;
    %pad/u 16;
    %store/vec4 v0x56201b325800_0, 0, 16;
    %pushi/vec4 320, 0, 32;
    %load/vec4 v0x56201b326050_0;
    %pad/u 32;
    %add;
    %ix/load 4, 3, 0;
    %flag_set/imm 4, 0;
    %shiftr 4;
    %pad/u 16;
    %store/vec4 v0x56201b325620_0, 0, 16;
    %jmp T_10;
    .thread T_10, $push;
    .scope S_0x56201b2f5730;
T_11 ;
    %pushi/vec4 0, 0, 1;
    %store/vec4 v0x56201b326ce0_0, 0, 1;
    %end;
    .thread T_11, $init;
    .scope S_0x56201b2f5730;
T_12 ;
    %delay 5000, 0;
    %load/vec4 v0x56201b326c20_0;
    %inv;
    %store/vec4 v0x56201b326c20_0, 0, 1;
    %jmp T_12;
    .thread T_12;
    .scope S_0x56201b2f5730;
T_13 ;
    %vpi_call/w 3 63 "$dumpfile", "top_level_tb.vcd" {0 0 0};
    %vpi_call/w 3 64 "$dumpvars", 32'sb00000000000000000000000000000000, S_0x56201b2f5730 {0 0 0};
    %pushi/vec4 0, 0, 1;
    %store/vec4 v0x56201b326c20_0, 0, 1;
    %pushi/vec4 1, 0, 1;
    %store/vec4 v0x56201b327100_0, 0, 1;
    %delay 100000, 0;
    %pushi/vec4 0, 0, 1;
    %store/vec4 v0x56201b327100_0, 0, 1;
    %delay 1000000000, 0;
    %vpi_call/w 3 73 "$finish" {0 0 0};
    %end;
    .thread T_13;
# The file index is used to find the file name in the following table.
:file_names 9;
    "N/A";
    "<interactive>";
    "-";
    "sim/top_level.sv";
    "hdl/packetizer.sv";
    "hdl/bram_sdp.sv";
    "hdl/encoder.sv";
    "hdl/vlc_matching.sv";
    "hdl/rtp.sv";
