Copyright 1986-2022 Xilinx, Inc. All Rights Reserved. Copyright 2022-2023 Advanced Micro Devices, Inc. All Rights Reserved.
---------------------------------------------------------------------------------------------------------------------------------------------
| Tool Version : Vivado v.2023.1 (lin64) Build 3865809 Sun May  7 15:04:56 MDT 2023
| Date         : Thu Dec 14 14:29:02 2023
| Host         : worker running 64-bit Ubuntu 20.04.6 LTS
| Command      : report_timing_summary -file obj/post_route_timing_summary.rpt
| Design       : top_level
| Device       : 7s50-csga324
| Speed File   : -1  PRODUCTION 1.23 2018-06-13
| Design State : Routed
---------------------------------------------------------------------------------------------------------------------------------------------

Timing Summary Report

------------------------------------------------------------------------------------------------
| Timer Settings
| --------------
------------------------------------------------------------------------------------------------

  Enable Multi Corner Analysis               :  Yes
  Enable Pessimism Removal                   :  Yes
  Pessimism Removal Resolution               :  Nearest Common Node
  Enable Input Delay Default Clock           :  No
  Enable Preset / Clear Arcs                 :  No
  Disable Flight Delays                      :  No
  Ignore I/O Paths                           :  No
  Timing Early Launch at Borrowing Latches   :  No
  Borrow Time for Max Delay Exceptions       :  Yes
  Merge Timing Exceptions                    :  Yes

  Corner  Analyze    Analyze    
  Name    Max Paths  Min Paths  
  ------  ---------  ---------  
  Slow    Yes        Yes        
  Fast    Yes        Yes        


------------------------------------------------------------------------------------------------
| Report Methodology
| ------------------
------------------------------------------------------------------------------------------------

No report available as report_methodology has not been run prior. Run report_methodology on the current design for the summary of methodology violations.



check_timing report

Table of Contents
-----------------
1. checking no_clock (0)
2. checking constant_clock (0)
3. checking pulse_width_clock (0)
4. checking unconstrained_internal_endpoints (0)
5. checking no_input_delay (17)
6. checking no_output_delay (3)
7. checking multiple_clock (0)
8. checking generated_clocks (0)
9. checking loops (0)
10. checking partial_input_delay (0)
11. checking partial_output_delay (0)
12. checking latch_loops (0)

1. checking no_clock (0)
------------------------
 There are 0 register/latch pins with no clock.


2. checking constant_clock (0)
------------------------------
 There are 0 register/latch pins with constant_clock.


3. checking pulse_width_clock (0)
---------------------------------
 There are 0 register/latch pins which need pulse_width check


4. checking unconstrained_internal_endpoints (0)
------------------------------------------------
 There are 0 pins that are not constrained for maximum delay.

 There are 0 pins that are not constrained for maximum delay due to constant clock.


5. checking no_input_delay (17)
-------------------------------
 There are 17 input ports with no input delay specified. (HIGH)

 There are 0 input ports with no input delay but user has a false path constraint.


6. checking no_output_delay (3)
-------------------------------
 There are 3 ports with no output delay specified. (HIGH)

 There are 0 ports with no output delay but user has a false path constraint

 There are 0 ports with no output delay but with a timing clock defined on it or propagating through it


7. checking multiple_clock (0)
------------------------------
 There are 0 register/latch pins with multiple clocks.


8. checking generated_clocks (0)
--------------------------------
 There are 0 generated clocks that are not connected to a clock source.


9. checking loops (0)
---------------------
 There are 0 combinational loops in the design.


10. checking partial_input_delay (0)
------------------------------------
 There are 0 input ports with partial input delay specified.


11. checking partial_output_delay (0)
-------------------------------------
 There are 0 ports with partial output delay specified.


12. checking latch_loops (0)
----------------------------
 There are 0 combinational latch loops in the design through latch input



------------------------------------------------------------------------------------------------
| Design Timing Summary
| ---------------------
------------------------------------------------------------------------------------------------

    WNS(ns)      TNS(ns)  TNS Failing Endpoints  TNS Total Endpoints      WHS(ns)      THS(ns)  THS Failing Endpoints  THS Total Endpoints     WPWS(ns)     TPWS(ns)  TPWS Failing Endpoints  TPWS Total Endpoints  
    -------      -------  ---------------------  -------------------      -------      -------  ---------------------  -------------------     --------     --------  ----------------------  --------------------  
      4.476        0.000                      0                  474        0.196        0.000                      0                  474        0.538        0.000                       0                   219  


All user specified timing constraints are met.


------------------------------------------------------------------------------------------------
| Clock Summary
| -------------
------------------------------------------------------------------------------------------------

Clock                  Waveform(ns)         Period(ns)      Frequency(MHz)
-----                  ------------         ----------      --------------
gclk                   {0.000 4.000}        10.000          100.000         
  clk_pixel_clk_wiz_0  {0.000 6.734}        13.468          74.250          
  clk_tmds_clk_wiz_0   {0.000 1.347}        2.694           371.250         
  clkfbout_clk_wiz_0   {0.000 25.000}       50.000          20.000          


------------------------------------------------------------------------------------------------
| Intra Clock Table
| -----------------
------------------------------------------------------------------------------------------------

Clock                      WNS(ns)      TNS(ns)  TNS Failing Endpoints  TNS Total Endpoints      WHS(ns)      THS(ns)  THS Failing Endpoints  THS Total Endpoints     WPWS(ns)     TPWS(ns)  TPWS Failing Endpoints  TPWS Total Endpoints  
-----                      -------      -------  ---------------------  -------------------      -------      -------  ---------------------  -------------------     --------     --------  ----------------------  --------------------  
gclk                                                                                                                                                                     2.000        0.000                       0                     1  
  clk_pixel_clk_wiz_0        4.476        0.000                      0                  474        0.196        0.000                      0                  474        6.234        0.000                       0                   207  
  clk_tmds_clk_wiz_0                                                                                                                                                     0.538        0.000                       0                     8  
  clkfbout_clk_wiz_0                                                                                                                                                    47.845        0.000                       0                     3  


------------------------------------------------------------------------------------------------
| Inter Clock Table
| -----------------
------------------------------------------------------------------------------------------------

From Clock    To Clock          WNS(ns)      TNS(ns)  TNS Failing Endpoints  TNS Total Endpoints      WHS(ns)      THS(ns)  THS Failing Endpoints  THS Total Endpoints  
----------    --------          -------      -------  ---------------------  -------------------      -------      -------  ---------------------  -------------------  


------------------------------------------------------------------------------------------------
| Other Path Groups Table
| -----------------------
------------------------------------------------------------------------------------------------

Path Group    From Clock    To Clock          WNS(ns)      TNS(ns)  TNS Failing Endpoints  TNS Total Endpoints      WHS(ns)      THS(ns)  THS Failing Endpoints  THS Total Endpoints  
----------    ----------    --------          -------      -------  ---------------------  -------------------      -------      -------  ---------------------  -------------------  


------------------------------------------------------------------------------------------------
| Timing Details
| --------------
------------------------------------------------------------------------------------------------


---------------------------------------------------------------------------------------------------
From Clock:  gclk
  To Clock:  gclk

Setup :           NA  Failing Endpoints,  Worst Slack           NA  ,  Total Violation           NA
Hold  :           NA  Failing Endpoints,  Worst Slack           NA  ,  Total Violation           NA
PW    :            0  Failing Endpoints,  Worst Slack        2.000ns,  Total Violation        0.000ns
---------------------------------------------------------------------------------------------------


Pulse Width Checks
--------------------------------------------------------------------------------------
Clock Name:         gclk
Waveform(ns):       { 0.000 4.000 }
Period(ns):         10.000
Sources:            { clk_100mhz }

Check Type        Corner  Lib Pin            Reference Pin  Required(ns)  Actual(ns)  Slack(ns)  Location         Pin
Min Period        n/a     MMCME2_ADV/CLKIN1  n/a            1.249         10.000      8.751      MMCME2_ADV_X0Y0  mhdmicw/mmcm_adv_inst/CLKIN1
Max Period        n/a     MMCME2_ADV/CLKIN1  n/a            100.000       10.000      90.000     MMCME2_ADV_X0Y0  mhdmicw/mmcm_adv_inst/CLKIN1
Low Pulse Width   Slow    MMCME2_ADV/CLKIN1  n/a            2.000         6.000       4.000      MMCME2_ADV_X0Y0  mhdmicw/mmcm_adv_inst/CLKIN1
High Pulse Width  Slow    MMCME2_ADV/CLKIN1  n/a            2.000         4.000       2.000      MMCME2_ADV_X0Y0  mhdmicw/mmcm_adv_inst/CLKIN1



---------------------------------------------------------------------------------------------------
From Clock:  clk_pixel_clk_wiz_0
  To Clock:  clk_pixel_clk_wiz_0

Setup :            0  Failing Endpoints,  Worst Slack        4.476ns,  Total Violation        0.000ns
Hold  :            0  Failing Endpoints,  Worst Slack        0.196ns,  Total Violation        0.000ns
PW    :            0  Failing Endpoints,  Worst Slack        6.234ns,  Total Violation        0.000ns
---------------------------------------------------------------------------------------------------


Max Delay Paths
--------------------------------------------------------------------------------------
Slack (MET) :             4.476ns  (required time - arrival time)
  Source:                 mvg/vcount_out_reg[3]/C
                            (rising edge-triggered cell FDRE clocked by clk_pixel_clk_wiz_0  {rise@0.000ns fall@6.734ns period=13.468ns})
  Destination:            tmds_red/tmds_out_reg[9]/D
                            (rising edge-triggered cell FDRE clocked by clk_pixel_clk_wiz_0  {rise@0.000ns fall@6.734ns period=13.468ns})
  Path Group:             clk_pixel_clk_wiz_0
  Path Type:              Setup (Max at Slow Process Corner)
  Requirement:            13.468ns  (clk_pixel_clk_wiz_0 rise@13.468ns - clk_pixel_clk_wiz_0 rise@0.000ns)
  Data Path Delay:        8.821ns  (logic 3.321ns (37.650%)  route 5.500ns (62.350%))
  Logic Levels:           10  (CARRY4=3 LUT3=1 LUT4=2 LUT5=2 LUT6=2)
  Clock Path Skew:        -0.034ns (DCD - SCD + CPR)
    Destination Clock Delay (DCD):    -1.502ns = ( 11.966 - 13.468 ) 
    Source Clock Delay      (SCD):    -0.892ns
    Clock Pessimism Removal (CPR):    0.576ns
  Clock Uncertainty:      0.168ns  ((TSJ^2 + DJ^2)^1/2) / 2 + PE
    Total System Jitter     (TSJ):    0.071ns
    Discrete Jitter          (DJ):    0.329ns
    Phase Error              (PE):    0.000ns

    Location             Delay type                Incr(ns)  Path(ns)    Netlist Resource(s)
  -------------------------------------------------------------------    -------------------
                         (clock clk_pixel_clk_wiz_0 rise edge)
                                                      0.000     0.000 r  
    N15                                               0.000     0.000 r  clk_100mhz (IN)
                         net (fo=0)                   0.000     0.000    mhdmicw/clk_100mhz
    N15                  IBUF (Prop_ibuf_I_O)         1.440     1.440 r  mhdmicw/clkin1_ibufg/O
                         net (fo=1, routed)           1.233     2.673    mhdmicw/clk_ref_clk_wiz_0
    MMCME2_ADV_X0Y0      MMCME2_ADV (Prop_mmcme2_adv_CLKIN1_CLKOUT0)
                                                     -6.965    -4.291 r  mhdmicw/mmcm_adv_inst/CLKOUT0
                         net (fo=1, routed)           1.666    -2.625    mhdmicw/clk_pixel_clk_wiz_0
    BUFGCTRL_X0Y0        BUFG (Prop_bufg_I_O)         0.096    -2.529 r  mhdmicw/clkout1_buf/O
                         net (fo=206, routed)         1.637    -0.892    mvg/clk_pixel
    SLICE_X1Y8           FDRE                                         r  mvg/vcount_out_reg[3]/C
  -------------------------------------------------------------------    -------------------
    SLICE_X1Y8           FDRE (Prop_fdre_C_Q)         0.419    -0.473 r  mvg/vcount_out_reg[3]/Q
                         net (fo=43, routed)          1.570     1.098    mvg/vcount_out[3]
    SLICE_X8Y16          LUT4 (Prop_lut4_I0_O)        0.296     1.394 r  mvg/in_sprite1_carry_i_7__2/O
                         net (fo=1, routed)           0.000     1.394    msp/bs/in_sprite1_carry__0_1[1]
    SLICE_X8Y16          CARRY4 (Prop_carry4_S[1]_CO[3])
                                                      0.533     1.927 r  msp/bs/in_sprite1_carry/CO[3]
                         net (fo=1, routed)           0.000     1.927    msp/bs/in_sprite1_carry_n_0
    SLICE_X8Y17          CARRY4 (Prop_carry4_CI_CO[0])
                                                      0.254     2.181 r  msp/bs/in_sprite1_carry__0/CO[0]
                         net (fo=1, routed)           0.577     2.758    msp/moving/tally[1]_i_4__0[0]
    SLICE_X9Y18          LUT4 (Prop_lut4_I0_O)        0.367     3.125 r  msp/moving/tally[2]_i_5/O
                         net (fo=27, routed)          0.843     3.967    msp/controllingbullets/movingbullets/tmds_out_reg[7]
    SLICE_X3Y18          LUT5 (Prop_lut5_I4_O)        0.150     4.117 r  msp/controllingbullets/movingbullets/tally[1]_i_11/O
                         net (fo=3, routed)           0.462     4.579    msp/controllingbullets/movingbullets/tally[1]_i_11_n_0
    SLICE_X4Y18          LUT6 (Prop_lut6_I1_O)        0.326     4.905 r  msp/controllingbullets/movingbullets/tally[1]_i_6/O
                         net (fo=1, routed)           0.528     5.433    msp/moving/tmds_out_reg[8][0]
    SLICE_X2Y18          CARRY4 (Prop_carry4_DI[0]_O[1])
                                                      0.422     5.855 r  msp/moving/tally_reg[1]_i_2/O[1]
                         net (fo=18, routed)          0.752     6.607    msp/moving/red[1]
    SLICE_X0Y17          LUT3 (Prop_lut3_I0_O)        0.306     6.913 r  msp/moving/tmds_out[9]_i_3/O
                         net (fo=1, routed)           0.280     7.192    tmds_red/tmds_out_reg[9]_0
    SLICE_X0Y17          LUT5 (Prop_lut5_I2_O)        0.124     7.316 r  tmds_red/tmds_out[9]_i_2/O
                         net (fo=1, routed)           0.489     7.805    msp/moving/tmds_out_reg[9]_4
    SLICE_X0Y18          LUT6 (Prop_lut6_I0_O)        0.124     7.929 r  msp/moving/tmds_out[9]_i_1/O
                         net (fo=1, routed)           0.000     7.929    tmds_red/tmds_out_reg[9]_1
    SLICE_X0Y18          FDRE                                         r  tmds_red/tmds_out_reg[9]/D
  -------------------------------------------------------------------    -------------------

                         (clock clk_pixel_clk_wiz_0 rise edge)
                                                     13.468    13.468 r  
    N15                                               0.000    13.468 r  clk_100mhz (IN)
                         net (fo=0)                   0.000    13.468    mhdmicw/clk_100mhz
    N15                  IBUF (Prop_ibuf_I_O)         1.370    14.838 r  mhdmicw/clkin1_ibufg/O
                         net (fo=1, routed)           1.162    16.000    mhdmicw/clk_ref_clk_wiz_0
    MMCME2_ADV_X0Y0      MMCME2_ADV (Prop_mmcme2_adv_CLKIN1_CLKOUT0)
                                                     -7.221     8.779 r  mhdmicw/mmcm_adv_inst/CLKOUT0
                         net (fo=1, routed)           1.587    10.366    mhdmicw/clk_pixel_clk_wiz_0
    BUFGCTRL_X0Y0        BUFG (Prop_bufg_I_O)         0.091    10.457 r  mhdmicw/clkout1_buf/O
                         net (fo=206, routed)         1.509    11.966    tmds_red/clk_pixel
    SLICE_X0Y18          FDRE                                         r  tmds_red/tmds_out_reg[9]/C
                         clock pessimism              0.576    12.542    
                         clock uncertainty           -0.168    12.374    
    SLICE_X0Y18          FDRE (Setup_fdre_C_D)        0.031    12.405    tmds_red/tmds_out_reg[9]
  -------------------------------------------------------------------
                         required time                         12.405    
                         arrival time                          -7.929    
  -------------------------------------------------------------------
                         slack                                  4.476    





Min Delay Paths
--------------------------------------------------------------------------------------
Slack (MET) :             0.196ns  (arrival time - required time)
  Source:                 tmds_green/tally_reg[4]/C
                            (rising edge-triggered cell FDRE clocked by clk_pixel_clk_wiz_0  {rise@0.000ns fall@6.734ns period=13.468ns})
  Destination:            tmds_green/tally_reg[4]/D
                            (rising edge-triggered cell FDRE clocked by clk_pixel_clk_wiz_0  {rise@0.000ns fall@6.734ns period=13.468ns})
  Path Group:             clk_pixel_clk_wiz_0
  Path Type:              Hold (Min at Fast Process Corner)
  Requirement:            0.000ns  (clk_pixel_clk_wiz_0 rise@0.000ns - clk_pixel_clk_wiz_0 rise@0.000ns)
  Data Path Delay:        0.301ns  (logic 0.221ns (73.381%)  route 0.080ns (26.619%))
  Logic Levels:           1  (MUXF8=1)
  Clock Path Skew:        0.000ns (DCD - SCD - CPR)
    Destination Clock Delay (DCD):    -0.842ns
    Source Clock Delay      (SCD):    -0.605ns
    Clock Pessimism Removal (CPR):    -0.237ns

    Location             Delay type                Incr(ns)  Path(ns)    Netlist Resource(s)
  -------------------------------------------------------------------    -------------------
                         (clock clk_pixel_clk_wiz_0 rise edge)
                                                      0.000     0.000 r  
    N15                                               0.000     0.000 r  clk_100mhz (IN)
                         net (fo=0)                   0.000     0.000    mhdmicw/clk_100mhz
    N15                  IBUF (Prop_ibuf_I_O)         0.209     0.209 r  mhdmicw/clkin1_ibufg/O
                         net (fo=1, routed)           0.440     0.649    mhdmicw/clk_ref_clk_wiz_0
    MMCME2_ADV_X0Y0      MMCME2_ADV (Prop_mmcme2_adv_CLKIN1_CLKOUT0)
                                                     -2.362    -1.714 r  mhdmicw/mmcm_adv_inst/CLKOUT0
                         net (fo=1, routed)           0.489    -1.225    mhdmicw/clk_pixel_clk_wiz_0
    BUFGCTRL_X0Y0        BUFG (Prop_bufg_I_O)         0.026    -1.199 r  mhdmicw/clkout1_buf/O
                         net (fo=206, routed)         0.594    -0.605    tmds_green/clk_pixel
    SLICE_X1Y7           FDRE                                         r  tmds_green/tally_reg[4]/C
  -------------------------------------------------------------------    -------------------
    SLICE_X1Y7           FDRE (Prop_fdre_C_Q)         0.141    -0.464 r  tmds_green/tally_reg[4]/Q
                         net (fo=11, routed)          0.080    -0.384    msp/moving/tally_reg[2]_2[3]
    SLICE_X1Y7           MUXF8 (Prop_muxf8_S_O)       0.080    -0.304 r  msp/moving/tally_reg[4]_i_1/O
                         net (fo=1, routed)           0.000    -0.304    tmds_green/D[2]
    SLICE_X1Y7           FDRE                                         r  tmds_green/tally_reg[4]/D
  -------------------------------------------------------------------    -------------------

                         (clock clk_pixel_clk_wiz_0 rise edge)
                                                      0.000     0.000 r  
    N15                                               0.000     0.000 r  clk_100mhz (IN)
                         net (fo=0)                   0.000     0.000    mhdmicw/clk_100mhz
    N15                  IBUF (Prop_ibuf_I_O)         0.396     0.396 r  mhdmicw/clkin1_ibufg/O
                         net (fo=1, routed)           0.480     0.876    mhdmicw/clk_ref_clk_wiz_0
    MMCME2_ADV_X0Y0      MMCME2_ADV (Prop_mmcme2_adv_CLKIN1_CLKOUT0)
                                                     -3.145    -2.269 r  mhdmicw/mmcm_adv_inst/CLKOUT0
                         net (fo=1, routed)           0.534    -1.735    mhdmicw/clk_pixel_clk_wiz_0
    BUFGCTRL_X0Y0        BUFG (Prop_bufg_I_O)         0.029    -1.706 r  mhdmicw/clkout1_buf/O
                         net (fo=206, routed)         0.865    -0.842    tmds_green/clk_pixel
    SLICE_X1Y7           FDRE                                         r  tmds_green/tally_reg[4]/C
                         clock pessimism              0.237    -0.605    
    SLICE_X1Y7           FDRE (Hold_fdre_C_D)         0.105    -0.500    tmds_green/tally_reg[4]
  -------------------------------------------------------------------
                         required time                          0.500    
                         arrival time                          -0.304    
  -------------------------------------------------------------------
                         slack                                  0.196    





Pulse Width Checks
--------------------------------------------------------------------------------------
Clock Name:         clk_pixel_clk_wiz_0
Waveform(ns):       { 0.000 6.734 }
Period(ns):         13.468
Sources:            { mhdmicw/mmcm_adv_inst/CLKOUT0 }

Check Type        Corner  Lib Pin             Reference Pin  Required(ns)  Actual(ns)  Slack(ns)  Location         Pin
Min Period        n/a     BUFG/I              n/a            2.155         13.468      11.313     BUFGCTRL_X0Y0    mhdmicw/clkout1_buf/I
Max Period        n/a     MMCME2_ADV/CLKOUT0  n/a            213.360       13.468      199.892    MMCME2_ADV_X0Y0  mhdmicw/mmcm_adv_inst/CLKOUT0
Low Pulse Width   Slow    FDRE/C              n/a            0.500         6.734       6.234      SLICE_X6Y17      msp/controllingbullets/dead_reg[0]/C
High Pulse Width  Slow    FDRE/C              n/a            0.500         6.734       6.234      SLICE_X6Y17      msp/controllingbullets/dead_reg[0]/C



---------------------------------------------------------------------------------------------------
From Clock:  clk_tmds_clk_wiz_0
  To Clock:  clk_tmds_clk_wiz_0

Setup :           NA  Failing Endpoints,  Worst Slack           NA  ,  Total Violation           NA
Hold  :           NA  Failing Endpoints,  Worst Slack           NA  ,  Total Violation           NA
PW    :            0  Failing Endpoints,  Worst Slack        0.538ns,  Total Violation        0.000ns
---------------------------------------------------------------------------------------------------


Pulse Width Checks
--------------------------------------------------------------------------------------
Clock Name:         clk_tmds_clk_wiz_0
Waveform(ns):       { 0.000 1.347 }
Period(ns):         2.694
Sources:            { mhdmicw/mmcm_adv_inst/CLKOUT1 }

Check Type  Corner  Lib Pin             Reference Pin  Required(ns)  Actual(ns)  Slack(ns)  Location         Pin
Min Period  n/a     BUFG/I              n/a            2.155         2.694       0.538      BUFGCTRL_X0Y1    mhdmicw/clkout2_buf/I
Max Period  n/a     MMCME2_ADV/CLKOUT1  n/a            213.360       2.694       210.666    MMCME2_ADV_X0Y0  mhdmicw/mmcm_adv_inst/CLKOUT1



---------------------------------------------------------------------------------------------------
From Clock:  clkfbout_clk_wiz_0
  To Clock:  clkfbout_clk_wiz_0

Setup :           NA  Failing Endpoints,  Worst Slack           NA  ,  Total Violation           NA
Hold  :           NA  Failing Endpoints,  Worst Slack           NA  ,  Total Violation           NA
PW    :            0  Failing Endpoints,  Worst Slack       47.845ns,  Total Violation        0.000ns
---------------------------------------------------------------------------------------------------


Pulse Width Checks
--------------------------------------------------------------------------------------
Clock Name:         clkfbout_clk_wiz_0
Waveform(ns):       { 0.000 25.000 }
Period(ns):         50.000
Sources:            { mhdmicw/mmcm_adv_inst/CLKFBOUT }

Check Type  Corner  Lib Pin             Reference Pin  Required(ns)  Actual(ns)  Slack(ns)  Location         Pin
Min Period  n/a     BUFG/I              n/a            2.155         50.000      47.845     BUFGCTRL_X0Y2    mhdmicw/clkf_buf/I
Max Period  n/a     MMCME2_ADV/CLKFBIN  n/a            100.000       50.000      50.000     MMCME2_ADV_X0Y0  mhdmicw/mmcm_adv_inst/CLKFBIN



