#! /opt/homebrew/Cellar/icarus-verilog/12.0/bin/vvp
:ivl_version "12.0 (stable)";
:ivl_delay_selection "TYPICAL";
:vpi_time_precision - 12;
:vpi_module "/opt/homebrew/Cellar/icarus-verilog/12.0/lib/ivl/system.vpi";
:vpi_module "/opt/homebrew/Cellar/icarus-verilog/12.0/lib/ivl/vhdl_sys.vpi";
:vpi_module "/opt/homebrew/Cellar/icarus-verilog/12.0/lib/ivl/vhdl_textio.vpi";
:vpi_module "/opt/homebrew/Cellar/icarus-verilog/12.0/lib/ivl/v2005_math.vpi";
:vpi_module "/opt/homebrew/Cellar/icarus-verilog/12.0/lib/ivl/va_math.vpi";
:vpi_module "/opt/homebrew/Cellar/icarus-verilog/12.0/lib/ivl/v2009.vpi";
S_0x146213050 .scope package, "$unit" "$unit" 2 1;
 .timescale 0 0;
S_0x1462131c0 .scope module, "tmds_2_tb" "tmds_2_tb" 3 6;
 .timescale -9 -12;
v0x146227200_0 .var "clk_in", 0 0;
v0x1462272c0_0 .var "control_in", 1 0;
v0x146227350_0 .var "data_in", 7 0;
v0x146227440_0 .var "rst_in", 0 0;
v0x1462274d0_0 .net "tmds_out", 9 0, v0x146227080_0;  1 drivers
v0x1462275a0_0 .var "ve_in", 0 0;
S_0x146213330 .scope begin, "$ivl_for_loop0" "$ivl_for_loop0" 3 39, 3 39 0, S_0x1462131c0;
 .timescale -9 -12;
v0x14620cad0_0 .var/2s "i", 31 0;
S_0x1462233d0 .scope begin, "$ivl_for_loop1" "$ivl_for_loop1" 3 62, 3 62 0, S_0x1462131c0;
 .timescale -9 -12;
v0x1462235a0_0 .var/2s "i", 31 0;
S_0x146223630 .scope module, "uut" "tmds_encoder" 3 14, 4 41 0, S_0x1462131c0;
 .timescale -9 -12;
    .port_info 0 /INPUT 1 "clk_in";
    .port_info 1 /INPUT 1 "rst_in";
    .port_info 2 /INPUT 8 "data_in";
    .port_info 3 /INPUT 2 "control_in";
    .port_info 4 /INPUT 1 "ve_in";
    .port_info 5 /OUTPUT 10 "tmds_out";
v0x1462248a0_0 .net *"_ivl_1", 0 0, L_0x146229090;  1 drivers
L_0x128058298 .functor BUFT 1, C4<0000>, C4<0>, C4<0>, C4<0>;
v0x146225610_0 .net *"_ivl_11", 3 0, L_0x128058298;  1 drivers
v0x1462256a0_0 .net *"_ivl_12", 4 0, L_0x146229410;  1 drivers
v0x146225730_0 .net *"_ivl_15", 0 0, L_0x146229550;  1 drivers
v0x1462257c0_0 .net *"_ivl_16", 4 0, L_0x146229670;  1 drivers
L_0x1280582e0 .functor BUFT 1, C4<0000>, C4<0>, C4<0>, C4<0>;
v0x1462258a0_0 .net *"_ivl_19", 3 0, L_0x1280582e0;  1 drivers
v0x146225950_0 .net *"_ivl_2", 4 0, L_0x146229130;  1 drivers
v0x146225a00_0 .net *"_ivl_20", 4 0, L_0x146229790;  1 drivers
v0x146225ab0_0 .net *"_ivl_23", 0 0, L_0x1462298d0;  1 drivers
v0x146225bc0_0 .net *"_ivl_24", 4 0, L_0x1462299c0;  1 drivers
L_0x128058328 .functor BUFT 1, C4<0000>, C4<0>, C4<0>, C4<0>;
v0x146225c70_0 .net *"_ivl_27", 3 0, L_0x128058328;  1 drivers
v0x146225d20_0 .net *"_ivl_28", 4 0, L_0x146229aa0;  1 drivers
v0x146225dd0_0 .net *"_ivl_31", 0 0, L_0x146229c40;  1 drivers
v0x146225e80_0 .net *"_ivl_32", 4 0, L_0x146229ce0;  1 drivers
L_0x128058370 .functor BUFT 1, C4<0000>, C4<0>, C4<0>, C4<0>;
v0x146225f30_0 .net *"_ivl_35", 3 0, L_0x128058370;  1 drivers
v0x146225fe0_0 .net *"_ivl_36", 4 0, L_0x146229e30;  1 drivers
v0x146226090_0 .net *"_ivl_39", 0 0, L_0x146229f10;  1 drivers
v0x146226220_0 .net *"_ivl_40", 4 0, L_0x14622a030;  1 drivers
L_0x1280583b8 .functor BUFT 1, C4<0000>, C4<0>, C4<0>, C4<0>;
v0x1462262b0_0 .net *"_ivl_43", 3 0, L_0x1280583b8;  1 drivers
v0x146226360_0 .net *"_ivl_44", 4 0, L_0x14622a110;  1 drivers
v0x146226410_0 .net *"_ivl_47", 0 0, L_0x14622a2e0;  1 drivers
v0x1462264c0_0 .net *"_ivl_48", 4 0, L_0x14622a480;  1 drivers
L_0x128058250 .functor BUFT 1, C4<0000>, C4<0>, C4<0>, C4<0>;
v0x146226570_0 .net *"_ivl_5", 3 0, L_0x128058250;  1 drivers
L_0x128058400 .functor BUFT 1, C4<0000>, C4<0>, C4<0>, C4<0>;
v0x146226620_0 .net *"_ivl_51", 3 0, L_0x128058400;  1 drivers
v0x1462266d0_0 .net *"_ivl_52", 4 0, L_0x14622a5c0;  1 drivers
v0x146226780_0 .net *"_ivl_55", 0 0, L_0x14622a660;  1 drivers
v0x146226830_0 .net *"_ivl_56", 4 0, L_0x14622a520;  1 drivers
L_0x128058448 .functor BUFT 1, C4<0000>, C4<0>, C4<0>, C4<0>;
v0x1462268e0_0 .net *"_ivl_59", 3 0, L_0x128058448;  1 drivers
v0x146226990_0 .net *"_ivl_7", 0 0, L_0x146229290;  1 drivers
v0x146226a40_0 .net *"_ivl_8", 4 0, L_0x146229330;  1 drivers
v0x146226af0_0 .net "clk_in", 0 0, v0x146227200_0;  1 drivers
v0x146226b90_0 .net "control_in", 1 0, v0x1462272c0_0;  1 drivers
v0x146226c40_0 .net "data_in", 7 0, v0x146227350_0;  1 drivers
v0x146226150_0 .net "q_m", 8 0, v0x1462252d0_0;  1 drivers
v0x146226ed0_0 .net "q_m_sum", 4 0, L_0x14622a7b0;  1 drivers
v0x146226f60_0 .net "rst_in", 0 0, v0x146227440_0;  1 drivers
v0x146226ff0_0 .var "tally", 4 0;
v0x146227080_0 .var "tmds_out", 9 0;
v0x146227110_0 .net "ve_in", 0 0, v0x1462275a0_0;  1 drivers
E_0x1462238d0 .event posedge, v0x146226af0_0;
L_0x146229090 .part v0x1462252d0_0, 0, 1;
L_0x146229130 .concat [ 1 4 0 0], L_0x146229090, L_0x128058250;
L_0x146229290 .part v0x1462252d0_0, 1, 1;
L_0x146229330 .concat [ 1 4 0 0], L_0x146229290, L_0x128058298;
L_0x146229410 .arith/sum 5, L_0x146229130, L_0x146229330;
L_0x146229550 .part v0x1462252d0_0, 2, 1;
L_0x146229670 .concat [ 1 4 0 0], L_0x146229550, L_0x1280582e0;
L_0x146229790 .arith/sum 5, L_0x146229410, L_0x146229670;
L_0x1462298d0 .part v0x1462252d0_0, 3, 1;
L_0x1462299c0 .concat [ 1 4 0 0], L_0x1462298d0, L_0x128058328;
L_0x146229aa0 .arith/sum 5, L_0x146229790, L_0x1462299c0;
L_0x146229c40 .part v0x1462252d0_0, 4, 1;
L_0x146229ce0 .concat [ 1 4 0 0], L_0x146229c40, L_0x128058370;
L_0x146229e30 .arith/sum 5, L_0x146229aa0, L_0x146229ce0;
L_0x146229f10 .part v0x1462252d0_0, 5, 1;
L_0x14622a030 .concat [ 1 4 0 0], L_0x146229f10, L_0x1280583b8;
L_0x14622a110 .arith/sum 5, L_0x146229e30, L_0x14622a030;
L_0x14622a2e0 .part v0x1462252d0_0, 6, 1;
L_0x14622a480 .concat [ 1 4 0 0], L_0x14622a2e0, L_0x128058400;
L_0x14622a5c0 .arith/sum 5, L_0x14622a110, L_0x14622a480;
L_0x14622a660 .part v0x1462252d0_0, 7, 1;
L_0x14622a520 .concat [ 1 4 0 0], L_0x14622a660, L_0x128058448;
L_0x14622a7b0 .arith/sum 5, L_0x14622a5c0, L_0x14622a520;
S_0x146223920 .scope module, "mtm" "tm_choice" 4 53, 4 1 0, S_0x146223630;
 .timescale -9 -12;
    .port_info 0 /INPUT 8 "data_in";
    .port_info 1 /OUTPUT 9 "qm_out";
v0x146223c00_0 .net *"_ivl_1", 0 0, L_0x146227650;  1 drivers
L_0x128058058 .functor BUFT 1, C4<000>, C4<0>, C4<0>, C4<0>;
v0x146223cc0_0 .net *"_ivl_11", 2 0, L_0x128058058;  1 drivers
v0x146223d70_0 .net *"_ivl_12", 3 0, L_0x146227ab0;  1 drivers
v0x146223e30_0 .net *"_ivl_15", 0 0, L_0x146227c20;  1 drivers
v0x146223ee0_0 .net *"_ivl_16", 3 0, L_0x146227cc0;  1 drivers
L_0x1280580a0 .functor BUFT 1, C4<000>, C4<0>, C4<0>, C4<0>;
v0x146223fd0_0 .net *"_ivl_19", 2 0, L_0x1280580a0;  1 drivers
v0x146224080_0 .net *"_ivl_2", 3 0, L_0x146227710;  1 drivers
v0x146224130_0 .net *"_ivl_20", 3 0, L_0x146227e20;  1 drivers
v0x1462241e0_0 .net *"_ivl_23", 0 0, L_0x146227f60;  1 drivers
v0x1462242f0_0 .net *"_ivl_24", 3 0, L_0x146228050;  1 drivers
L_0x1280580e8 .functor BUFT 1, C4<000>, C4<0>, C4<0>, C4<0>;
v0x1462243a0_0 .net *"_ivl_27", 2 0, L_0x1280580e8;  1 drivers
v0x146224450_0 .net *"_ivl_28", 3 0, L_0x146228130;  1 drivers
v0x146224500_0 .net *"_ivl_31", 0 0, L_0x1462282d0;  1 drivers
v0x1462245b0_0 .net *"_ivl_32", 3 0, L_0x146228370;  1 drivers
L_0x128058130 .functor BUFT 1, C4<000>, C4<0>, C4<0>, C4<0>;
v0x146224660_0 .net *"_ivl_35", 2 0, L_0x128058130;  1 drivers
v0x146224710_0 .net *"_ivl_36", 3 0, L_0x1462284c0;  1 drivers
v0x1462247c0_0 .net *"_ivl_39", 0 0, L_0x146228600;  1 drivers
v0x146224950_0 .net *"_ivl_40", 3 0, L_0x1462287a0;  1 drivers
L_0x128058178 .functor BUFT 1, C4<000>, C4<0>, C4<0>, C4<0>;
v0x1462249e0_0 .net *"_ivl_43", 2 0, L_0x128058178;  1 drivers
v0x146224a90_0 .net *"_ivl_44", 3 0, L_0x146228880;  1 drivers
v0x146224b40_0 .net *"_ivl_47", 0 0, L_0x1462289c0;  1 drivers
v0x146224bf0_0 .net *"_ivl_48", 3 0, L_0x146228a60;  1 drivers
L_0x128058010 .functor BUFT 1, C4<000>, C4<0>, C4<0>, C4<0>;
v0x146224ca0_0 .net *"_ivl_5", 2 0, L_0x128058010;  1 drivers
L_0x1280581c0 .functor BUFT 1, C4<000>, C4<0>, C4<0>, C4<0>;
v0x146224d50_0 .net *"_ivl_51", 2 0, L_0x1280581c0;  1 drivers
v0x146224e00_0 .net *"_ivl_52", 3 0, L_0x146228b80;  1 drivers
v0x146224eb0_0 .net *"_ivl_55", 0 0, L_0x146228cc0;  1 drivers
v0x146224f60_0 .net *"_ivl_56", 3 0, L_0x1462278f0;  1 drivers
L_0x128058208 .functor BUFT 1, C4<000>, C4<0>, C4<0>, C4<0>;
v0x146225010_0 .net *"_ivl_59", 2 0, L_0x128058208;  1 drivers
v0x1462250c0_0 .net *"_ivl_7", 0 0, L_0x146227850;  1 drivers
v0x146225170_0 .net *"_ivl_8", 3 0, L_0x146227990;  1 drivers
v0x146225220_0 .net "data_in", 7 0, v0x146227350_0;  alias, 1 drivers
v0x1462252d0_0 .var "qm_out", 8 0;
v0x146225380_0 .net "sum_of_digits", 3 0, L_0x146228e90;  1 drivers
E_0x146223b30/0 .event anyedge, v0x146225380_0, v0x146225220_0, v0x146225220_0, v0x1462252d0_0;
E_0x146223b30/1 .event anyedge, v0x146225220_0, v0x1462252d0_0, v0x146225220_0, v0x1462252d0_0;
E_0x146223b30/2 .event anyedge, v0x146225220_0, v0x1462252d0_0, v0x146225220_0, v0x1462252d0_0;
E_0x146223b30/3 .event anyedge, v0x146225220_0, v0x1462252d0_0, v0x146225220_0, v0x1462252d0_0;
E_0x146223b30 .event/or E_0x146223b30/0, E_0x146223b30/1, E_0x146223b30/2, E_0x146223b30/3;
L_0x146227650 .part v0x146227350_0, 0, 1;
L_0x146227710 .concat [ 1 3 0 0], L_0x146227650, L_0x128058010;
L_0x146227850 .part v0x146227350_0, 1, 1;
L_0x146227990 .concat [ 1 3 0 0], L_0x146227850, L_0x128058058;
L_0x146227ab0 .arith/sum 4, L_0x146227710, L_0x146227990;
L_0x146227c20 .part v0x146227350_0, 2, 1;
L_0x146227cc0 .concat [ 1 3 0 0], L_0x146227c20, L_0x1280580a0;
L_0x146227e20 .arith/sum 4, L_0x146227ab0, L_0x146227cc0;
L_0x146227f60 .part v0x146227350_0, 3, 1;
L_0x146228050 .concat [ 1 3 0 0], L_0x146227f60, L_0x1280580e8;
L_0x146228130 .arith/sum 4, L_0x146227e20, L_0x146228050;
L_0x1462282d0 .part v0x146227350_0, 4, 1;
L_0x146228370 .concat [ 1 3 0 0], L_0x1462282d0, L_0x128058130;
L_0x1462284c0 .arith/sum 4, L_0x146228130, L_0x146228370;
L_0x146228600 .part v0x146227350_0, 5, 1;
L_0x1462287a0 .concat [ 1 3 0 0], L_0x146228600, L_0x128058178;
L_0x146228880 .arith/sum 4, L_0x1462284c0, L_0x1462287a0;
L_0x1462289c0 .part v0x146227350_0, 6, 1;
L_0x146228a60 .concat [ 1 3 0 0], L_0x1462289c0, L_0x1280581c0;
L_0x146228b80 .arith/sum 4, L_0x146228880, L_0x146228a60;
L_0x146228cc0 .part v0x146227350_0, 7, 1;
L_0x1462278f0 .concat [ 1 3 0 0], L_0x146228cc0, L_0x128058208;
L_0x146228e90 .arith/sum 4, L_0x146228b80, L_0x1462278f0;
    .scope S_0x146223920;
T_0 ;
Ewait_0 .event/or E_0x146223b30, E_0x0;
    %wait Ewait_0;
    %load/vec4 v0x146225380_0;
    %pad/u 32;
    %cmpi/u 4, 0, 32;
    %flag_or 5, 4; GT is !LE
    %flag_inv 5;
    %jmp/1 T_0.2, 5;
    %flag_mov 8, 5;
    %load/vec4 v0x146225380_0;
    %pad/u 32;
    %cmpi/e 4, 0, 32;
    %flag_get/vec4 4;
    %jmp/0 T_0.3, 4;
    %load/vec4 v0x146225220_0;
    %parti/s 1, 0, 2;
    %pad/u 32;
    %pushi/vec4 0, 0, 32;
    %cmp/e;
    %flag_get/vec4 4;
    %and;
T_0.3;
    %flag_set/vec4 9;
    %flag_or 9, 8;
    %flag_mov 5, 9;
T_0.2;
    %jmp/0xz  T_0.0, 5;
    %pushi/vec4 0, 0, 1;
    %ix/load 4, 8, 0;
    %flag_set/imm 4, 0;
    %store/vec4 v0x1462252d0_0, 4, 1;
    %load/vec4 v0x146225220_0;
    %parti/s 1, 0, 2;
    %ix/load 4, 0, 0;
    %flag_set/imm 4, 0;
    %store/vec4 v0x1462252d0_0, 4, 1;
    %load/vec4 v0x146225220_0;
    %parti/s 1, 1, 2;
    %inv;
    %load/vec4 v0x1462252d0_0;
    %parti/s 1, 0, 2;
    %cmp/e;
    %flag_get/vec4 4;
    %inv;
    %ix/load 4, 1, 0;
    %flag_set/imm 4, 0;
    %store/vec4 v0x1462252d0_0, 4, 1;
    %load/vec4 v0x146225220_0;
    %parti/s 1, 2, 3;
    %inv;
    %load/vec4 v0x1462252d0_0;
    %parti/s 1, 1, 2;
    %cmp/e;
    %flag_get/vec4 4;
    %inv;
    %ix/load 4, 2, 0;
    %flag_set/imm 4, 0;
    %store/vec4 v0x1462252d0_0, 4, 1;
    %load/vec4 v0x146225220_0;
    %parti/s 1, 3, 3;
    %inv;
    %load/vec4 v0x1462252d0_0;
    %parti/s 1, 2, 3;
    %cmp/e;
    %flag_get/vec4 4;
    %inv;
    %ix/load 4, 3, 0;
    %flag_set/imm 4, 0;
    %store/vec4 v0x1462252d0_0, 4, 1;
    %load/vec4 v0x146225220_0;
    %parti/s 1, 4, 4;
    %inv;
    %load/vec4 v0x1462252d0_0;
    %parti/s 1, 3, 3;
    %cmp/e;
    %flag_get/vec4 4;
    %inv;
    %ix/load 4, 4, 0;
    %flag_set/imm 4, 0;
    %store/vec4 v0x1462252d0_0, 4, 1;
    %load/vec4 v0x146225220_0;
    %parti/s 1, 5, 4;
    %inv;
    %load/vec4 v0x1462252d0_0;
    %parti/s 1, 4, 4;
    %cmp/e;
    %flag_get/vec4 4;
    %inv;
    %ix/load 4, 5, 0;
    %flag_set/imm 4, 0;
    %store/vec4 v0x1462252d0_0, 4, 1;
    %load/vec4 v0x146225220_0;
    %parti/s 1, 6, 4;
    %inv;
    %load/vec4 v0x1462252d0_0;
    %parti/s 1, 5, 4;
    %cmp/e;
    %flag_get/vec4 4;
    %inv;
    %ix/load 4, 6, 0;
    %flag_set/imm 4, 0;
    %store/vec4 v0x1462252d0_0, 4, 1;
    %load/vec4 v0x146225220_0;
    %parti/s 1, 7, 4;
    %inv;
    %load/vec4 v0x1462252d0_0;
    %parti/s 1, 6, 4;
    %cmp/e;
    %flag_get/vec4 4;
    %inv;
    %ix/load 4, 7, 0;
    %flag_set/imm 4, 0;
    %store/vec4 v0x1462252d0_0, 4, 1;
    %jmp T_0.1;
T_0.0 ;
    %pushi/vec4 1, 0, 1;
    %ix/load 4, 8, 0;
    %flag_set/imm 4, 0;
    %store/vec4 v0x1462252d0_0, 4, 1;
    %load/vec4 v0x146225220_0;
    %parti/s 1, 0, 2;
    %ix/load 4, 0, 0;
    %flag_set/imm 4, 0;
    %store/vec4 v0x1462252d0_0, 4, 1;
    %load/vec4 v0x146225220_0;
    %parti/s 1, 1, 2;
    %inv;
    %load/vec4 v0x1462252d0_0;
    %parti/s 1, 0, 2;
    %cmp/e;
    %flag_get/vec4 4;
    %ix/load 4, 1, 0;
    %flag_set/imm 4, 0;
    %store/vec4 v0x1462252d0_0, 4, 1;
    %load/vec4 v0x146225220_0;
    %parti/s 1, 2, 3;
    %inv;
    %load/vec4 v0x1462252d0_0;
    %parti/s 1, 1, 2;
    %cmp/e;
    %flag_get/vec4 4;
    %ix/load 4, 2, 0;
    %flag_set/imm 4, 0;
    %store/vec4 v0x1462252d0_0, 4, 1;
    %load/vec4 v0x146225220_0;
    %parti/s 1, 3, 3;
    %inv;
    %load/vec4 v0x1462252d0_0;
    %parti/s 1, 2, 3;
    %cmp/e;
    %flag_get/vec4 4;
    %ix/load 4, 3, 0;
    %flag_set/imm 4, 0;
    %store/vec4 v0x1462252d0_0, 4, 1;
    %load/vec4 v0x146225220_0;
    %parti/s 1, 4, 4;
    %inv;
    %load/vec4 v0x1462252d0_0;
    %parti/s 1, 3, 3;
    %cmp/e;
    %flag_get/vec4 4;
    %ix/load 4, 4, 0;
    %flag_set/imm 4, 0;
    %store/vec4 v0x1462252d0_0, 4, 1;
    %load/vec4 v0x146225220_0;
    %parti/s 1, 5, 4;
    %inv;
    %load/vec4 v0x1462252d0_0;
    %parti/s 1, 4, 4;
    %cmp/e;
    %flag_get/vec4 4;
    %ix/load 4, 5, 0;
    %flag_set/imm 4, 0;
    %store/vec4 v0x1462252d0_0, 4, 1;
    %load/vec4 v0x146225220_0;
    %parti/s 1, 6, 4;
    %inv;
    %load/vec4 v0x1462252d0_0;
    %parti/s 1, 5, 4;
    %cmp/e;
    %flag_get/vec4 4;
    %ix/load 4, 6, 0;
    %flag_set/imm 4, 0;
    %store/vec4 v0x1462252d0_0, 4, 1;
    %load/vec4 v0x146225220_0;
    %parti/s 1, 7, 4;
    %inv;
    %load/vec4 v0x1462252d0_0;
    %parti/s 1, 6, 4;
    %cmp/e;
    %flag_get/vec4 4;
    %ix/load 4, 7, 0;
    %flag_set/imm 4, 0;
    %store/vec4 v0x1462252d0_0, 4, 1;
T_0.1 ;
    %jmp T_0;
    .thread T_0, $push;
    .scope S_0x146223630;
T_1 ;
    %wait E_0x1462238d0;
    %load/vec4 v0x146226f60_0;
    %flag_set/vec4 8;
    %jmp/0xz  T_1.0, 8;
    %pushi/vec4 0, 0, 10;
    %assign/vec4 v0x146227080_0, 0;
    %pushi/vec4 0, 0, 5;
    %assign/vec4 v0x146226ff0_0, 0;
    %jmp T_1.1;
T_1.0 ;
    %load/vec4 v0x146227110_0;
    %flag_set/vec4 8;
    %jmp/0xz  T_1.2, 8;
    %load/vec4 v0x146226ff0_0;
    %pad/u 32;
    %cmpi/e 0, 0, 32;
    %jmp/1 T_1.6, 4;
    %flag_mov 8, 4;
    %load/vec4 v0x146226ed0_0;
    %pad/u 32;
    %cmpi/e 4, 0, 32;
    %flag_or 4, 8;
T_1.6;
    %jmp/0xz  T_1.4, 4;
    %load/vec4 v0x146226150_0;
    %parti/s 1, 8, 5;
    %nor/r;
    %ix/load 4, 9, 0;
    %ix/load 5, 0, 0;
    %flag_set/imm 4, 0;
    %assign/vec4/off/d v0x146227080_0, 4, 5;
    %load/vec4 v0x146226150_0;
    %parti/s 1, 8, 5;
    %ix/load 4, 8, 0;
    %ix/load 5, 0, 0;
    %flag_set/imm 4, 0;
    %assign/vec4/off/d v0x146227080_0, 4, 5;
    %load/vec4 v0x146226150_0;
    %parti/s 1, 8, 5;
    %flag_set/vec4 8;
    %jmp/0xz  T_1.7, 8;
    %load/vec4 v0x146226150_0;
    %parti/s 8, 0, 2;
    %ix/load 4, 0, 0;
    %ix/load 5, 0, 0;
    %flag_set/imm 4, 0;
    %assign/vec4/off/d v0x146227080_0, 4, 5;
    %jmp T_1.8;
T_1.7 ;
    %load/vec4 v0x146226150_0;
    %parti/s 8, 0, 2;
    %inv;
    %ix/load 4, 0, 0;
    %ix/load 5, 0, 0;
    %flag_set/imm 4, 0;
    %assign/vec4/off/d v0x146227080_0, 4, 5;
T_1.8 ;
    %load/vec4 v0x146226150_0;
    %parti/s 1, 8, 5;
    %pad/u 32;
    %cmpi/e 0, 0, 32;
    %jmp/0xz  T_1.9, 4;
    %load/vec4 v0x146226ff0_0;
    %addi 8, 0, 5;
    %load/vec4 v0x146226ed0_0;
    %sub;
    %load/vec4 v0x146226ed0_0;
    %sub;
    %assign/vec4 v0x146226ff0_0, 0;
    %jmp T_1.10;
T_1.9 ;
    %load/vec4 v0x146226ff0_0;
    %load/vec4 v0x146226ed0_0;
    %add;
    %pushi/vec4 8, 0, 5;
    %load/vec4 v0x146226ed0_0;
    %sub;
    %sub;
    %assign/vec4 v0x146226ff0_0, 0;
T_1.10 ;
    %jmp T_1.5;
T_1.4 ;
    %load/vec4 v0x146226ff0_0;
    %parti/s 1, 4, 4;
    %pad/u 32;
    %cmpi/e 0, 0, 32;
    %flag_get/vec4 4;
    %jmp/0 T_1.14, 4;
    %pushi/vec4 4, 0, 32;
    %load/vec4 v0x146226ed0_0;
    %pad/u 32;
    %cmp/u;
    %flag_get/vec4 5;
    %and;
T_1.14;
    %flag_set/vec4 8;
    %jmp/1 T_1.13, 8;
    %load/vec4 v0x146226ff0_0;
    %parti/s 1, 4, 4;
    %pad/u 32;
    %cmpi/e 1, 0, 32;
    %flag_get/vec4 4;
    %jmp/0 T_1.15, 4;
    %load/vec4 v0x146226ed0_0;
    %pad/u 32;
    %cmpi/u 4, 0, 32;
    %flag_get/vec4 5;
    %and;
T_1.15;
    %flag_set/vec4 9;
    %flag_or 8, 9;
T_1.13;
    %jmp/0xz  T_1.11, 8;
    %pushi/vec4 1, 0, 1;
    %ix/load 4, 9, 0;
    %ix/load 5, 0, 0;
    %flag_set/imm 4, 0;
    %assign/vec4/off/d v0x146227080_0, 4, 5;
    %load/vec4 v0x146226150_0;
    %parti/s 1, 8, 5;
    %ix/load 4, 8, 0;
    %ix/load 5, 0, 0;
    %flag_set/imm 4, 0;
    %assign/vec4/off/d v0x146227080_0, 4, 5;
    %load/vec4 v0x146226150_0;
    %parti/s 8, 0, 2;
    %inv;
    %ix/load 4, 0, 0;
    %ix/load 5, 0, 0;
    %flag_set/imm 4, 0;
    %assign/vec4/off/d v0x146227080_0, 4, 5;
    %load/vec4 v0x146226ff0_0;
    %load/vec4 v0x146226150_0;
    %parti/s 1, 8, 5;
    %pad/u 5;
    %add;
    %load/vec4 v0x146226150_0;
    %parti/s 1, 8, 5;
    %pad/u 5;
    %add;
    %pushi/vec4 8, 0, 5;
    %load/vec4 v0x146226ed0_0;
    %sub;
    %add;
    %load/vec4 v0x146226ed0_0;
    %sub;
    %assign/vec4 v0x146226ff0_0, 0;
    %jmp T_1.12;
T_1.11 ;
    %pushi/vec4 0, 0, 1;
    %ix/load 4, 9, 0;
    %ix/load 5, 0, 0;
    %flag_set/imm 4, 0;
    %assign/vec4/off/d v0x146227080_0, 4, 5;
    %load/vec4 v0x146226150_0;
    %parti/s 1, 8, 5;
    %ix/load 4, 8, 0;
    %ix/load 5, 0, 0;
    %flag_set/imm 4, 0;
    %assign/vec4/off/d v0x146227080_0, 4, 5;
    %load/vec4 v0x146226150_0;
    %parti/s 8, 0, 2;
    %ix/load 4, 0, 0;
    %ix/load 5, 0, 0;
    %flag_set/imm 4, 0;
    %assign/vec4/off/d v0x146227080_0, 4, 5;
    %load/vec4 v0x146226ff0_0;
    %load/vec4 v0x146226150_0;
    %parti/s 1, 8, 5;
    %nor/r;
    %pad/u 5;
    %add;
    %load/vec4 v0x146226150_0;
    %parti/s 1, 8, 5;
    %nor/r;
    %pad/u 5;
    %add;
    %load/vec4 v0x146226ed0_0;
    %add;
    %load/vec4 v0x146226ed0_0;
    %add;
    %subi 8, 0, 5;
    %assign/vec4 v0x146226ff0_0, 0;
T_1.12 ;
T_1.5 ;
    %jmp T_1.3;
T_1.2 ;
    %pushi/vec4 0, 0, 5;
    %assign/vec4 v0x146226ff0_0, 0;
    %load/vec4 v0x146226b90_0;
    %cmpi/e 0, 0, 2;
    %jmp/0xz  T_1.16, 4;
    %pushi/vec4 852, 0, 10;
    %assign/vec4 v0x146227080_0, 0;
    %jmp T_1.17;
T_1.16 ;
    %load/vec4 v0x146226b90_0;
    %cmpi/e 1, 0, 2;
    %jmp/0xz  T_1.18, 4;
    %pushi/vec4 171, 0, 10;
    %assign/vec4 v0x146227080_0, 0;
    %jmp T_1.19;
T_1.18 ;
    %load/vec4 v0x146226b90_0;
    %cmpi/e 2, 0, 2;
    %jmp/0xz  T_1.20, 4;
    %pushi/vec4 340, 0, 10;
    %assign/vec4 v0x146227080_0, 0;
    %jmp T_1.21;
T_1.20 ;
    %load/vec4 v0x146226b90_0;
    %cmpi/e 3, 0, 2;
    %jmp/0xz  T_1.22, 4;
    %pushi/vec4 683, 0, 10;
    %assign/vec4 v0x146227080_0, 0;
T_1.22 ;
T_1.21 ;
T_1.19 ;
T_1.17 ;
T_1.3 ;
T_1.1 ;
    %jmp T_1;
    .thread T_1;
    .scope S_0x1462131c0;
T_2 ;
    %delay 5000, 0;
    %load/vec4 v0x146227200_0;
    %nor/r;
    %store/vec4 v0x146227200_0, 0, 1;
    %jmp T_2;
    .thread T_2;
    .scope S_0x1462131c0;
T_3 ;
    %vpi_call/w 3 29 "$dumpfile", "tmds_2_tb.vcd" {0 0 0};
    %vpi_call/w 3 30 "$dumpvars", 32'sb00000000000000000000000000000000, S_0x1462131c0 {0 0 0};
    %vpi_call/w 3 31 "$display", "Starting Sim" {0 0 0};
    %pushi/vec4 0, 0, 1;
    %store/vec4 v0x146227200_0, 0, 1;
    %pushi/vec4 1, 0, 1;
    %store/vec4 v0x146227440_0, 0, 1;
    %pushi/vec4 0, 0, 2;
    %store/vec4 v0x1462272c0_0, 0, 2;
    %pushi/vec4 1, 0, 1;
    %store/vec4 v0x1462275a0_0, 0, 1;
    %pushi/vec4 0, 0, 8;
    %store/vec4 v0x146227350_0, 0, 8;
    %delay 10000, 0;
    %pushi/vec4 0, 0, 1;
    %store/vec4 v0x146227440_0, 0, 1;
    %fork t_1, S_0x146213330;
    %jmp t_0;
    .scope S_0x146213330;
t_1 ;
    %pushi/vec4 0, 0, 32;
    %store/vec4 v0x14620cad0_0, 0, 32;
T_3.0 ;
    %load/vec4 v0x14620cad0_0;
    %cmpi/s 1024, 0, 32;
    %jmp/0xz T_3.1, 5;
    %load/vec4 v0x14620cad0_0;
    %pad/s 8;
    %store/vec4 v0x146227350_0, 0, 8;
    %delay 10000, 0;
    %load/vec4 v0x14620cad0_0;
    %addi 1, 0, 32;
    %cast2;
    %store/vec4 v0x14620cad0_0, 0, 32;
    %jmp T_3.0;
T_3.1 ;
    %end;
    .scope S_0x1462131c0;
t_0 %join;
    %pushi/vec4 0, 0, 2;
    %store/vec4 v0x1462272c0_0, 0, 2;
    %delay 100000, 0;
    %pushi/vec4 1, 0, 2;
    %store/vec4 v0x1462272c0_0, 0, 2;
    %delay 100000, 0;
    %pushi/vec4 2, 0, 2;
    %store/vec4 v0x1462272c0_0, 0, 2;
    %delay 100000, 0;
    %pushi/vec4 3, 0, 2;
    %store/vec4 v0x1462272c0_0, 0, 2;
    %delay 100000, 0;
    %pushi/vec4 0, 0, 1;
    %store/vec4 v0x1462275a0_0, 0, 1;
    %pushi/vec4 0, 0, 2;
    %store/vec4 v0x1462272c0_0, 0, 2;
    %delay 100000, 0;
    %pushi/vec4 1, 0, 2;
    %store/vec4 v0x1462272c0_0, 0, 2;
    %delay 100000, 0;
    %pushi/vec4 2, 0, 2;
    %store/vec4 v0x1462272c0_0, 0, 2;
    %delay 100000, 0;
    %pushi/vec4 3, 0, 2;
    %store/vec4 v0x1462272c0_0, 0, 2;
    %delay 100000, 0;
    %pushi/vec4 1, 0, 1;
    %store/vec4 v0x1462275a0_0, 0, 1;
    %delay 10000, 0;
    %fork t_3, S_0x1462233d0;
    %jmp t_2;
    .scope S_0x1462233d0;
t_3 ;
    %pushi/vec4 0, 0, 32;
    %store/vec4 v0x1462235a0_0, 0, 32;
T_3.2 ;
    %load/vec4 v0x1462235a0_0;
    %cmpi/s 1024, 0, 32;
    %jmp/0xz T_3.3, 5;
    %pushi/vec4 255, 0, 32;
    %load/vec4 v0x1462235a0_0;
    %sub;
    %pad/s 8;
    %store/vec4 v0x146227350_0, 0, 8;
    %delay 10000, 0;
    %load/vec4 v0x1462235a0_0;
    %addi 1, 0, 32;
    %cast2;
    %store/vec4 v0x1462235a0_0, 0, 32;
    %jmp T_3.2;
T_3.3 ;
    %end;
    .scope S_0x1462131c0;
t_2 %join;
    %delay 500000, 0;
    %vpi_call/w 3 67 "$display", "Finishing Sim" {0 0 0};
    %vpi_call/w 3 68 "$finish" {0 0 0};
    %end;
    .thread T_3;
# The file index is used to find the file name in the following table.
:file_names 5;
    "N/A";
    "<interactive>";
    "-";
    "sim/tmds_2_tb.sv";
    "hdl/tmds_encoder.sv";
