#! /opt/homebrew/Cellar/icarus-verilog/12.0/bin/vvp
:ivl_version "12.0 (stable)";
:ivl_delay_selection "TYPICAL";
:vpi_time_precision - 12;
:vpi_module "/opt/homebrew/Cellar/icarus-verilog/12.0/lib/ivl/system.vpi";
:vpi_module "/opt/homebrew/Cellar/icarus-verilog/12.0/lib/ivl/vhdl_sys.vpi";
:vpi_module "/opt/homebrew/Cellar/icarus-verilog/12.0/lib/ivl/vhdl_textio.vpi";
:vpi_module "/opt/homebrew/Cellar/icarus-verilog/12.0/lib/ivl/v2005_math.vpi";
:vpi_module "/opt/homebrew/Cellar/icarus-verilog/12.0/lib/ivl/va_math.vpi";
:vpi_module "/opt/homebrew/Cellar/icarus-verilog/12.0/lib/ivl/v2009.vpi";
S_0x158f1bce0 .scope package, "$unit" "$unit" 2 1;
 .timescale 0 0;
S_0x158f1be50 .scope module, "read_udp_tb" "read_udp_tb" 3 8;
 .timescale -9 -12;
v0x158f2dce0_0 .var "clk_in", 0 0;
v0x158f2dd70_0 .var "data_in", 7 0;
v0x158f2de00_0 .var "data_valid_in", 0 0;
v0x158f2de90_0 .net "p1_movement", 2 0, v0x158f2d1b0_0;  1 drivers
v0x158f2df20_0 .net "p1_shooting", 2 0, v0x158f2d260_0;  1 drivers
v0x158f2dff0_0 .net "p2_movement", 2 0, v0x158f2d310_0;  1 drivers
v0x158f2e080_0 .net "p2_shooting", 2 0, v0x158f2d3c0_0;  1 drivers
v0x158f2e130_0 .net "p3_movement", 2 0, v0x158f2d4d0_0;  1 drivers
v0x158f2e1e0_0 .net "p3_shooting", 2 0, v0x158f2d580_0;  1 drivers
v0x158f2e310_0 .net "p4_movement", 2 0, v0x158f2d630_0;  1 drivers
v0x158f2e3a0_0 .net "p4_shooting", 2 0, v0x158f2d6e0_0;  1 drivers
v0x158f2e430_0 .var "rst_in", 0 0;
v0x158f2e4e0_0 .net "valid_out", 0 0, v0x158f2db20_0;  1 drivers
S_0x158f1bfc0 .scope begin, "$ivl_for_loop0" "$ivl_for_loop0" 3 69, 3 69 0, S_0x158f1be50;
 .timescale -9 -12;
v0x158f0d020_0 .var/2s "i", 31 0;
S_0x158f2bcc0 .scope begin, "$ivl_for_loop1" "$ivl_for_loop1" 3 85, 3 85 0, S_0x158f1be50;
 .timescale -9 -12;
v0x158f2be90_0 .var/2s "i", 31 0;
S_0x158f2bf20 .scope begin, "$ivl_for_loop2" "$ivl_for_loop2" 3 110, 3 110 0, S_0x158f1be50;
 .timescale -9 -12;
v0x158f2c100_0 .var/2s "i", 31 0;
S_0x158f2c1b0 .scope begin, "$ivl_for_loop3" "$ivl_for_loop3" 3 126, 3 126 0, S_0x158f1be50;
 .timescale -9 -12;
v0x158f2c370_0 .var/2s "i", 31 0;
S_0x158f2c430 .scope module, "testing" "ReceiveUDPModule" 3 25, 4 4 0, S_0x158f1be50;
 .timescale -9 -12;
    .port_info 0 /INPUT 1 "clk_in";
    .port_info 1 /INPUT 1 "rst_in";
    .port_info 2 /INPUT 8 "data_in";
    .port_info 3 /INPUT 1 "data_valid_in";
    .port_info 4 /OUTPUT 3 "p1_movement";
    .port_info 5 /OUTPUT 3 "p1_shooting";
    .port_info 6 /OUTPUT 3 "p2_movement";
    .port_info 7 /OUTPUT 3 "p2_shooting";
    .port_info 8 /OUTPUT 3 "p3_movement";
    .port_info 9 /OUTPUT 3 "p3_shooting";
    .port_info 10 /OUTPUT 3 "p4_movement";
    .port_info 11 /OUTPUT 3 "p4_shooting";
    .port_info 12 /OUTPUT 1 "valid_out";
P_0x158f2c630 .param/l "FULL_HEADER_SIZE" 1 4 24, +C4<000000000000000000000000011100000>;
P_0x158f2c670 .param/l "IPV4_HEADER_SIZE" 1 4 23, +C4<00000000000000000000000010100000>;
P_0x158f2c6b0 .param/l "P1" 1 4 35, C4<00>;
P_0x158f2c6f0 .param/l "P2" 1 4 36, C4<01>;
P_0x158f2c730 .param/l "P3" 1 4 37, C4<10>;
P_0x158f2c770 .param/l "P4" 1 4 38, C4<11>;
P_0x158f2c7b0 .param/l "RECEIVE_IP_HEADER" 1 4 30, C4<00>;
P_0x158f2c7f0 .param/l "RECEIVE_PAYLOAD" 1 4 32, C4<11>;
P_0x158f2c830 .param/l "RECEIVE_UDP_HEADER" 1 4 31, C4<01>;
P_0x158f2c870 .param/l "UDP_HEADER_SIZE" 1 4 22, +C4<00000000000000000000000001000000>;
v0x158f2ce80_0 .var "bit_counter", 15 0;
v0x158f2cf40_0 .net "clk_in", 0 0, v0x158f2dce0_0;  1 drivers
v0x158f2cfe0_0 .net "data_in", 7 0, v0x158f2dd70_0;  1 drivers
v0x158f2d070_0 .net "data_valid_in", 0 0, v0x158f2de00_0;  1 drivers
v0x158f2d100_0 .var "ipv4_header", 159 0;
v0x158f2d1b0_0 .var "p1_movement", 2 0;
v0x158f2d260_0 .var "p1_shooting", 2 0;
v0x158f2d310_0 .var "p2_movement", 2 0;
v0x158f2d3c0_0 .var "p2_shooting", 2 0;
v0x158f2d4d0_0 .var "p3_movement", 2 0;
v0x158f2d580_0 .var "p3_shooting", 2 0;
v0x158f2d630_0 .var "p4_movement", 2 0;
v0x158f2d6e0_0 .var "p4_shooting", 2 0;
v0x158f2d790_0 .var "player", 1 0;
v0x158f2d840_0 .net "rst_in", 0 0, v0x158f2e430_0;  1 drivers
v0x158f2d8e0_0 .var "state", 1 0;
v0x158f2d990_0 .var "udp_header", 63 0;
v0x158f2db20_0 .var "valid_out", 0 0;
E_0x158f2ce30 .event posedge, v0x158f2cf40_0;
    .scope S_0x158f2c430;
T_0 ;
    %wait E_0x158f2ce30;
    %load/vec4 v0x158f2d840_0;
    %flag_set/vec4 8;
    %jmp/0xz  T_0.0, 8;
    %pushi/vec4 0, 0, 2;
    %assign/vec4 v0x158f2d8e0_0, 0;
    %pushi/vec4 0, 0, 1;
    %assign/vec4 v0x158f2db20_0, 0;
    %pushi/vec4 0, 0, 16;
    %assign/vec4 v0x158f2ce80_0, 0;
    %pushi/vec4 0, 0, 3;
    %assign/vec4 v0x158f2d1b0_0, 0;
    %pushi/vec4 0, 0, 3;
    %assign/vec4 v0x158f2d260_0, 0;
    %pushi/vec4 0, 0, 3;
    %assign/vec4 v0x158f2d310_0, 0;
    %pushi/vec4 0, 0, 3;
    %assign/vec4 v0x158f2d3c0_0, 0;
    %pushi/vec4 0, 0, 3;
    %assign/vec4 v0x158f2d4d0_0, 0;
    %pushi/vec4 0, 0, 3;
    %assign/vec4 v0x158f2d580_0, 0;
    %pushi/vec4 0, 0, 3;
    %assign/vec4 v0x158f2d630_0, 0;
    %pushi/vec4 0, 0, 3;
    %assign/vec4 v0x158f2d6e0_0, 0;
    %jmp T_0.1;
T_0.0 ;
    %load/vec4 v0x158f2d8e0_0;
    %dup/vec4;
    %pushi/vec4 0, 0, 2;
    %cmp/u;
    %jmp/1 T_0.2, 6;
    %dup/vec4;
    %pushi/vec4 1, 0, 2;
    %cmp/u;
    %jmp/1 T_0.3, 6;
    %dup/vec4;
    %pushi/vec4 3, 0, 2;
    %cmp/u;
    %jmp/1 T_0.4, 6;
    %jmp T_0.5;
T_0.2 ;
    %load/vec4 v0x158f2d070_0;
    %flag_set/vec4 8;
    %jmp/0xz  T_0.6, 8;
    %load/vec4 v0x158f2ce80_0;
    %pad/u 32;
    %cmpi/u 152, 0, 32;
    %jmp/0xz  T_0.8, 5;
    %load/vec4 v0x158f2ce80_0;
    %addi 8, 0, 16;
    %assign/vec4 v0x158f2ce80_0, 0;
    %jmp T_0.9;
T_0.8 ;
    %pushi/vec4 0, 0, 16;
    %assign/vec4 v0x158f2ce80_0, 0;
    %pushi/vec4 1, 0, 2;
    %assign/vec4 v0x158f2d8e0_0, 0;
T_0.9 ;
    %load/vec4 v0x158f2cfe0_0;
    %ix/load 5, 0, 0;
    %pushi/vec4 160, 0, 32;
    %load/vec4 v0x158f2ce80_0;
    %pad/u 32;
    %sub;
    %subi 1, 0, 32;
    %pad/u 34;
    %subi 7, 0, 34;
    %ix/vec4/s 4;
    %assign/vec4/off/d v0x158f2d100_0, 4, 5;
T_0.6 ;
    %pushi/vec4 0, 0, 1;
    %assign/vec4 v0x158f2db20_0, 0;
    %jmp T_0.5;
T_0.3 ;
    %load/vec4 v0x158f2d070_0;
    %flag_set/vec4 8;
    %jmp/0xz  T_0.10, 8;
    %load/vec4 v0x158f2ce80_0;
    %pad/u 32;
    %cmpi/u 56, 0, 32;
    %jmp/0xz  T_0.12, 5;
    %load/vec4 v0x158f2ce80_0;
    %addi 8, 0, 16;
    %assign/vec4 v0x158f2ce80_0, 0;
    %jmp T_0.13;
T_0.12 ;
    %pushi/vec4 0, 0, 16;
    %assign/vec4 v0x158f2ce80_0, 0;
    %pushi/vec4 3, 0, 2;
    %assign/vec4 v0x158f2d8e0_0, 0;
    %pushi/vec4 0, 0, 2;
    %assign/vec4 v0x158f2d790_0, 0;
T_0.13 ;
    %load/vec4 v0x158f2cfe0_0;
    %ix/load 5, 0, 0;
    %pushi/vec4 64, 0, 32;
    %load/vec4 v0x158f2ce80_0;
    %pad/u 32;
    %sub;
    %subi 1, 0, 32;
    %pad/u 34;
    %subi 7, 0, 34;
    %ix/vec4/s 4;
    %assign/vec4/off/d v0x158f2d990_0, 4, 5;
T_0.10 ;
    %jmp T_0.5;
T_0.4 ;
    %load/vec4 v0x158f2d070_0;
    %flag_set/vec4 8;
    %jmp/0xz  T_0.14, 8;
    %load/vec4 v0x158f2d790_0;
    %dup/vec4;
    %pushi/vec4 0, 0, 2;
    %cmp/u;
    %jmp/1 T_0.16, 6;
    %dup/vec4;
    %pushi/vec4 1, 0, 2;
    %cmp/u;
    %jmp/1 T_0.17, 6;
    %dup/vec4;
    %pushi/vec4 2, 0, 2;
    %cmp/u;
    %jmp/1 T_0.18, 6;
    %dup/vec4;
    %pushi/vec4 3, 0, 2;
    %cmp/u;
    %jmp/1 T_0.19, 6;
    %jmp T_0.20;
T_0.16 ;
    %load/vec4 v0x158f2cfe0_0;
    %parti/s 3, 4, 4;
    %assign/vec4 v0x158f2d1b0_0, 0;
    %load/vec4 v0x158f2cfe0_0;
    %parti/s 3, 0, 2;
    %assign/vec4 v0x158f2d260_0, 0;
    %pushi/vec4 1, 0, 2;
    %assign/vec4 v0x158f2d790_0, 0;
    %jmp T_0.20;
T_0.17 ;
    %load/vec4 v0x158f2cfe0_0;
    %parti/s 3, 4, 4;
    %assign/vec4 v0x158f2d310_0, 0;
    %load/vec4 v0x158f2cfe0_0;
    %parti/s 3, 0, 2;
    %assign/vec4 v0x158f2d3c0_0, 0;
    %pushi/vec4 2, 0, 2;
    %assign/vec4 v0x158f2d790_0, 0;
    %jmp T_0.20;
T_0.18 ;
    %load/vec4 v0x158f2cfe0_0;
    %parti/s 3, 4, 4;
    %assign/vec4 v0x158f2d4d0_0, 0;
    %load/vec4 v0x158f2cfe0_0;
    %parti/s 3, 0, 2;
    %assign/vec4 v0x158f2d580_0, 0;
    %pushi/vec4 3, 0, 2;
    %assign/vec4 v0x158f2d790_0, 0;
    %jmp T_0.20;
T_0.19 ;
    %load/vec4 v0x158f2cfe0_0;
    %parti/s 3, 4, 4;
    %assign/vec4 v0x158f2d630_0, 0;
    %load/vec4 v0x158f2cfe0_0;
    %parti/s 3, 0, 2;
    %assign/vec4 v0x158f2d6e0_0, 0;
    %pushi/vec4 0, 0, 2;
    %assign/vec4 v0x158f2d8e0_0, 0;
    %pushi/vec4 1, 0, 1;
    %assign/vec4 v0x158f2db20_0, 0;
    %jmp T_0.20;
T_0.20 ;
    %pop/vec4 1;
T_0.14 ;
    %jmp T_0.5;
T_0.5 ;
    %pop/vec4 1;
T_0.1 ;
    %jmp T_0;
    .thread T_0;
    .scope S_0x158f1be50;
T_1 ;
    %delay 5000, 0;
    %load/vec4 v0x158f2dce0_0;
    %nor/r;
    %store/vec4 v0x158f2dce0_0, 0, 1;
    %jmp T_1;
    .thread T_1;
    .scope S_0x158f1be50;
T_2 ;
    %vpi_call/w 3 48 "$dumpfile", "udp.vcd" {0 0 0};
    %vpi_call/w 3 49 "$dumpvars", 32'sb00000000000000000000000000000000, S_0x158f1be50 {0 0 0};
    %vpi_call/w 3 50 "$display", "Starting Sim" {0 0 0};
    %pushi/vec4 0, 0, 1;
    %store/vec4 v0x158f2dce0_0, 0, 1;
    %pushi/vec4 0, 0, 1;
    %store/vec4 v0x158f2e430_0, 0, 1;
    %pushi/vec4 0, 0, 8;
    %store/vec4 v0x158f2dd70_0, 0, 8;
    %pushi/vec4 0, 0, 1;
    %store/vec4 v0x158f2de00_0, 0, 1;
    %delay 10000, 0;
    %pushi/vec4 1, 0, 1;
    %store/vec4 v0x158f2e430_0, 0, 1;
    %delay 10000, 0;
    %pushi/vec4 0, 0, 1;
    %store/vec4 v0x158f2e430_0, 0, 1;
    %delay 10000, 0;
    %pushi/vec4 1, 0, 1;
    %store/vec4 v0x158f2de00_0, 0, 1;
    %pushi/vec4 255, 0, 8;
    %store/vec4 v0x158f2dd70_0, 0, 8;
    %delay 10000, 0;
    %fork t_1, S_0x158f1bfc0;
    %jmp t_0;
    .scope S_0x158f1bfc0;
t_1 ;
    %pushi/vec4 0, 0, 32;
    %store/vec4 v0x158f0d020_0, 0, 32;
T_2.0 ;
    %load/vec4 v0x158f0d020_0;
    %cmpi/s 18, 0, 32;
    %jmp/0xz T_2.1, 5;
    %pushi/vec4 0, 0, 8;
    %store/vec4 v0x158f2dd70_0, 0, 8;
    %delay 10000, 0;
    %load/vec4 v0x158f0d020_0;
    %addi 1, 0, 32;
    %cast2;
    %store/vec4 v0x158f0d020_0, 0, 32;
    %jmp T_2.0;
T_2.1 ;
    %end;
    .scope S_0x158f1be50;
t_0 %join;
    %pushi/vec4 255, 0, 8;
    %store/vec4 v0x158f2dd70_0, 0, 8;
    %delay 10000, 0;
    %pushi/vec4 0, 0, 1;
    %store/vec4 v0x158f2de00_0, 0, 1;
    %delay 10000, 0;
    %pushi/vec4 1, 0, 1;
    %store/vec4 v0x158f2de00_0, 0, 1;
    %pushi/vec4 254, 0, 8;
    %store/vec4 v0x158f2dd70_0, 0, 8;
    %delay 10000, 0;
    %fork t_3, S_0x158f2bcc0;
    %jmp t_2;
    .scope S_0x158f2bcc0;
t_3 ;
    %pushi/vec4 0, 0, 32;
    %store/vec4 v0x158f2be90_0, 0, 32;
T_2.2 ;
    %load/vec4 v0x158f2be90_0;
    %cmpi/s 6, 0, 32;
    %jmp/0xz T_2.3, 5;
    %pushi/vec4 0, 0, 8;
    %store/vec4 v0x158f2dd70_0, 0, 8;
    %delay 10000, 0;
    %load/vec4 v0x158f2be90_0;
    %addi 1, 0, 32;
    %cast2;
    %store/vec4 v0x158f2be90_0, 0, 32;
    %jmp T_2.2;
T_2.3 ;
    %end;
    .scope S_0x158f1be50;
t_2 %join;
    %pushi/vec4 254, 0, 8;
    %store/vec4 v0x158f2dd70_0, 0, 8;
    %delay 10000, 0;
    %pushi/vec4 213, 0, 8;
    %store/vec4 v0x158f2dd70_0, 0, 8;
    %delay 10000, 0;
    %pushi/vec4 119, 0, 8;
    %store/vec4 v0x158f2dd70_0, 0, 8;
    %delay 10000, 0;
    %pushi/vec4 170, 0, 8;
    %store/vec4 v0x158f2dd70_0, 0, 8;
    %delay 10000, 0;
    %pushi/vec4 1, 0, 8;
    %store/vec4 v0x158f2dd70_0, 0, 8;
    %delay 10000, 0;
    %pushi/vec4 1, 0, 1;
    %store/vec4 v0x158f2de00_0, 0, 1;
    %pushi/vec4 255, 0, 8;
    %store/vec4 v0x158f2dd70_0, 0, 8;
    %delay 10000, 0;
    %fork t_5, S_0x158f2bf20;
    %jmp t_4;
    .scope S_0x158f2bf20;
t_5 ;
    %pushi/vec4 0, 0, 32;
    %store/vec4 v0x158f2c100_0, 0, 32;
T_2.4 ;
    %load/vec4 v0x158f2c100_0;
    %cmpi/s 18, 0, 32;
    %jmp/0xz T_2.5, 5;
    %pushi/vec4 0, 0, 8;
    %store/vec4 v0x158f2dd70_0, 0, 8;
    %delay 10000, 0;
    %load/vec4 v0x158f2c100_0;
    %addi 1, 0, 32;
    %cast2;
    %store/vec4 v0x158f2c100_0, 0, 32;
    %jmp T_2.4;
T_2.5 ;
    %end;
    .scope S_0x158f1be50;
t_4 %join;
    %pushi/vec4 255, 0, 8;
    %store/vec4 v0x158f2dd70_0, 0, 8;
    %delay 10000, 0;
    %pushi/vec4 0, 0, 1;
    %store/vec4 v0x158f2de00_0, 0, 1;
    %delay 10000, 0;
    %pushi/vec4 1, 0, 1;
    %store/vec4 v0x158f2de00_0, 0, 1;
    %pushi/vec4 255, 0, 8;
    %store/vec4 v0x158f2dd70_0, 0, 8;
    %delay 10000, 0;
    %fork t_7, S_0x158f2c1b0;
    %jmp t_6;
    .scope S_0x158f2c1b0;
t_7 ;
    %pushi/vec4 0, 0, 32;
    %store/vec4 v0x158f2c370_0, 0, 32;
T_2.6 ;
    %load/vec4 v0x158f2c370_0;
    %cmpi/s 6, 0, 32;
    %jmp/0xz T_2.7, 5;
    %pushi/vec4 0, 0, 8;
    %store/vec4 v0x158f2dd70_0, 0, 8;
    %delay 10000, 0;
    %load/vec4 v0x158f2c370_0;
    %addi 1, 0, 32;
    %cast2;
    %store/vec4 v0x158f2c370_0, 0, 32;
    %jmp T_2.6;
T_2.7 ;
    %end;
    .scope S_0x158f1be50;
t_6 %join;
    %pushi/vec4 179, 0, 8;
    %store/vec4 v0x158f2dd70_0, 0, 8;
    %delay 10000, 0;
    %pushi/vec4 215, 0, 8;
    %store/vec4 v0x158f2dd70_0, 0, 8;
    %delay 10000, 0;
    %pushi/vec4 117, 0, 8;
    %store/vec4 v0x158f2dd70_0, 0, 8;
    %delay 10000, 0;
    %pushi/vec4 171, 0, 8;
    %store/vec4 v0x158f2dd70_0, 0, 8;
    %delay 10000, 0;
    %pushi/vec4 3, 0, 8;
    %store/vec4 v0x158f2dd70_0, 0, 8;
    %delay 10000, 0;
    %pushi/vec4 0, 0, 1;
    %store/vec4 v0x158f2de00_0, 0, 1;
    %delay 100000, 0;
    %vpi_call/w 3 148 "$display", "\012---------\012Finishing Simulation!" {0 0 0};
    %vpi_call/w 3 149 "$finish" {0 0 0};
    %end;
    .thread T_2;
# The file index is used to find the file name in the following table.
:file_names 5;
    "N/A";
    "<interactive>";
    "-";
    "sim/read_udp_tb.sv";
    "hdl/read_udp.sv";
