#-----------------------------------------------------------
# Vivado v2023.1 (64-bit)
# SW Build 3865809 on Sun May  7 15:04:56 MDT 2023
# IP Build 3864474 on Sun May  7 20:36:21 MDT 2023
# SharedData Build 3865790 on Sun May 07 13:33:03 MDT 2023
# Start of session at: Thu Dec 14 20:14:08 2023
# Process ID: 2484881
# Current directory: /home/ccimogu/Downloads/fp
# Command line: vivado -mode batch -source build.tcl
# Log file: /home/ccimogu/Downloads/fp/vivado.log
# Journal file: /home/ccimogu/Downloads/fp/vivado.jou
# Running On: eecs-digital-34, OS: Linux, CPU Frequency: 799.317 MHz, CPU Physical cores: 16, Host memory: 33318 MB
#-----------------------------------------------------------
source build.tcl
# set partNum xc7s50csga324-1
# set outputDir obj
# file mkdir $outputDir
# set files [glob -nocomplain "$outputDir/*"]
# if {[llength $files] != 0} {
#     # clear folder contents
#     puts "deleting contents of $outputDir"
#     file delete -force {*}[glob -directory $outputDir *];
# } else {
#     puts "$outputDir is empty"
# }
obj is empty
# read_verilog -sv [ glob ./hdl/*.sv ]
# read_verilog  [ glob ./hdl/*.v ]
# read_xdc ./xdc/top_level.xdc
# read_mem [ glob ./data/*.mem ]
# set_part $partNum
INFO: [Coretcl 2-1500] The part has been set to 'xc7s50csga324-1' for the current project only. Run set_part -help for more details. To evaluate different speed grades in the current design, use the set_speed_grade command, or use the open_checkpoint -part command to change the part used by an existing checkpoint design.
# read_ip ./ip/multiplier/multiplier.xci
INFO: [IP_Flow 19-234] Refreshing IP repositories
INFO: [IP_Flow 19-1704] No user IP repositories specified
INFO: [IP_Flow 19-2313] Loaded Vivado IP repository '/tools/Xilinx/Vivado/2023.1/data/ip'.
WARNING: [Vivado 12-13650] The IP file '/home/ccimogu/Downloads/fp/ip/multiplier/multiplier.xci' has been moved from its original location, as a result the outputs for this IP will now be generated in '/home/ccimogu/Downloads/fp/ip/multiplier/ip/multiplier'. Alternatively a copy of the IP can be imported into the project using one of the 'import_ip' or 'import_files' commands.
# read_ip ./ip/adder/adder.xci
WARNING: [Vivado 12-13650] The IP file '/home/ccimogu/Downloads/fp/ip/adder/adder.xci' has been moved from its original location, as a result the outputs for this IP will now be generated in '/home/ccimogu/Downloads/fp/ip/adder/ip/adder'. Alternatively a copy of the IP can be imported into the project using one of the 'import_ip' or 'import_files' commands.
# read_ip ./ip/sqrt/sqrt.xci
WARNING: [Vivado 12-13650] The IP file '/home/ccimogu/Downloads/fp/ip/sqrt/sqrt.xci' has been moved from its original location, as a result the outputs for this IP will now be generated in '/home/ccimogu/Downloads/fp/ip/sqrt/ip/sqrt'. Alternatively a copy of the IP can be imported into the project using one of the 'import_ip' or 'import_files' commands.
# read_ip ./ip/difference/difference.xci
WARNING: [Vivado 12-13650] The IP file '/home/ccimogu/Downloads/fp/ip/difference/difference.xci' has been moved from its original location, as a result the outputs for this IP will now be generated in '/home/ccimogu/Downloads/fp/ip/difference/ip/difference'. Alternatively a copy of the IP can be imported into the project using one of the 'import_ip' or 'import_files' commands.
# read_ip ./ip/divider/divider.xci
WARNING: [Vivado 12-13650] The IP file '/home/ccimogu/Downloads/fp/ip/divider/divider.xci' has been moved from its original location, as a result the outputs for this IP will now be generated in '/home/ccimogu/Downloads/fp/ip/divider/ip/divider'. Alternatively a copy of the IP can be imported into the project using one of the 'import_ip' or 'import_files' commands.
# read_ip ./ip/fixed2float/fixed2float.xci
WARNING: [Vivado 12-13650] The IP file '/home/ccimogu/Downloads/fp/ip/fixed2float/fixed2float.xci' has been moved from its original location, as a result the outputs for this IP will now be generated in '/home/ccimogu/Downloads/fp/ip/fixed2float/ip/fixed2float'. Alternatively a copy of the IP can be imported into the project using one of the 'import_ip' or 'import_files' commands.
# read_ip ./ip/adder_many/adder_many.xci
WARNING: [Vivado 12-13650] The IP file '/home/ccimogu/Downloads/fp/ip/adder_many/adder_many.xci' has been moved from its original location, as a result the outputs for this IP will now be generated in '/home/ccimogu/Downloads/fp/ip/adder_many/ip/adder_many'. Alternatively a copy of the IP can be imported into the project using one of the 'import_ip' or 'import_files' commands.
# read_ip ./ip/divide_many/divide_many.xci
WARNING: [Vivado 12-13650] The IP file '/home/ccimogu/Downloads/fp/ip/divide_many/divide_many.xci' has been moved from its original location, as a result the outputs for this IP will now be generated in '/home/ccimogu/Downloads/fp/ip/divide_many/ip/divide_many'. Alternatively a copy of the IP can be imported into the project using one of the 'import_ip' or 'import_files' commands.
# read_ip ./ip/multiply_many/multiply_many.xci
WARNING: [Vivado 12-13650] The IP file '/home/ccimogu/Downloads/fp/ip/multiply_many/multiply_many.xci' has been moved from its original location, as a result the outputs for this IP will now be generated in '/home/ccimogu/Downloads/fp/ip/multiply_many/ip/multiply_many'. Alternatively a copy of the IP can be imported into the project using one of the 'import_ip' or 'import_files' commands.
# read_ip ./ip/difference_many/difference_many.xci
WARNING: [Vivado 12-13650] The IP file '/home/ccimogu/Downloads/fp/ip/difference_many/difference_many.xci' has been moved from its original location, as a result the outputs for this IP will now be generated in '/home/ccimogu/Downloads/fp/ip/difference_many/ip/difference_many'. Alternatively a copy of the IP can be imported into the project using one of the 'import_ip' or 'import_files' commands.
# read_ip ./ip/float2fixed_many/float2fixed_many.xci
WARNING: [Vivado 12-13650] The IP file '/home/ccimogu/Downloads/fp/ip/float2fixed_many/float2fixed_many.xci' has been moved from its original location, as a result the outputs for this IP will now be generated in '/home/ccimogu/Downloads/fp/ip/float2fixed_many/ip/float2fixed_many'. Alternatively a copy of the IP can be imported into the project using one of the 'import_ip' or 'import_files' commands.
# generate_target all [get_ips]
# synth_ip [get_ips]
INFO: [Vivado 12-3435] The given sub-design is up-to-date, no action was taken.  If a regeneration is desired, use the '-force' option: /home/ccimogu/Downloads/fp/ip/adder/adder.xci
INFO: [Vivado 12-3435] The given sub-design is up-to-date, no action was taken.  If a regeneration is desired, use the '-force' option: /home/ccimogu/Downloads/fp/ip/adder_many/adder_many.xci
INFO: [Vivado 12-3435] The given sub-design is up-to-date, no action was taken.  If a regeneration is desired, use the '-force' option: /home/ccimogu/Downloads/fp/ip/difference/difference.xci
INFO: [Vivado 12-3435] The given sub-design is up-to-date, no action was taken.  If a regeneration is desired, use the '-force' option: /home/ccimogu/Downloads/fp/ip/difference_many/difference_many.xci
INFO: [Vivado 12-3435] The given sub-design is up-to-date, no action was taken.  If a regeneration is desired, use the '-force' option: /home/ccimogu/Downloads/fp/ip/divide_many/divide_many.xci
INFO: [Vivado 12-3435] The given sub-design is up-to-date, no action was taken.  If a regeneration is desired, use the '-force' option: /home/ccimogu/Downloads/fp/ip/divider/divider.xci
INFO: [Vivado 12-3435] The given sub-design is up-to-date, no action was taken.  If a regeneration is desired, use the '-force' option: /home/ccimogu/Downloads/fp/ip/fixed2float/fixed2float.xci
INFO: [Vivado 12-3435] The given sub-design is up-to-date, no action was taken.  If a regeneration is desired, use the '-force' option: /home/ccimogu/Downloads/fp/ip/float2fixed_many/float2fixed_many.xci
INFO: [Vivado 12-3435] The given sub-design is up-to-date, no action was taken.  If a regeneration is desired, use the '-force' option: /home/ccimogu/Downloads/fp/ip/multiplier/multiplier.xci
INFO: [Vivado 12-3435] The given sub-design is up-to-date, no action was taken.  If a regeneration is desired, use the '-force' option: /home/ccimogu/Downloads/fp/ip/multiply_many/multiply_many.xci
INFO: [Vivado 12-3435] The given sub-design is up-to-date, no action was taken.  If a regeneration is desired, use the '-force' option: /home/ccimogu/Downloads/fp/ip/sqrt/sqrt.xci
INFO: [Vivado 12-3441] generate_netlist_ip - operation complete
# synth_design -top top_level -part $partNum -verbose
Command: synth_design -top top_level -part xc7s50csga324-1 -verbose
Starting synth_design
Attempting to get a license for feature 'Synthesis' and/or device 'xc7s50'
INFO: [Common 17-349] Got license for feature 'Synthesis' and/or device 'xc7s50'
INFO: [Device 21-403] Loading part xc7s50csga324-1
INFO: [Synth 8-7079] Multithreading enabled for synth_design using a maximum of 4 processes.
INFO: [Synth 8-7078] Launching helper process for spawning children vivado processes
INFO: [Synth 8-7075] Helper process launched with PID 2484950
ERROR: [Synth 8-2716] syntax error near ';' [/home/ccimogu/Downloads/fp/hdl/display.sv:333]
ERROR: [Synth 8-2716] syntax error near 'endcase' [/home/ccimogu/Downloads/fp/hdl/display.sv:383]
ERROR: [Synth 8-10307] SystemVerilog keyword 'endcase' used in incorrect context [/home/ccimogu/Downloads/fp/hdl/display.sv:383]
ERROR: [Synth 8-36] 't_write' is not declared [/home/ccimogu/Downloads/fp/hdl/display.sv:307]
ERROR: [Synth 8-36] 't_write' is not declared [/home/ccimogu/Downloads/fp/hdl/display.sv:325]
ERROR: [Synth 8-36] 'A' is not declared [/home/ccimogu/Downloads/fp/hdl/display.sv:344]
ERROR: [Synth 8-36] 'done' is not declared [/home/ccimogu/Downloads/fp/hdl/display.sv:357]
ERROR: [Synth 8-36] 'A' is not declared [/home/ccimogu/Downloads/fp/hdl/display.sv:367]
ERROR: [Synth 8-36] 'B' is not declared [/home/ccimogu/Downloads/fp/hdl/display.sv:368]
ERROR: [Synth 8-36] 'B' is not declared [/home/ccimogu/Downloads/fp/hdl/display.sv:371]
ERROR: [Synth 8-36] 'C' is not declared [/home/ccimogu/Downloads/fp/hdl/display.sv:371]
ERROR: [Synth 8-36] 'C' is not declared [/home/ccimogu/Downloads/fp/hdl/display.sv:372]
ERROR: [Synth 8-36] 'fsm_state' is not declared [/home/ccimogu/Downloads/fp/hdl/display.sv:378]
ERROR: [Synth 8-36] 'A' is not declared [/home/ccimogu/Downloads/fp/hdl/display.sv:378]
WARNING: [Synth 8-6901] identifier 'SOURCE_SIZE' is used before its declaration [/home/ccimogu/Downloads/fp/hdl/display.sv:408]
INFO: [Synth 8-10285] module 'displaying' is ignored due to previous errors [/home/ccimogu/Downloads/fp/hdl/display.sv:440]
ERROR: [Synth 8-2716] syntax error near 'input' [/home/ccimogu/Downloads/fp/hdl/display.sv:454]
ERROR: [Synth 8-10307] SystemVerilog keyword 'input' used in incorrect context [/home/ccimogu/Downloads/fp/hdl/display.sv:454]
INFO: [Synth 8-9084] Verilog file '/home/ccimogu/Downloads/fp/hdl/display.sv' ignored due to errors
Failed to read verilog '/home/ccimogu/Downloads/fp/hdl/display.sv'
INFO: [Common 17-83] Releasing license: Synthesis
8 Infos, 1 Warnings, 0 Critical Warnings and 17 Errors encountered.
synth_design failed
ERROR: [Common 17-69] Command failed: Synthesis failed - please see the console or run log file for details
INFO: [Common 17-206] Exiting Vivado at Thu Dec 14 20:14:16 2023...
