#-----------------------------------------------------------
# Vivado v2023.1 (64-bit)
# SW Build 3865809 on Sun May  7 15:04:56 MDT 2023
# IP Build 3864474 on Sun May  7 20:36:21 MDT 2023
# SharedData Build 3865790 on Sun May 07 13:33:03 MDT 2023
# Start of session at: Thu Dec 14 14:28:16 2023
# Process ID: 1262
# Current directory: /home/fpga
# Command line: vivado -mode batch -source build.tcl
# Log file: /home/fpga/vivado.log
# Journal file: /home/fpga/vivado.jou
# Running On: worker, OS: Linux, CPU Frequency: 2100.000 MHz, CPU Physical cores: 1, Host memory: 6218 MB
#-----------------------------------------------------------
source build.tcl
# set partNum xc7s50csga324-1
# set outputDir obj
# file mkdir $outputDir
# set files [glob -nocomplain "$outputDir/*"]
# if {[llength $files] != 0} {
#     # clear folder contents
#     puts "deleting contents of $outputDir"
#     file delete -force {*}[glob -directory $outputDir *];
# } else {
#     puts "$outputDir is empty"
# }
deleting contents of obj
# read_verilog -sv [ glob ./hdl/*.sv ]
# read_verilog  [ glob ./hdl/*.v ]
# read_xdc ./xdc/top_level.xdc
# set_part $partNum
INFO: [Coretcl 2-1500] The part has been set to 'xc7s50csga324-1' for the current project only. Run set_part -help for more details. To evaluate different speed grades in the current design, use the set_speed_grade command, or use the open_checkpoint -part command to change the part used by an existing checkpoint design.
# synth_design -top top_level -part $partNum -verbose
Command: synth_design -top top_level -part xc7s50csga324-1 -verbose
Starting synth_design
Attempting to get a license for feature 'Synthesis' and/or device 'xc7s50'
INFO: [Common 17-349] Got license for feature 'Synthesis' and/or device 'xc7s50'
INFO: [Device 21-403] Loading part xc7s50csga324-1
INFO: [Synth 8-7079] Multithreading enabled for synth_design using a maximum of 4 processes.
INFO: [Synth 8-7078] Launching helper process for spawning children vivado processes
INFO: [Synth 8-7075] Helper process launched with PID 1271
WARNING: [Synth 8-6901] identifier 'TOTAL_PIXELS' is used before its declaration [/home/fpga/hdl/video_sig_gen.sv:14]
WARNING: [Synth 8-6901] identifier 'TOTAL_LINES' is used before its declaration [/home/fpga/hdl/video_sig_gen.sv:15]
---------------------------------------------------------------------------------
Starting RTL Elaboration : Time (s): cpu = 00:00:02 ; elapsed = 00:00:04 . Memory (MB): peak = 1986.926 ; gain = 376.770 ; free physical = 3246 ; free virtual = 8855
---------------------------------------------------------------------------------
INFO: [Synth 8-6157] synthesizing module 'top_level' [/home/fpga/hdl/top_level.sv:5]
INFO: [Synth 8-6157] synthesizing module 'hdmi_clk_wiz_720p' [/home/fpga/hdl/hdmi_clk_wiz.v:69]
INFO: [Synth 8-6157] synthesizing module 'IBUF' [/opt/Xilinx/Vivado/2023.1/scripts/rt/data/unisim_comp.v:71768]
INFO: [Synth 8-6155] done synthesizing module 'IBUF' (0#1) [/opt/Xilinx/Vivado/2023.1/scripts/rt/data/unisim_comp.v:71768]
INFO: [Synth 8-6157] synthesizing module 'MMCME2_ADV' [/opt/Xilinx/Vivado/2023.1/scripts/rt/data/unisim_comp.v:80311]
	Parameter BANDWIDTH bound to: OPTIMIZED - type: string 
	Parameter CLKFBOUT_MULT_F bound to: 37.125000 - type: double 
	Parameter CLKFBOUT_PHASE bound to: 0.000000 - type: double 
	Parameter CLKFBOUT_USE_FINE_PS bound to: FALSE - type: string 
	Parameter CLKIN1_PERIOD bound to: 10.000000 - type: double 
	Parameter CLKOUT0_DIVIDE_F bound to: 10.000000 - type: double 
	Parameter CLKOUT0_DUTY_CYCLE bound to: 0.500000 - type: double 
	Parameter CLKOUT0_PHASE bound to: 0.000000 - type: double 
	Parameter CLKOUT0_USE_FINE_PS bound to: FALSE - type: string 
	Parameter CLKOUT1_DIVIDE bound to: 2 - type: integer 
	Parameter CLKOUT1_DUTY_CYCLE bound to: 0.500000 - type: double 
	Parameter CLKOUT1_PHASE bound to: 0.000000 - type: double 
	Parameter CLKOUT1_USE_FINE_PS bound to: FALSE - type: string 
	Parameter CLKOUT4_CASCADE bound to: FALSE - type: string 
	Parameter COMPENSATION bound to: ZHOLD - type: string 
	Parameter DIVCLK_DIVIDE bound to: 5 - type: integer 
	Parameter STARTUP_WAIT bound to: FALSE - type: string 
INFO: [Synth 8-6155] done synthesizing module 'MMCME2_ADV' (0#1) [/opt/Xilinx/Vivado/2023.1/scripts/rt/data/unisim_comp.v:80311]
INFO: [Synth 8-6157] synthesizing module 'BUFG' [/opt/Xilinx/Vivado/2023.1/scripts/rt/data/unisim_comp.v:1519]
INFO: [Synth 8-6155] done synthesizing module 'BUFG' (0#1) [/opt/Xilinx/Vivado/2023.1/scripts/rt/data/unisim_comp.v:1519]
INFO: [Synth 8-6155] done synthesizing module 'hdmi_clk_wiz_720p' (0#1) [/home/fpga/hdl/hdmi_clk_wiz.v:69]
INFO: [Synth 8-6157] synthesizing module 'video_sig_gen' [/home/fpga/hdl/video_sig_gen.sv:1]
INFO: [Synth 8-6155] done synthesizing module 'video_sig_gen' (0#1) [/home/fpga/hdl/video_sig_gen.sv:1]
INFO: [Synth 8-6157] synthesizing module 'shape_party' [/home/fpga/hdl/block_sprite.sv:109]
INFO: [Synth 8-6157] synthesizing module 'move_boxes' [/home/fpga/hdl/block_sprite.sv:27]
INFO: [Synth 8-6155] done synthesizing module 'move_boxes' (0#1) [/home/fpga/hdl/block_sprite.sv:27]
INFO: [Synth 8-6157] synthesizing module 'bullet_master' [/home/fpga/hdl/bullet.sv:100]
INFO: [Synth 8-6157] synthesizing module 'move_bullet' [/home/fpga/hdl/bullet.sv:2]
INFO: [Synth 8-155] case statement is not full and has no default [/home/fpga/hdl/bullet.sv:37]
INFO: [Synth 8-155] case statement is not full and has no default [/home/fpga/hdl/bullet.sv:57]
INFO: [Synth 8-155] case statement is not full and has no default [/home/fpga/hdl/bullet.sv:76]
INFO: [Synth 8-6155] done synthesizing module 'move_bullet' (0#1) [/home/fpga/hdl/bullet.sv:2]
INFO: [Synth 8-6155] done synthesizing module 'bullet_master' (0#1) [/home/fpga/hdl/bullet.sv:100]
INFO: [Synth 8-6157] synthesizing module 'block_sprite' [/home/fpga/hdl/block_sprite.sv:1]
	Parameter WIDTH bound to: 90 - type: integer 
	Parameter HEIGHT bound to: 90 - type: integer 
	Parameter COLOR bound to: 24'b111111110111111100000000 
INFO: [Synth 8-6155] done synthesizing module 'block_sprite' (0#1) [/home/fpga/hdl/block_sprite.sv:1]
INFO: [Synth 8-6157] synthesizing module 'block_sprite__parameterized0' [/home/fpga/hdl/block_sprite.sv:1]
	Parameter WIDTH bound to: 90 - type: integer 
	Parameter HEIGHT bound to: 90 - type: integer 
	Parameter COLOR bound to: 24'b111111111111111111111111 
INFO: [Synth 8-6155] done synthesizing module 'block_sprite__parameterized0' (0#1) [/home/fpga/hdl/block_sprite.sv:1]
INFO: [Synth 8-6157] synthesizing module 'block_sprite__parameterized1' [/home/fpga/hdl/block_sprite.sv:1]
	Parameter WIDTH bound to: 90 - type: integer 
	Parameter HEIGHT bound to: 90 - type: integer 
	Parameter COLOR bound to: 24'b111111110000000011111111 
INFO: [Synth 8-6155] done synthesizing module 'block_sprite__parameterized1' (0#1) [/home/fpga/hdl/block_sprite.sv:1]
INFO: [Synth 8-6157] synthesizing module 'block_sprite__parameterized2' [/home/fpga/hdl/block_sprite.sv:1]
	Parameter WIDTH bound to: 5 - type: integer 
	Parameter HEIGHT bound to: 5 - type: integer 
	Parameter COLOR bound to: 24'b111111111111111111111111 
INFO: [Synth 8-6155] done synthesizing module 'block_sprite__parameterized2' (0#1) [/home/fpga/hdl/block_sprite.sv:1]
INFO: [Synth 8-6157] synthesizing module 'block_sprite__parameterized3' [/home/fpga/hdl/block_sprite.sv:1]
	Parameter WIDTH bound to: 5 - type: integer 
	Parameter HEIGHT bound to: 5 - type: integer 
	Parameter COLOR bound to: 24'b111111110111111100000000 
INFO: [Synth 8-6155] done synthesizing module 'block_sprite__parameterized3' (0#1) [/home/fpga/hdl/block_sprite.sv:1]
INFO: [Synth 8-6157] synthesizing module 'block_sprite__parameterized4' [/home/fpga/hdl/block_sprite.sv:1]
	Parameter WIDTH bound to: 5 - type: integer 
	Parameter HEIGHT bound to: 5 - type: integer 
	Parameter COLOR bound to: 24'b111111110000000000000000 
INFO: [Synth 8-6155] done synthesizing module 'block_sprite__parameterized4' (0#1) [/home/fpga/hdl/block_sprite.sv:1]
INFO: [Synth 8-6155] done synthesizing module 'shape_party' (0#1) [/home/fpga/hdl/block_sprite.sv:109]
INFO: [Synth 8-6157] synthesizing module 'tmds_encoder' [/home/fpga/hdl/tmds_encoder.sv:41]
INFO: [Synth 8-6157] synthesizing module 'tm_choice' [/home/fpga/hdl/tmds_encoder.sv:1]
INFO: [Synth 8-6155] done synthesizing module 'tm_choice' (0#1) [/home/fpga/hdl/tmds_encoder.sv:1]
INFO: [Synth 8-6155] done synthesizing module 'tmds_encoder' (0#1) [/home/fpga/hdl/tmds_encoder.sv:41]
INFO: [Synth 8-6157] synthesizing module 'tmds_serializer' [/home/fpga/hdl/tmds_serializer.sv:4]
INFO: [Synth 8-6157] synthesizing module 'OSERDESE2' [/opt/Xilinx/Vivado/2023.1/scripts/rt/data/unisim_comp.v:95372]
	Parameter DATA_RATE_OQ bound to: DDR - type: string 
	Parameter DATA_RATE_TQ bound to: SDR - type: string 
	Parameter DATA_WIDTH bound to: 10 - type: integer 
	Parameter SERDES_MODE bound to: MASTER - type: string 
	Parameter TBYTE_CTL bound to: FALSE - type: string 
	Parameter TBYTE_SRC bound to: FALSE - type: string 
	Parameter TRISTATE_WIDTH bound to: 1 - type: integer 
INFO: [Synth 8-6155] done synthesizing module 'OSERDESE2' (0#1) [/opt/Xilinx/Vivado/2023.1/scripts/rt/data/unisim_comp.v:95372]
INFO: [Synth 8-6157] synthesizing module 'OSERDESE2__parameterized0' [/opt/Xilinx/Vivado/2023.1/scripts/rt/data/unisim_comp.v:95372]
	Parameter DATA_RATE_OQ bound to: DDR - type: string 
	Parameter DATA_RATE_TQ bound to: SDR - type: string 
	Parameter DATA_WIDTH bound to: 10 - type: integer 
	Parameter SERDES_MODE bound to: SLAVE - type: string 
	Parameter TBYTE_CTL bound to: FALSE - type: string 
	Parameter TBYTE_SRC bound to: FALSE - type: string 
	Parameter TRISTATE_WIDTH bound to: 1 - type: integer 
INFO: [Synth 8-6155] done synthesizing module 'OSERDESE2__parameterized0' (0#1) [/opt/Xilinx/Vivado/2023.1/scripts/rt/data/unisim_comp.v:95372]
INFO: [Synth 8-6155] done synthesizing module 'tmds_serializer' (0#1) [/home/fpga/hdl/tmds_serializer.sv:4]
INFO: [Synth 8-6157] synthesizing module 'OBUFDS' [/opt/Xilinx/Vivado/2023.1/scripts/rt/data/unisim_comp.v:91135]
INFO: [Synth 8-6155] done synthesizing module 'OBUFDS' (0#1) [/opt/Xilinx/Vivado/2023.1/scripts/rt/data/unisim_comp.v:91135]
INFO: [Synth 8-6155] done synthesizing module 'top_level' (0#1) [/home/fpga/hdl/top_level.sv:5]
WARNING: [Synth 8-3848] Net d_box_x in module/entity move_bullet does not have driver. [/home/fpga/hdl/bullet.sv:13]
WARNING: [Synth 8-3848] Net d_box_y in module/entity move_bullet does not have driver. [/home/fpga/hdl/bullet.sv:14]
WARNING: [Synth 8-3917] design top_level has port rgb0[2] driven by constant 0
WARNING: [Synth 8-3917] design top_level has port rgb0[1] driven by constant 0
WARNING: [Synth 8-3917] design top_level has port rgb0[0] driven by constant 0
WARNING: [Synth 8-3917] design top_level has port rgb1[2] driven by constant 0
WARNING: [Synth 8-3917] design top_level has port rgb1[1] driven by constant 0
WARNING: [Synth 8-3917] design top_level has port rgb1[0] driven by constant 0
WARNING: [Synth 8-7129] Port btn[3] in module top_level is either unconnected or has no load
WARNING: [Synth 8-7129] Port btn[2] in module top_level is either unconnected or has no load
WARNING: [Synth 8-7129] Port btn[1] in module top_level is either unconnected or has no load
---------------------------------------------------------------------------------
Finished RTL Elaboration : Time (s): cpu = 00:00:03 ; elapsed = 00:00:05 . Memory (MB): peak = 2060.863 ; gain = 450.707 ; free physical = 3108 ; free virtual = 8720
---------------------------------------------------------------------------------
---------------------------------------------------------------------------------
Start Handling Custom Attributes
---------------------------------------------------------------------------------
---------------------------------------------------------------------------------
Finished Handling Custom Attributes : Time (s): cpu = 00:00:03 ; elapsed = 00:00:05 . Memory (MB): peak = 2078.676 ; gain = 468.520 ; free physical = 3106 ; free virtual = 8718
---------------------------------------------------------------------------------
---------------------------------------------------------------------------------
Finished RTL Optimization Phase 1 : Time (s): cpu = 00:00:03 ; elapsed = 00:00:05 . Memory (MB): peak = 2078.676 ; gain = 468.520 ; free physical = 3106 ; free virtual = 8718
---------------------------------------------------------------------------------
Netlist sorting complete. Time (s): cpu = 00:00:00.01 ; elapsed = 00:00:00.04 . Memory (MB): peak = 2084.613 ; gain = 0.000 ; free physical = 3101 ; free virtual = 8713
INFO: [Netlist 29-17] Analyzing 5 Unisim elements for replacement
INFO: [Netlist 29-28] Unisim Transformation completed in 0 CPU seconds
INFO: [Project 1-570] Preparing netlist for logic optimization

Processing XDC Constraints
Initializing timing engine
Parsing XDC File [/home/fpga/xdc/top_level.xdc]
Finished Parsing XDC File [/home/fpga/xdc/top_level.xdc]
INFO: [Project 1-236] Implementation specific constraints were found while reading constraint file [/home/fpga/xdc/top_level.xdc]. These constraints will be ignored for synthesis but will be used in implementation. Impacted constraints are listed in the file [.Xil/top_level_propImpl.xdc].
Resolution: To avoid this warning, move constraints listed in [.Xil/top_level_propImpl.xdc] to another XDC file and exclude this new file from synthesis with the used_in_synthesis property (File Properties dialog in GUI) and re-run elaboration/synthesis.
INFO: [Timing 38-2] Deriving generated clocks
Completed Processing XDC Constraints

Netlist sorting complete. Time (s): cpu = 00:00:00 ; elapsed = 00:00:00 . Memory (MB): peak = 2171.398 ; gain = 0.000 ; free physical = 3069 ; free virtual = 8697
INFO: [Project 1-111] Unisim Transformation Summary:
  A total of 4 instances were transformed.
  OBUFDS => OBUFDS_DUAL_BUF (INV, OBUFDS(x2)): 4 instances

Constraint Validation Runtime : Time (s): cpu = 00:00:00 ; elapsed = 00:00:00 . Memory (MB): peak = 2171.398 ; gain = 0.000 ; free physical = 3069 ; free virtual = 8697
---------------------------------------------------------------------------------
Finished Constraint Validation : Time (s): cpu = 00:00:06 ; elapsed = 00:00:09 . Memory (MB): peak = 2171.398 ; gain = 561.242 ; free physical = 3068 ; free virtual = 8695
---------------------------------------------------------------------------------
---------------------------------------------------------------------------------
Start Loading Part and Timing Information
---------------------------------------------------------------------------------
Loading part: xc7s50csga324-1
---------------------------------------------------------------------------------
Finished Loading Part and Timing Information : Time (s): cpu = 00:00:06 ; elapsed = 00:00:09 . Memory (MB): peak = 2171.398 ; gain = 561.242 ; free physical = 3068 ; free virtual = 8695
---------------------------------------------------------------------------------
---------------------------------------------------------------------------------
Start Applying 'set_property' XDC Constraints
---------------------------------------------------------------------------------
---------------------------------------------------------------------------------
Finished applying 'set_property' XDC Constraints : Time (s): cpu = 00:00:06 ; elapsed = 00:00:09 . Memory (MB): peak = 2171.398 ; gain = 561.242 ; free physical = 3068 ; free virtual = 8695
---------------------------------------------------------------------------------
---------------------------------------------------------------------------------
Finished RTL Optimization Phase 2 : Time (s): cpu = 00:00:06 ; elapsed = 00:00:09 . Memory (MB): peak = 2171.398 ; gain = 561.242 ; free physical = 3066 ; free virtual = 8695
---------------------------------------------------------------------------------
---------------------------------------------------------------------------------
Start RTL Component Statistics 
---------------------------------------------------------------------------------
Detailed RTL Component Info : 
+---Adders : 
	   3 Input   13 Bit       Adders := 6     
	   2 Input   12 Bit       Adders := 6     
	   3 Input   12 Bit       Adders := 7     
	   2 Input   11 Bit       Adders := 18    
	   2 Input   10 Bit       Adders := 13    
	   6 Input    8 Bit       Adders := 3     
	   2 Input    6 Bit       Adders := 1     
	   5 Input    5 Bit       Adders := 3     
	  14 Input    5 Bit       Adders := 3     
	   6 Input    5 Bit       Adders := 3     
	   2 Input    5 Bit       Adders := 3     
	   8 Input    5 Bit       Adders := 3     
	   4 Input    5 Bit       Adders := 3     
	   8 Input    4 Bit       Adders := 3     
	   4 Input    3 Bit       Adders := 3     
+---Registers : 
	               11 Bit    Registers := 7     
	               10 Bit    Registers := 10    
	                6 Bit    Registers := 1     
	                5 Bit    Registers := 3     
	                3 Bit    Registers := 3     
	                2 Bit    Registers := 1     
	                1 Bit    Registers := 8     
+---Muxes : 
	   6 Input   11 Bit        Muxes := 3     
	   2 Input   10 Bit        Muxes := 10    
	   6 Input   10 Bit        Muxes := 3     
	   5 Input   10 Bit        Muxes := 3     
	   2 Input    9 Bit        Muxes := 3     
	   2 Input    8 Bit        Muxes := 3     
	   2 Input    5 Bit        Muxes := 9     
	   2 Input    4 Bit        Muxes := 6     
	   6 Input    3 Bit        Muxes := 3     
	   2 Input    1 Bit        Muxes := 28    
	   4 Input    1 Bit        Muxes := 1     
	   6 Input    1 Bit        Muxes := 6     
---------------------------------------------------------------------------------
Finished RTL Component Statistics 
---------------------------------------------------------------------------------
---------------------------------------------------------------------------------
Start Part Resource Summary
---------------------------------------------------------------------------------
Part Resources:
DSPs: 120 (col length:60)
BRAMs: 150 (col length: RAMB18 60 RAMB36 30)
---------------------------------------------------------------------------------
Finished Part Resource Summary
---------------------------------------------------------------------------------
---------------------------------------------------------------------------------
Start Cross Boundary and Area Optimization
---------------------------------------------------------------------------------
WARNING: [Synth 8-7080] Parallel synthesis criteria is not met
WARNING: [Synth 8-3917] design top_level has port rgb0[2] driven by constant 0
WARNING: [Synth 8-3917] design top_level has port rgb0[1] driven by constant 0
WARNING: [Synth 8-3917] design top_level has port rgb0[0] driven by constant 0
WARNING: [Synth 8-3917] design top_level has port rgb1[2] driven by constant 0
WARNING: [Synth 8-3917] design top_level has port rgb1[1] driven by constant 0
WARNING: [Synth 8-3917] design top_level has port rgb1[0] driven by constant 0
WARNING: [Synth 8-7129] Port btn[3] in module top_level is either unconnected or has no load
WARNING: [Synth 8-7129] Port btn[2] in module top_level is either unconnected or has no load
WARNING: [Synth 8-7129] Port btn[1] in module top_level is either unconnected or has no load
---------------------------------------------------------------------------------
Finished Cross Boundary and Area Optimization : Time (s): cpu = 00:00:12 ; elapsed = 00:00:15 . Memory (MB): peak = 2171.398 ; gain = 561.242 ; free physical = 3052 ; free virtual = 8688
---------------------------------------------------------------------------------
---------------------------------------------------------------------------------
Start Applying XDC Timing Constraints
---------------------------------------------------------------------------------
---------------------------------------------------------------------------------
Finished Applying XDC Timing Constraints : Time (s): cpu = 00:00:14 ; elapsed = 00:00:17 . Memory (MB): peak = 2171.398 ; gain = 561.242 ; free physical = 3042 ; free virtual = 8688
---------------------------------------------------------------------------------
---------------------------------------------------------------------------------
Start Timing Optimization
---------------------------------------------------------------------------------
---------------------------------------------------------------------------------
Finished Timing Optimization : Time (s): cpu = 00:00:16 ; elapsed = 00:00:20 . Memory (MB): peak = 2171.398 ; gain = 561.242 ; free physical = 3018 ; free virtual = 8664
---------------------------------------------------------------------------------
---------------------------------------------------------------------------------
Start Technology Mapping
---------------------------------------------------------------------------------
---------------------------------------------------------------------------------
Finished Technology Mapping : Time (s): cpu = 00:00:17 ; elapsed = 00:00:20 . Memory (MB): peak = 2171.398 ; gain = 561.242 ; free physical = 3018 ; free virtual = 8664
---------------------------------------------------------------------------------
---------------------------------------------------------------------------------
Start IO Insertion
---------------------------------------------------------------------------------
---------------------------------------------------------------------------------
Start Flattening Before IO Insertion
---------------------------------------------------------------------------------
---------------------------------------------------------------------------------
Finished Flattening Before IO Insertion
---------------------------------------------------------------------------------
---------------------------------------------------------------------------------
Start Final Netlist Cleanup
---------------------------------------------------------------------------------
---------------------------------------------------------------------------------
Finished Final Netlist Cleanup
---------------------------------------------------------------------------------
---------------------------------------------------------------------------------
Finished IO Insertion : Time (s): cpu = 00:00:18 ; elapsed = 00:00:22 . Memory (MB): peak = 2171.398 ; gain = 561.242 ; free physical = 3018 ; free virtual = 8664
---------------------------------------------------------------------------------
---------------------------------------------------------------------------------
Start Renaming Generated Instances
---------------------------------------------------------------------------------
---------------------------------------------------------------------------------
Finished Renaming Generated Instances : Time (s): cpu = 00:00:18 ; elapsed = 00:00:22 . Memory (MB): peak = 2171.398 ; gain = 561.242 ; free physical = 3018 ; free virtual = 8664
---------------------------------------------------------------------------------
---------------------------------------------------------------------------------
Start Rebuilding User Hierarchy
---------------------------------------------------------------------------------
---------------------------------------------------------------------------------
Finished Rebuilding User Hierarchy : Time (s): cpu = 00:00:18 ; elapsed = 00:00:22 . Memory (MB): peak = 2171.398 ; gain = 561.242 ; free physical = 3018 ; free virtual = 8664
---------------------------------------------------------------------------------
---------------------------------------------------------------------------------
Start Renaming Generated Ports
---------------------------------------------------------------------------------
---------------------------------------------------------------------------------
Finished Renaming Generated Ports : Time (s): cpu = 00:00:18 ; elapsed = 00:00:22 . Memory (MB): peak = 2171.398 ; gain = 561.242 ; free physical = 3018 ; free virtual = 8664
---------------------------------------------------------------------------------
---------------------------------------------------------------------------------
Start Handling Custom Attributes
---------------------------------------------------------------------------------
---------------------------------------------------------------------------------
Finished Handling Custom Attributes : Time (s): cpu = 00:00:18 ; elapsed = 00:00:22 . Memory (MB): peak = 2171.398 ; gain = 561.242 ; free physical = 3018 ; free virtual = 8664
---------------------------------------------------------------------------------
---------------------------------------------------------------------------------
Start Renaming Generated Nets
---------------------------------------------------------------------------------
---------------------------------------------------------------------------------
Finished Renaming Generated Nets : Time (s): cpu = 00:00:18 ; elapsed = 00:00:22 . Memory (MB): peak = 2171.398 ; gain = 561.242 ; free physical = 3018 ; free virtual = 8664
---------------------------------------------------------------------------------
---------------------------------------------------------------------------------
Start Writing Synthesis Report
---------------------------------------------------------------------------------

Report BlackBoxes: 
+-+--------------+----------+
| |BlackBox name |Instances |
+-+--------------+----------+
+-+--------------+----------+

Report Cell Usage: 
+------+-----------+------+
|      |Cell       |Count |
+------+-----------+------+
|1     |BUFG       |     3|
|2     |CARRY4     |   126|
|3     |LUT1       |    18|
|4     |LUT2       |   271|
|5     |LUT3       |    37|
|6     |LUT4       |   466|
|7     |LUT5       |   146|
|8     |LUT6       |   260|
|9     |MMCME2_ADV |     1|
|10    |MUXF7      |    12|
|11    |MUXF8      |     4|
|12    |OSERDESE2  |     6|
|14    |FDRE       |   171|
|15    |FDSE       |    28|
|16    |IBUF       |    18|
|17    |OBUF       |    22|
|18    |OBUFDS     |     4|
+------+-----------+------+
---------------------------------------------------------------------------------
Finished Writing Synthesis Report : Time (s): cpu = 00:00:18 ; elapsed = 00:00:22 . Memory (MB): peak = 2171.398 ; gain = 561.242 ; free physical = 3018 ; free virtual = 8664
---------------------------------------------------------------------------------
Synthesis finished with 0 errors, 0 critical warnings and 10 warnings.
Synthesis Optimization Runtime : Time (s): cpu = 00:00:17 ; elapsed = 00:00:20 . Memory (MB): peak = 2171.398 ; gain = 468.520 ; free physical = 3018 ; free virtual = 8663
Synthesis Optimization Complete : Time (s): cpu = 00:00:18 ; elapsed = 00:00:22 . Memory (MB): peak = 2171.406 ; gain = 561.242 ; free physical = 3018 ; free virtual = 8663
INFO: [Project 1-571] Translating synthesized netlist
Netlist sorting complete. Time (s): cpu = 00:00:00.01 ; elapsed = 00:00:00 . Memory (MB): peak = 2171.406 ; gain = 0.000 ; free physical = 3298 ; free virtual = 8946
INFO: [Netlist 29-17] Analyzing 147 Unisim elements for replacement
INFO: [Netlist 29-28] Unisim Transformation completed in 0 CPU seconds
INFO: [Project 1-570] Preparing netlist for logic optimization
Parsing XDC File [/home/fpga/xdc/top_level.xdc]
Finished Parsing XDC File [/home/fpga/xdc/top_level.xdc]
INFO: [Opt 31-138] Pushed 0 inverter(s) to 0 load pin(s).
Netlist sorting complete. Time (s): cpu = 00:00:00 ; elapsed = 00:00:00 . Memory (MB): peak = 2171.406 ; gain = 0.000 ; free physical = 3298 ; free virtual = 8946
INFO: [Project 1-111] Unisim Transformation Summary:
  A total of 4 instances were transformed.
  OBUFDS => OBUFDS: 4 instances

Synth Design complete | Checksum: 7856536c
INFO: [Common 17-83] Releasing license: Synthesis
65 Infos, 23 Warnings, 0 Critical Warnings and 0 Errors encountered.
synth_design completed successfully
synth_design: Time (s): cpu = 00:00:22 ; elapsed = 00:00:25 . Memory (MB): peak = 2171.406 ; gain = 877.281 ; free physical = 3298 ; free virtual = 8947
INFO: [Common 17-2834] synth_design peak Physical Memory [PSS] (MB): overall = 1978.433; main = 1682.233; forked = 434.542
INFO: [Common 17-2834] synth_design peak Virtual Memory [VSS] (MB): overall = 3149.203; main = 2171.402; forked = 977.801
# write_checkpoint -force $outputDir/post_synth.dcp
INFO: [Timing 38-480] Writing timing data to binary archive.
Writing XDEF routing.
Writing XDEF routing logical nets.
Writing XDEF routing special nets.
Write XDEF Complete: Time (s): cpu = 00:00:00.01 ; elapsed = 00:00:00.03 . Memory (MB): peak = 2211.418 ; gain = 0.000 ; free physical = 3295 ; free virtual = 8946
INFO: [Common 17-1381] The checkpoint '/home/fpga/obj/post_synth.dcp' has been generated.
# report_timing_summary -file $outputDir/post_synth_timing_summary.rpt
INFO: [Timing 38-35] Done setting XDC timing constraints.
INFO: [Timing 38-2] Deriving generated clocks
INFO: [Timing 38-91] UpdateTimingParams: Speed grade: -1, Delay Type: min_max.
# report_utilization -file $outputDir/post_synth_util.rpt
# report_timing -file $outputDir/post_synth_timing.rpt
INFO: [Timing 38-91] UpdateTimingParams: Speed grade: -1, Delay Type: max.
INFO: [Timing 38-78] ReportTimingParams: -max_paths 1 -nworst 1 -delay_type max -sort_by slack.
# opt_design
Command: opt_design
Attempting to get a license for feature 'Implementation' and/or device 'xc7s50'
INFO: [Common 17-349] Got license for feature 'Implementation' and/or device 'xc7s50'
Running DRC as a precondition to command opt_design

Starting DRC Task
INFO: [Project 1-461] DRC finished with 0 Errors
INFO: [Project 1-462] Please refer to the DRC report (report_drc) for more information.

Time (s): cpu = 00:00:00.21 ; elapsed = 00:00:00.2 . Memory (MB): peak = 2285.113 ; gain = 16.910 ; free physical = 3235 ; free virtual = 8902

Starting Cache Timing Information Task
Ending Cache Timing Information Task | Checksum: 1229a6adb

Time (s): cpu = 00:00:00 ; elapsed = 00:00:00 . Memory (MB): peak = 2285.113 ; gain = 0.000 ; free physical = 3235 ; free virtual = 8902

Starting Logic Optimization Task

Phase 1 Retarget
INFO: [Opt 31-1566] Pulled 2 inverters resulting in an inversion of 6 pins
INFO: [Opt 31-138] Pushed 0 inverter(s) to 0 load pin(s).
INFO: [Opt 31-49] Retargeted 0 cell(s).
Phase 1 Retarget | Checksum: 14a2530e2

Time (s): cpu = 00:00:00.03 ; elapsed = 00:00:00.03 . Memory (MB): peak = 2511.113 ; gain = 0.000 ; free physical = 2996 ; free virtual = 8663
INFO: [Opt 31-389] Phase Retarget created 0 cells and removed 4 cells
INFO: [Opt 31-1021] In phase Retarget, 1 netlist objects are constrained preventing optimization. Please run opt_design with -debug_log to get more detail. 

Phase 2 Constant propagation
INFO: [Opt 31-138] Pushed 0 inverter(s) to 0 load pin(s).
Phase 2 Constant propagation | Checksum: 14a2530e2

Time (s): cpu = 00:00:00.04 ; elapsed = 00:00:00.06 . Memory (MB): peak = 2511.113 ; gain = 0.000 ; free physical = 2996 ; free virtual = 8663
INFO: [Opt 31-389] Phase Constant propagation created 0 cells and removed 0 cells

Phase 3 Sweep
Phase 3 Sweep | Checksum: c73c7d1c

Time (s): cpu = 00:00:00.05 ; elapsed = 00:00:00.06 . Memory (MB): peak = 2511.113 ; gain = 0.000 ; free physical = 2996 ; free virtual = 8663
INFO: [Opt 31-389] Phase Sweep created 0 cells and removed 0 cells

Phase 4 BUFG optimization
Phase 4 BUFG optimization | Checksum: c73c7d1c

Time (s): cpu = 00:00:00.06 ; elapsed = 00:00:00.09 . Memory (MB): peak = 2535.125 ; gain = 24.012 ; free physical = 2996 ; free virtual = 8663
INFO: [Opt 31-662] Phase BUFG optimization created 0 cells of which 0 are BUFGs and removed 0 cells.

Phase 5 Shift Register Optimization
INFO: [Opt 31-1064] SRL Remap converted 0 SRLs to 0 registers and converted 0 registers of register chains to 0 SRLs
Phase 5 Shift Register Optimization | Checksum: 19b68494b

Time (s): cpu = 00:00:00.08 ; elapsed = 00:00:00.09 . Memory (MB): peak = 2535.125 ; gain = 24.012 ; free physical = 2996 ; free virtual = 8663
INFO: [Opt 31-389] Phase Shift Register Optimization created 0 cells and removed 0 cells

Phase 6 Post Processing Netlist
Phase 6 Post Processing Netlist | Checksum: 19b68494b

Time (s): cpu = 00:00:00.08 ; elapsed = 00:00:00.12 . Memory (MB): peak = 2535.125 ; gain = 24.012 ; free physical = 2996 ; free virtual = 8663
INFO: [Opt 31-389] Phase Post Processing Netlist created 0 cells and removed 0 cells
Opt_design Change Summary
=========================


-------------------------------------------------------------------------------------------------------------------------
|  Phase                        |  #Cells created  |  #Cells Removed  |  #Constrained objects preventing optimizations  |
-------------------------------------------------------------------------------------------------------------------------
|  Retarget                     |               0  |               4  |                                              1  |
|  Constant propagation         |               0  |               0  |                                              0  |
|  Sweep                        |               0  |               0  |                                              0  |
|  BUFG optimization            |               0  |               0  |                                              0  |
|  Shift Register Optimization  |               0  |               0  |                                              0  |
|  Post Processing Netlist      |               0  |               0  |                                              0  |
-------------------------------------------------------------------------------------------------------------------------



Starting Connectivity Check Task

Time (s): cpu = 00:00:00 ; elapsed = 00:00:00 . Memory (MB): peak = 2535.125 ; gain = 0.000 ; free physical = 2996 ; free virtual = 8663
Ending Logic Optimization Task | Checksum: 19b68494b

Time (s): cpu = 00:00:00.08 ; elapsed = 00:00:00.12 . Memory (MB): peak = 2535.125 ; gain = 24.012 ; free physical = 2996 ; free virtual = 8663

Starting Power Optimization Task
INFO: [Pwropt 34-132] Skipping clock gating for clocks with a period < 2.00 ns.
Ending Power Optimization Task | Checksum: 19b68494b

Time (s): cpu = 00:00:00.01 ; elapsed = 00:00:00 . Memory (MB): peak = 2535.125 ; gain = 0.000 ; free physical = 2996 ; free virtual = 8663

Starting Final Cleanup Task
Ending Final Cleanup Task | Checksum: 19b68494b

Time (s): cpu = 00:00:00 ; elapsed = 00:00:00 . Memory (MB): peak = 2535.125 ; gain = 0.000 ; free physical = 2996 ; free virtual = 8663

Starting Netlist Obfuscation Task
Netlist sorting complete. Time (s): cpu = 00:00:00 ; elapsed = 00:00:00 . Memory (MB): peak = 2535.125 ; gain = 0.000 ; free physical = 2996 ; free virtual = 8663
Ending Netlist Obfuscation Task | Checksum: 19b68494b

Time (s): cpu = 00:00:00 ; elapsed = 00:00:00 . Memory (MB): peak = 2535.125 ; gain = 0.000 ; free physical = 2996 ; free virtual = 8663
INFO: [Common 17-83] Releasing license: Implementation
17 Infos, 0 Warnings, 0 Critical Warnings and 0 Errors encountered.
opt_design completed successfully
# place_design
Command: place_design
Attempting to get a license for feature 'Implementation' and/or device 'xc7s50'
INFO: [Common 17-349] Got license for feature 'Implementation' and/or device 'xc7s50'
INFO: [Vivado_Tcl 4-198] DRC finished with 0 Errors
INFO: [Vivado_Tcl 4-199] Please refer to the DRC report (report_drc) for more information.
Running DRC as a precondition to command place_design
INFO: [Vivado_Tcl 4-198] DRC finished with 0 Errors
INFO: [Vivado_Tcl 4-199] Please refer to the DRC report (report_drc) for more information.

Starting Placer Task

Phase 1 Placer Initialization

Phase 1.1 Placer Initialization Netlist Sorting
Netlist sorting complete. Time (s): cpu = 00:00:00 ; elapsed = 00:00:00 . Memory (MB): peak = 2535.125 ; gain = 0.000 ; free physical = 2996 ; free virtual = 8665
Phase 1.1 Placer Initialization Netlist Sorting | Checksum: a999edaa

Time (s): cpu = 00:00:00 ; elapsed = 00:00:00 . Memory (MB): peak = 2535.125 ; gain = 0.000 ; free physical = 2996 ; free virtual = 8665
Netlist sorting complete. Time (s): cpu = 00:00:00 ; elapsed = 00:00:00 . Memory (MB): peak = 2535.125 ; gain = 0.000 ; free physical = 2996 ; free virtual = 8665

Phase 1.2 IO Placement/ Clock Placement/ Build Placer Device
INFO: [Timing 38-35] Done setting XDC timing constraints.
Phase 1.2 IO Placement/ Clock Placement/ Build Placer Device | Checksum: 12c329def

Time (s): cpu = 00:00:00.11 ; elapsed = 00:00:00.15 . Memory (MB): peak = 2535.125 ; gain = 0.000 ; free physical = 2993 ; free virtual = 8665

Phase 1.3 Build Placer Netlist Model
Phase 1.3 Build Placer Netlist Model | Checksum: 21693f519

Time (s): cpu = 00:00:00.23 ; elapsed = 00:00:00.27 . Memory (MB): peak = 2535.125 ; gain = 0.000 ; free physical = 2991 ; free virtual = 8665

Phase 1.4 Constrain Clocks/Macros
Phase 1.4 Constrain Clocks/Macros | Checksum: 21693f519

Time (s): cpu = 00:00:00.23 ; elapsed = 00:00:00.27 . Memory (MB): peak = 2535.125 ; gain = 0.000 ; free physical = 2991 ; free virtual = 8665
Phase 1 Placer Initialization | Checksum: 21693f519

Time (s): cpu = 00:00:00.23 ; elapsed = 00:00:00.27 . Memory (MB): peak = 2535.125 ; gain = 0.000 ; free physical = 2991 ; free virtual = 8664

Phase 2 Global Placement

Phase 2.1 Floorplanning
Phase 2.1 Floorplanning | Checksum: 224a5a702

Time (s): cpu = 00:00:00.27 ; elapsed = 00:00:00.3 . Memory (MB): peak = 2535.125 ; gain = 0.000 ; free physical = 2990 ; free virtual = 8665

Phase 2.2 Update Timing before SLR Path Opt
Phase 2.2 Update Timing before SLR Path Opt | Checksum: 1692a7b2a

Time (s): cpu = 00:00:00.3 ; elapsed = 00:00:00.33 . Memory (MB): peak = 2535.125 ; gain = 0.000 ; free physical = 2990 ; free virtual = 8665

Phase 2.3 Post-Processing in Floorplanning
Phase 2.3 Post-Processing in Floorplanning | Checksum: 1692a7b2a

Time (s): cpu = 00:00:00.3 ; elapsed = 00:00:00.36 . Memory (MB): peak = 2535.125 ; gain = 0.000 ; free physical = 2990 ; free virtual = 8665

Phase 2.4 Global Placement Core

Phase 2.4.1 UpdateTiming Before Physical Synthesis
Phase 2.4.1 UpdateTiming Before Physical Synthesis | Checksum: 1baa17e7c

Time (s): cpu = 00:00:00.56 ; elapsed = 00:00:00.64 . Memory (MB): peak = 2535.125 ; gain = 0.000 ; free physical = 2990 ; free virtual = 8665

Phase 2.4.2 Physical Synthesis In Placer
INFO: [Physopt 32-1035] Found 0 LUTNM shape to break, 13 LUT instances to create LUTNM shape
INFO: [Physopt 32-1044] Break lutnm for timing: one critical 0, two critical 0, total 0, new lutff created 0
INFO: [Physopt 32-1138] End 1 Pass. Optimized 5 nets or LUTs. Breaked 0 LUT, combined 5 existing LUTs and moved 0 existing LUT
INFO: [Physopt 32-65] No nets found for high-fanout optimization.
INFO: [Physopt 32-232] Optimized 0 net. Created 0 new instance.
INFO: [Physopt 32-775] End 1 Pass. Optimized 0 net or cell. Created 0 new cell, deleted 0 existing cell and moved 0 existing cell
INFO: [Physopt 32-670] No setup violation found.  DSP Register Optimization was not performed.
INFO: [Physopt 32-670] No setup violation found.  Shift Register to Pipeline Optimization was not performed.
INFO: [Physopt 32-670] No setup violation found.  Shift Register Optimization was not performed.
INFO: [Physopt 32-670] No setup violation found.  BRAM Register Optimization was not performed.
INFO: [Physopt 32-670] No setup violation found.  URAM Register Optimization was not performed.
INFO: [Physopt 32-949] No candidate nets found for dynamic/static region interface net replication
INFO: [Physopt 32-775] End 1 Pass. Optimized 0 net or cell. Created 0 new cell, deleted 0 existing cell and moved 0 existing cell
Netlist sorting complete. Time (s): cpu = 00:00:00 ; elapsed = 00:00:00 . Memory (MB): peak = 2535.125 ; gain = 0.000 ; free physical = 2987 ; free virtual = 8665

Summary of Physical Synthesis Optimizations
============================================


-----------------------------------------------------------------------------------------------------------------------------------------------------------
|  Optimization                                     |  Added Cells  |  Removed Cells  |  Optimized Cells/Nets  |  Dont Touch  |  Iterations  |  Elapsed   |
-----------------------------------------------------------------------------------------------------------------------------------------------------------
|  LUT Combining                                    |            0  |              5  |                     5  |           0  |           1  |  00:00:00  |
|  Retime                                           |            0  |              0  |                     0  |           0  |           1  |  00:00:00  |
|  Very High Fanout                                 |            0  |              0  |                     0  |           0  |           1  |  00:00:00  |
|  DSP Register                                     |            0  |              0  |                     0  |           0  |           0  |  00:00:00  |
|  Shift Register to Pipeline                       |            0  |              0  |                     0  |           0  |           0  |  00:00:00  |
|  Shift Register                                   |            0  |              0  |                     0  |           0  |           0  |  00:00:00  |
|  BRAM Register                                    |            0  |              0  |                     0  |           0  |           0  |  00:00:00  |
|  URAM Register                                    |            0  |              0  |                     0  |           0  |           0  |  00:00:00  |
|  Dynamic/Static Region Interface Net Replication  |            0  |              0  |                     0  |           0  |           1  |  00:00:00  |
|  Total                                            |            0  |              5  |                     5  |           0  |           4  |  00:00:00  |
-----------------------------------------------------------------------------------------------------------------------------------------------------------


Phase 2.4.2 Physical Synthesis In Placer | Checksum: 1af3f7ad1

Time (s): cpu = 00:00:00.8 ; elapsed = 00:00:00.93 . Memory (MB): peak = 2535.125 ; gain = 0.000 ; free physical = 2987 ; free virtual = 8665
Phase 2.4 Global Placement Core | Checksum: e62c8d22

Time (s): cpu = 00:00:00.82 ; elapsed = 00:00:00.95 . Memory (MB): peak = 2535.125 ; gain = 0.000 ; free physical = 2987 ; free virtual = 8665
Phase 2 Global Placement | Checksum: e62c8d22

Time (s): cpu = 00:00:00.82 ; elapsed = 00:00:00.95 . Memory (MB): peak = 2535.125 ; gain = 0.000 ; free physical = 2987 ; free virtual = 8665

Phase 3 Detail Placement

Phase 3.1 Commit Multi Column Macros
Phase 3.1 Commit Multi Column Macros | Checksum: 163904419

Time (s): cpu = 00:00:00.86 ; elapsed = 00:00:01 . Memory (MB): peak = 2535.125 ; gain = 0.000 ; free physical = 2987 ; free virtual = 8665

Phase 3.2 Commit Most Macros & LUTRAMs
Phase 3.2 Commit Most Macros & LUTRAMs | Checksum: 1baa442ac

Time (s): cpu = 00:00:00.94 ; elapsed = 00:00:01 . Memory (MB): peak = 2535.125 ; gain = 0.000 ; free physical = 2987 ; free virtual = 8664

Phase 3.3 Area Swap Optimization
Phase 3.3 Area Swap Optimization | Checksum: 1bfdcd427

Time (s): cpu = 00:00:00.94 ; elapsed = 00:00:01 . Memory (MB): peak = 2535.125 ; gain = 0.000 ; free physical = 2987 ; free virtual = 8664

Phase 3.4 Pipeline Register Optimization
Phase 3.4 Pipeline Register Optimization | Checksum: 198aa9eaf

Time (s): cpu = 00:00:00.94 ; elapsed = 00:00:01 . Memory (MB): peak = 2535.125 ; gain = 0.000 ; free physical = 2987 ; free virtual = 8664

Phase 3.5 Small Shape Detail Placement
Phase 3.5 Small Shape Detail Placement | Checksum: 1f639138e

Time (s): cpu = 00:00:01 ; elapsed = 00:00:01 . Memory (MB): peak = 2535.125 ; gain = 0.000 ; free physical = 2987 ; free virtual = 8664

Phase 3.6 Re-assign LUT pins
Phase 3.6 Re-assign LUT pins | Checksum: 21068d1e5

Time (s): cpu = 00:00:01 ; elapsed = 00:00:01 . Memory (MB): peak = 2535.125 ; gain = 0.000 ; free physical = 2987 ; free virtual = 8665

Phase 3.7 Pipeline Register Optimization
Phase 3.7 Pipeline Register Optimization | Checksum: 239373f5d

Time (s): cpu = 00:00:01 ; elapsed = 00:00:01 . Memory (MB): peak = 2535.125 ; gain = 0.000 ; free physical = 2987 ; free virtual = 8665
Phase 3 Detail Placement | Checksum: 239373f5d

Time (s): cpu = 00:00:01 ; elapsed = 00:00:01 . Memory (MB): peak = 2535.125 ; gain = 0.000 ; free physical = 2987 ; free virtual = 8665

Phase 4 Post Placement Optimization and Clean-Up

Phase 4.1 Post Commit Optimization
INFO: [Timing 38-35] Done setting XDC timing constraints.

Phase 4.1.1 Post Placement Optimization
Post Placement Optimization Initialization | Checksum: 139e6d866

Phase 4.1.1.1 BUFG Insertion

Starting Physical Synthesis Task

Phase 1 Physical Synthesis Initialization
INFO: [Physopt 32-721] Multithreading enabled for phys_opt_design using a maximum of 1 CPUs
INFO: [Physopt 32-619] Estimated Timing Summary | WNS=3.998 | TNS=0.000 |
Phase 1 Physical Synthesis Initialization | Checksum: 21472490a

Time (s): cpu = 00:00:00.03 ; elapsed = 00:00:00.04 . Memory (MB): peak = 2535.125 ; gain = 0.000 ; free physical = 2986 ; free virtual = 8665
INFO: [Place 46-56] BUFG insertion identified 0 candidate nets. Inserted BUFG: 0, Replicated BUFG Driver: 0, Skipped due to Placement/Routing Conflicts: 0, Skipped due to Timing Degradation: 0, Skipped due to netlist editing failed: 0.
Ending Physical Synthesis Task | Checksum: 21472490a

Time (s): cpu = 00:00:00.03 ; elapsed = 00:00:00.04 . Memory (MB): peak = 2535.125 ; gain = 0.000 ; free physical = 2986 ; free virtual = 8665
Phase 4.1.1.1 BUFG Insertion | Checksum: 139e6d866

Time (s): cpu = 00:00:01 ; elapsed = 00:00:01 . Memory (MB): peak = 2535.125 ; gain = 0.000 ; free physical = 2986 ; free virtual = 8665

Phase 4.1.1.2 Post Placement Timing Optimization
INFO: [Place 30-746] Post Placement Timing Summary WNS=3.998. For the most accurate timing information please run report_timing.
Phase 4.1.1.2 Post Placement Timing Optimization | Checksum: 20a192e90

Time (s): cpu = 00:00:01 ; elapsed = 00:00:01 . Memory (MB): peak = 2535.125 ; gain = 0.000 ; free physical = 2986 ; free virtual = 8665

Time (s): cpu = 00:00:01 ; elapsed = 00:00:01 . Memory (MB): peak = 2535.125 ; gain = 0.000 ; free physical = 2986 ; free virtual = 8665
Phase 4.1 Post Commit Optimization | Checksum: 20a192e90

Time (s): cpu = 00:00:01 ; elapsed = 00:00:01 . Memory (MB): peak = 2535.125 ; gain = 0.000 ; free physical = 2986 ; free virtual = 8665

Phase 4.2 Post Placement Cleanup
Phase 4.2 Post Placement Cleanup | Checksum: 20a192e90

Time (s): cpu = 00:00:01 ; elapsed = 00:00:01 . Memory (MB): peak = 2535.125 ; gain = 0.000 ; free physical = 2986 ; free virtual = 8665

Phase 4.3 Placer Reporting

Phase 4.3.1 Print Estimated Congestion
INFO: [Place 30-612] Post-Placement Estimated Congestion 
 ____________________________________________________
|           | Global Congestion | Short Congestion  |
| Direction | Region Size       | Region Size       |
|___________|___________________|___________________|
|      North|                1x1|                1x1|
|___________|___________________|___________________|
|      South|                1x1|                1x1|
|___________|___________________|___________________|
|       East|                1x1|                1x1|
|___________|___________________|___________________|
|       West|                1x1|                1x1|
|___________|___________________|___________________|

Phase 4.3.1 Print Estimated Congestion | Checksum: 20a192e90

Time (s): cpu = 00:00:01 ; elapsed = 00:00:01 . Memory (MB): peak = 2535.125 ; gain = 0.000 ; free physical = 2986 ; free virtual = 8665
Phase 4.3 Placer Reporting | Checksum: 20a192e90

Time (s): cpu = 00:00:01 ; elapsed = 00:00:01 . Memory (MB): peak = 2535.125 ; gain = 0.000 ; free physical = 2986 ; free virtual = 8665

Phase 4.4 Final Placement Cleanup
Netlist sorting complete. Time (s): cpu = 00:00:00 ; elapsed = 00:00:00 . Memory (MB): peak = 2535.125 ; gain = 0.000 ; free physical = 2986 ; free virtual = 8665

Time (s): cpu = 00:00:01 ; elapsed = 00:00:01 . Memory (MB): peak = 2535.125 ; gain = 0.000 ; free physical = 2986 ; free virtual = 8665
Phase 4 Post Placement Optimization and Clean-Up | Checksum: 27ad396f7

Time (s): cpu = 00:00:01 ; elapsed = 00:00:01 . Memory (MB): peak = 2535.125 ; gain = 0.000 ; free physical = 2986 ; free virtual = 8665
Ending Placer Task | Checksum: 1935e55d0

Time (s): cpu = 00:00:01 ; elapsed = 00:00:02 . Memory (MB): peak = 2535.125 ; gain = 0.000 ; free physical = 2986 ; free virtual = 8665
INFO: [Common 17-83] Releasing license: Implementation
26 Infos, 0 Warnings, 0 Critical Warnings and 0 Errors encountered.
place_design completed successfully
# report_clock_utilization -file $outputDir/clock_util.rpt
# if {[get_property SLACK [get_timing_paths -max_paths 1 -nworst 1 -setup]] < 0} {
#  puts "Found setup timing violations => running physical optimization"
#  phys_opt_design
# }
# write_checkpoint -force $outputDir/post_place.dcp
INFO: [Timing 38-480] Writing timing data to binary archive.
Writing XDEF routing.
Writing XDEF routing logical nets.
Writing XDEF routing special nets.
Write XDEF Complete: Time (s): cpu = 00:00:00.04 ; elapsed = 00:00:00.04 . Memory (MB): peak = 2559.137 ; gain = 0.000 ; free physical = 2982 ; free virtual = 8665
INFO: [Common 17-1381] The checkpoint '/home/fpga/obj/post_place.dcp' has been generated.
# report_utilization -file $outputDir/post_place_util.rpt
# report_timing_summary -file $outputDir/post_place_timing_summary.rpt
# report_timing -file $outputDir/post_place_timing.rpt
INFO: [Timing 38-78] ReportTimingParams: -max_paths 1 -nworst 1 -delay_type max -sort_by slack.
# route_design -directive Explore
Command: route_design -directive Explore
Attempting to get a license for feature 'Implementation' and/or device 'xc7s50'
INFO: [Common 17-349] Got license for feature 'Implementation' and/or device 'xc7s50'
Running DRC as a precondition to command route_design
INFO: [Vivado_Tcl 4-198] DRC finished with 0 Errors
INFO: [Vivado_Tcl 4-199] Please refer to the DRC report (report_drc) for more information.


Starting Routing Task
INFO: [Route 35-270] Using Router directive 'Explore'.

Phase 1 Build RT Design
Checksum: PlaceDB: c5c4a97e ConstDB: 0 ShapeSum: cd99ac52 RouteDB: 0
Post Restoration Checksum: NetGraph: 34d34214 | NumContArr: 3c6e76af | Constraints: 190a55ad | Timing: 0
Phase 1 Build RT Design | Checksum: 8a4c0e70

Time (s): cpu = 00:00:07 ; elapsed = 00:00:07 . Memory (MB): peak = 2559.137 ; gain = 0.000 ; free physical = 2978 ; free virtual = 8659

Phase 2 Router Initialization

Phase 2.1 Fix Topology Constraints
Phase 2.1 Fix Topology Constraints | Checksum: 8a4c0e70

Time (s): cpu = 00:00:07 ; elapsed = 00:00:07 . Memory (MB): peak = 2559.137 ; gain = 0.000 ; free physical = 2978 ; free virtual = 8659

Phase 2.2 Pre Route Cleanup
Phase 2.2 Pre Route Cleanup | Checksum: 8a4c0e70

Time (s): cpu = 00:00:07 ; elapsed = 00:00:07 . Memory (MB): peak = 2559.137 ; gain = 0.000 ; free physical = 2978 ; free virtual = 8659
 Number of Nodes with overlaps = 0

Phase 2.3 Update Timing
Phase 2.3 Update Timing | Checksum: 9d2d7ec3

Time (s): cpu = 00:00:07 ; elapsed = 00:00:07 . Memory (MB): peak = 2559.137 ; gain = 0.000 ; free physical = 2971 ; free virtual = 8653
INFO: [Route 35-416] Intermediate Timing Summary | WNS=4.125  | TNS=0.000  | WHS=-0.339 | THS=-6.999 |


Router Utilization Summary
  Global Vertical Routing Utilization    = 0 %
  Global Horizontal Routing Utilization  = 0 %
  Routable Net Status*
  *Does not include unroutable nets such as driverless and loadless.
  Run report_route_status for detailed report.
  Number of Failed Nets               = 698
    (Failed Nets is the sum of unrouted and partially routed nets)
  Number of Unrouted Nets             = 698
  Number of Partially Routed Nets     = 0
  Number of Node Overlaps             = 0

Phase 2 Router Initialization | Checksum: fa6b36b2

Time (s): cpu = 00:00:07 ; elapsed = 00:00:07 . Memory (MB): peak = 2559.137 ; gain = 0.000 ; free physical = 2968 ; free virtual = 8650

Phase 3 Initial Routing

Phase 3.1 Global Routing
Phase 3.1 Global Routing | Checksum: fa6b36b2

Time (s): cpu = 00:00:07 ; elapsed = 00:00:07 . Memory (MB): peak = 2559.137 ; gain = 0.000 ; free physical = 2968 ; free virtual = 8650
Phase 3 Initial Routing | Checksum: 1a86f548c

Time (s): cpu = 00:00:07 ; elapsed = 00:00:08 . Memory (MB): peak = 2559.137 ; gain = 0.000 ; free physical = 2968 ; free virtual = 8650

Phase 4 Rip-up And Reroute

Phase 4.1 Global Iteration 0
 Number of Nodes with overlaps = 109
 Number of Nodes with overlaps = 3
 Number of Nodes with overlaps = 0
INFO: [Route 35-416] Intermediate Timing Summary | WNS=4.379  | TNS=0.000  | WHS=N/A    | THS=N/A    |

Phase 4.1 Global Iteration 0 | Checksum: 18369f34f

Time (s): cpu = 00:00:08 ; elapsed = 00:00:08 . Memory (MB): peak = 2559.137 ; gain = 0.000 ; free physical = 2968 ; free virtual = 8650
Phase 4 Rip-up And Reroute | Checksum: 18369f34f

Time (s): cpu = 00:00:08 ; elapsed = 00:00:08 . Memory (MB): peak = 2559.137 ; gain = 0.000 ; free physical = 2968 ; free virtual = 8650

Phase 5 Delay and Skew Optimization

Phase 5.1 Delay CleanUp

Phase 5.1.1 Update Timing
Phase 5.1.1 Update Timing | Checksum: 2638da078

Time (s): cpu = 00:00:08 ; elapsed = 00:00:08 . Memory (MB): peak = 2559.137 ; gain = 0.000 ; free physical = 2968 ; free virtual = 8650
INFO: [Route 35-416] Intermediate Timing Summary | WNS=4.472  | TNS=0.000  | WHS=N/A    | THS=N/A    |

Phase 5.1 Delay CleanUp | Checksum: 2638da078

Time (s): cpu = 00:00:08 ; elapsed = 00:00:08 . Memory (MB): peak = 2559.137 ; gain = 0.000 ; free physical = 2968 ; free virtual = 8650

Phase 5.2 Clock Skew Optimization
Phase 5.2 Clock Skew Optimization | Checksum: 2638da078

Time (s): cpu = 00:00:08 ; elapsed = 00:00:08 . Memory (MB): peak = 2559.137 ; gain = 0.000 ; free physical = 2967 ; free virtual = 8650
Phase 5 Delay and Skew Optimization | Checksum: 2638da078

Time (s): cpu = 00:00:08 ; elapsed = 00:00:08 . Memory (MB): peak = 2559.137 ; gain = 0.000 ; free physical = 2967 ; free virtual = 8650

Phase 6 Post Hold Fix

Phase 6.1 Hold Fix Iter

Phase 6.1.1 Update Timing
Phase 6.1.1 Update Timing | Checksum: 208cebc24

Time (s): cpu = 00:00:08 ; elapsed = 00:00:08 . Memory (MB): peak = 2559.137 ; gain = 0.000 ; free physical = 2968 ; free virtual = 8650
INFO: [Route 35-416] Intermediate Timing Summary | WNS=4.472  | TNS=0.000  | WHS=0.180  | THS=0.000  |

Phase 6.1 Hold Fix Iter | Checksum: 1eff6e385

Time (s): cpu = 00:00:08 ; elapsed = 00:00:08 . Memory (MB): peak = 2559.137 ; gain = 0.000 ; free physical = 2968 ; free virtual = 8650
Phase 6 Post Hold Fix | Checksum: 1eff6e385

Time (s): cpu = 00:00:08 ; elapsed = 00:00:08 . Memory (MB): peak = 2559.137 ; gain = 0.000 ; free physical = 2968 ; free virtual = 8650

Phase 7 Route finalize

Router Utilization Summary
  Global Vertical Routing Utilization    = 0.440564 %
  Global Horizontal Routing Utilization  = 0.402785 %
  Routable Net Status*
  *Does not include unroutable nets such as driverless and loadless.
  Run report_route_status for detailed report.
  Number of Failed Nets               = 0
    (Failed Nets is the sum of unrouted and partially routed nets)
  Number of Unrouted Nets             = 0
  Number of Partially Routed Nets     = 0
  Number of Node Overlaps             = 0

Phase 7 Route finalize | Checksum: 237f93edf

Time (s): cpu = 00:00:08 ; elapsed = 00:00:08 . Memory (MB): peak = 2559.137 ; gain = 0.000 ; free physical = 2967 ; free virtual = 8650

Phase 8 Verifying routed nets

 Verification completed successfully
Phase 8 Verifying routed nets | Checksum: 237f93edf

Time (s): cpu = 00:00:08 ; elapsed = 00:00:08 . Memory (MB): peak = 2559.137 ; gain = 0.000 ; free physical = 2967 ; free virtual = 8649

Phase 9 Depositing Routes
Phase 9 Depositing Routes | Checksum: 214bc8295

Time (s): cpu = 00:00:08 ; elapsed = 00:00:08 . Memory (MB): peak = 2559.137 ; gain = 0.000 ; free physical = 2967 ; free virtual = 8649

Phase 10 Post Router Timing
INFO: [Route 35-20] Post Routing Timing Summary | WNS=4.476  | TNS=0.000  | WHS=0.196  | THS=0.000  |

Phase 10 Post Router Timing | Checksum: 232cb8ac8

Time (s): cpu = 00:00:08 ; elapsed = 00:00:08 . Memory (MB): peak = 2559.137 ; gain = 0.000 ; free physical = 2967 ; free virtual = 8649
INFO: [Route 35-61] The design met the timing requirement.
INFO: [Route 35-16] Router Completed Successfully

Phase 11 Post-Route Event Processing
Phase 11 Post-Route Event Processing | Checksum: 18de84905

Time (s): cpu = 00:00:08 ; elapsed = 00:00:08 . Memory (MB): peak = 2559.137 ; gain = 0.000 ; free physical = 2967 ; free virtual = 8649

Time (s): cpu = 00:00:08 ; elapsed = 00:00:08 . Memory (MB): peak = 2559.137 ; gain = 0.000 ; free physical = 2967 ; free virtual = 8649

Routing Is Done.
INFO: [Common 17-83] Releasing license: Implementation
12 Infos, 0 Warnings, 0 Critical Warnings and 0 Errors encountered.
route_design completed successfully
route_design: Time (s): cpu = 00:00:08 ; elapsed = 00:00:08 . Memory (MB): peak = 2559.137 ; gain = 0.000 ; free physical = 2966 ; free virtual = 8648
# write_checkpoint -force $outputDir/post_route.dcp
INFO: [Timing 38-480] Writing timing data to binary archive.
Writing XDEF routing.
Writing XDEF routing logical nets.
Writing XDEF routing special nets.
Write XDEF Complete: Time (s): cpu = 00:00:00.05 ; elapsed = 00:00:00.07 . Memory (MB): peak = 2559.137 ; gain = 0.000 ; free physical = 2961 ; free virtual = 8648
INFO: [Common 17-1381] The checkpoint '/home/fpga/obj/post_route.dcp' has been generated.
# report_route_status -file $outputDir/post_route_status.rpt
# report_timing_summary -file $outputDir/post_route_timing_summary.rpt
# report_timing -file $outputDir/post_route_timing.rpt
INFO: [Timing 38-78] ReportTimingParams: -max_paths 1 -nworst 1 -delay_type max -sort_by slack.
# report_power -file $outputDir/post_route_power.rpt
Command: report_power -file obj/post_route_power.rpt
Running Vector-less Activity Propagation...

Finished Running Vector-less Activity Propagation
0 Infos, 0 Warnings, 0 Critical Warnings and 0 Errors encountered.
report_power completed successfully
# report_drc -file $outputDir/post_imp_drc.rpt
Command: report_drc -file obj/post_imp_drc.rpt
INFO: [IP_Flow 19-234] Refreshing IP repositories
INFO: [IP_Flow 19-1704] No user IP repositories specified
INFO: [IP_Flow 19-2313] Loaded Vivado IP repository '/opt/Xilinx/Vivado/2023.1/data/ip'.
INFO: [Vivado_Tcl 2-168] The results of DRC are in file /home/fpga/obj/post_imp_drc.rpt.
report_drc completed successfully
# write_bitstream -force $outputDir/final.bit
Command: write_bitstream -force obj/final.bit
Attempting to get a license for feature 'Implementation' and/or device 'xc7s50'
INFO: [Common 17-349] Got license for feature 'Implementation' and/or device 'xc7s50'
Running DRC as a precondition to command write_bitstream
INFO: [IP_Flow 19-1839] IP Catalog is up to date.
INFO: [Vivado 12-3199] DRC finished with 0 Errors
INFO: [Vivado 12-3200] Please refer to the DRC report (report_drc) for more information.
Loading data files...
Loading site data...
Loading route data...
Processing options...
Creating bitmap...
Creating bitstream...
Bitstream compression saved 14028704 bits.
Writing bitstream obj/final.bit...
INFO: [Vivado 12-1842] Bitgen Completed Successfully.
INFO: [Project 1-1876] WebTalk data collection is mandatory when using a ULT device. To see the specific WebTalk data collected for your design, open the usage_statistics_webtalk.html or usage_statistics_webtalk.xml file in the implementation directory.
INFO: [Common 17-83] Releasing license: Implementation
7 Infos, 0 Warnings, 0 Critical Warnings and 0 Errors encountered.
write_bitstream completed successfully
write_bitstream: Time (s): cpu = 00:00:04 ; elapsed = 00:00:14 . Memory (MB): peak = 2770.070 ; gain = 210.934 ; free physical = 2709 ; free virtual = 8404
INFO: [Common 17-206] Exiting Vivado at Thu Dec 14 14:29:17 2023...
