Copyright 1986-2022 Xilinx, Inc. All Rights Reserved. Copyright 2022-2023 Advanced Micro Devices, Inc. All Rights Reserved.
---------------------------------------------------------------------------------------------------------------------------------------------
| Tool Version : Vivado v.2023.1 (lin64) Build 3865809 Sun May  7 15:04:56 MDT 2023
| Date         : Thu Dec 14 17:12:52 2023
| Host         : eecs-digital-34 running 64-bit Ubuntu 22.04.3 LTS
| Command      : report_timing -file obj/post_place_timing.rpt
| Design       : top_level
| Device       : 7s50-csga324
| Speed File   : -1  PRODUCTION 1.23 2018-06-13
| Design State : Fully Placed
---------------------------------------------------------------------------------------------------------------------------------------------

Timing Report

Slack (MET) :             5.028ns  (required time - arrival time)
  Source:                 my_manta/urx/baud_counter_reg[0]/C
                            (rising edge-triggered cell FDRE clocked by gclk  {rise@0.000ns fall@4.000ns period=10.000ns})
  Destination:            my_manta/urx/baud_counter_reg[0]/R
                            (rising edge-triggered cell FDRE clocked by gclk  {rise@0.000ns fall@4.000ns period=10.000ns})
  Path Group:             gclk
  Path Type:              Setup (Max at Slow Process Corner)
  Requirement:            10.000ns  (gclk rise@10.000ns - gclk rise@0.000ns)
  Data Path Delay:        4.280ns  (logic 0.992ns (23.178%)  route 3.288ns (76.822%))
  Logic Levels:           3  (LUT4=2 LUT5=1)
  Clock Path Skew:        -0.025ns (DCD - SCD + CPR)
    Destination Clock Delay (DCD):    5.014ns = ( 15.014 - 10.000 ) 
    Source Clock Delay      (SCD):    5.314ns
    Clock Pessimism Removal (CPR):    0.276ns
  Clock Uncertainty:      0.035ns  ((TSJ^2 + TIJ^2)^1/2 + DJ) / 2 + PE
    Total System Jitter     (TSJ):    0.071ns
    Total Input Jitter      (TIJ):    0.000ns
    Discrete Jitter          (DJ):    0.000ns
    Phase Error              (PE):    0.000ns

    Location             Delay type                Incr(ns)  Path(ns)    Netlist Resource(s)
  -------------------------------------------------------------------    -------------------
                         (clock gclk rise edge)       0.000     0.000 r  
    N15                                               0.000     0.000 r  clk_100mhz (IN)
                         net (fo=0)                   0.000     0.000    clk_100mhz
    N15                  IBUF (Prop_ibuf_I_O)         1.440     1.440 r  clk_100mhz_IBUF_inst/O
                         net (fo=1, estimated)        1.972     3.412    clk_100mhz_IBUF
    BUFGCTRL_X0Y0        BUFG (Prop_bufg_I_O)         0.096     3.508 r  clk_100mhz_IBUF_BUFG_inst/O
                         net (fo=450, estimated)      1.806     5.314    my_manta/urx/clk_100mhz_IBUF_BUFG
    SLICE_X7Y104         FDRE                                         r  my_manta/urx/baud_counter_reg[0]/C
  -------------------------------------------------------------------    -------------------
    SLICE_X7Y104         FDRE (Prop_fdre_C_Q)         0.419     5.733 f  my_manta/urx/baud_counter_reg[0]/Q
                         net (fo=3, estimated)        0.827     6.560    my_manta/urx/baud_counter[0]
    SLICE_X6Y104         LUT4 (Prop_lut4_I0_O)        0.296     6.856 r  my_manta/urx/state[3]_i_5/O
                         net (fo=1, estimated)        0.782     7.638    my_manta/urx/state[3]_i_5_n_0
    SLICE_X6Y106         LUT4 (Prop_lut4_I1_O)        0.124     7.762 r  my_manta/urx/state[3]_i_3/O
                         net (fo=5, estimated)        0.890     8.652    my_manta/urx/state[3]_i_3_n_0
    SLICE_X9Y106         LUT5 (Prop_lut5_I4_O)        0.153     8.805 r  my_manta/urx/state[3]_i_1/O
                         net (fo=18, estimated)       0.789     9.594    my_manta/urx/state[3]_i_1_n_0
    SLICE_X7Y104         FDRE                                         r  my_manta/urx/baud_counter_reg[0]/R
  -------------------------------------------------------------------    -------------------

                         (clock gclk rise edge)      10.000    10.000 r  
    N15                                               0.000    10.000 r  clk_100mhz (IN)
                         net (fo=0)                   0.000    10.000    clk_100mhz
    N15                  IBUF (Prop_ibuf_I_O)         1.370    11.370 r  clk_100mhz_IBUF_inst/O
                         net (fo=1, estimated)        1.873    13.244    clk_100mhz_IBUF
    BUFGCTRL_X0Y0        BUFG (Prop_bufg_I_O)         0.091    13.335 r  clk_100mhz_IBUF_BUFG_inst/O
                         net (fo=450, estimated)      1.679    15.014    my_manta/urx/clk_100mhz_IBUF_BUFG
    SLICE_X7Y104         FDRE                                         r  my_manta/urx/baud_counter_reg[0]/C
                         clock pessimism              0.276    15.289    
                         clock uncertainty           -0.035    15.254    
    SLICE_X7Y104         FDRE (Setup_fdre_C_R)       -0.632    14.622    my_manta/urx/baud_counter_reg[0]
  -------------------------------------------------------------------
                         required time                         14.622    
                         arrival time                          -9.594    
  -------------------------------------------------------------------
                         slack                                  5.028    




