<<<<<<< HEAD
Design Route Status
                                               :      # nets :
   ------------------------------------------- : ----------- :
   # of logical nets.......................... :         835 :
       # of nets not needing routing.......... :         138 :
           # of internally routed nets........ :         138 :
       # of routable nets..................... :         697 :
           # of fully routed nets............. :         697 :
       # of nets with routing errors.......... :           0 :
   ------------------------------------------- : ----------- :

||||||| c064a01
=======
Design Route Status
                                               :      # nets :
   ------------------------------------------- : ----------- :
   # of logical nets.......................... :         836 :
       # of nets not needing routing.......... :         135 :
           # of internally routed nets........ :         135 :
       # of routable nets..................... :         701 :
           # of fully routed nets............. :         701 :
       # of nets with routing errors.......... :           0 :
   ------------------------------------------- : ----------- :

>>>>>>> bf0e13e4a5cf0222b03a0b6f164116cfa02bc6c7
